ERROR - 2023-01-08 05:06:18 --> Error connecting to the database: mysqli_sql_exception: No connection could be made because the target machine actively refused it in C:\xampp\htdocs\sias\vendor\codeigniter4\framework\system\Database\MySQLi\Connection.php:171
Stack trace:
#0 C:\xampp\htdocs\sias\vendor\codeigniter4\framework\system\Database\MySQLi\Connection.php(171): mysqli->real_connect('localhost', 'root', '', 'sias', 3306, '', 0)
#1 C:\xampp\htdocs\sias\vendor\codeigniter4\framework\system\Database\BaseConnection.php(382): CodeIgniter\Database\MySQLi\Connection->connect(false)
#2 C:\xampp\htdocs\sias\vendor\codeigniter4\framework\system\Database\BaseConnection.php(561): CodeIgniter\Database\BaseConnection->initialize()
#3 C:\xampp\htdocs\sias\vendor\codeigniter4\framework\system\Database\BaseBuilder.php(1585): CodeIgniter\Database\BaseConnection->query('SELECT *\nFROM `...', Array, false)
#4 C:\xampp\htdocs\sias\app\Views\template_front_end.php(6): CodeIgniter\Database\BaseBuilder->get()
#5 C:\xampp\htdocs\sias\vendor\codeigniter4\framework\system\View\View.php(213): include('C:\\xampp\\htdocs...')
#6 C:\xampp\htdocs\sias\vendor\codeigniter4\framework\system\View\View.php(216): CodeIgniter\View\View->CodeIgniter\View\{closure}()
#7 C:\xampp\htdocs\sias\vendor\codeigniter4\framework\system\Common.php(1134): CodeIgniter\View\View->render('template_front_...', Array, true)
#8 C:\xampp\htdocs\sias\app\Controllers\Home.php(26): view('template_front_...', Array)
#9 C:\xampp\htdocs\sias\vendor\codeigniter4\framework\system\CodeIgniter.php(927): App\Controllers\Home->index()
#10 C:\xampp\htdocs\sias\vendor\codeigniter4\framework\system\CodeIgniter.php(482): CodeIgniter\CodeIgniter->runController(Object(App\Controllers\Home))
#11 C:\xampp\htdocs\sias\vendor\codeigniter4\framework\system\CodeIgniter.php(351): CodeIgniter\CodeIgniter->handleRequest(NULL, Object(Config\Cache), false)
#12 C:\xampp\htdocs\sias\public\index.php(67): CodeIgniter\CodeIgniter->run()
#13 C:\xampp\htdocs\sias\vendor\codeigniter4\framework\system\Commands\Server\rewrite.php(46): require_once('C:\\xampp\\htdocs...')
#14 {main}

Next CodeIgniter\Database\Exceptions\DatabaseException: No connection could be made because the target machine actively refused it in C:\xampp\htdocs\sias\vendor\codeigniter4\framework\system\Database\MySQLi\Connection.php:215
Stack trace:
#0 C:\xampp\htdocs\sias\vendor\codeigniter4\framework\system\Database\BaseConnection.php(382): CodeIgniter\Database\MySQLi\Connection->connect(false)
#1 C:\xampp\htdocs\sias\vendor\codeigniter4\framework\system\Database\BaseConnection.php(561): CodeIgniter\Database\BaseConnection->initialize()
#2 C:\xampp\htdocs\sias\vendor\codeigniter4\framework\system\Database\BaseBuilder.php(1585): CodeIgniter\Database\BaseConnection->query('SELECT *\nFROM `...', Array, false)
#3 C:\xampp\htdocs\sias\app\Views\template_front_end.php(6): CodeIgniter\Database\BaseBuilder->get()
#4 C:\xampp\htdocs\sias\vendor\codeigniter4\framework\system\View\View.php(213): include('C:\\xampp\\htdocs...')
#5 C:\xampp\htdocs\sias\vendor\codeigniter4\framework\system\View\View.php(216): CodeIgniter\View\View->CodeIgniter\View\{closure}()
#6 C:\xampp\htdocs\sias\vendor\codeigniter4\framework\system\Common.php(1134): CodeIgniter\View\View->render('template_front_...', Array, true)
#7 C:\xampp\htdocs\sias\app\Controllers\Home.php(26): view('template_front_...', Array)
#8 C:\xampp\htdocs\sias\vendor\codeigniter4\framework\system\CodeIgniter.php(927): App\Controllers\Home->index()
#9 C:\xampp\htdocs\sias\vendor\codeigniter4\framework\system\CodeIgniter.php(482): CodeIgniter\CodeIgniter->runController(Object(App\Controllers\Home))
#10 C:\xampp\htdocs\sias\vendor\codeigniter4\framework\system\CodeIgniter.php(351): CodeIgniter\CodeIgniter->handleRequest(NULL, Object(Config\Cache), false)
#11 C:\xampp\htdocs\sias\public\index.php(67): CodeIgniter\CodeIgniter->run()
#12 C:\xampp\htdocs\sias\vendor\codeigniter4\framework\system\Commands\Server\rewrite.php(46): require_once('C:\\xampp\\htdocs...')
#13 {main}
CRITICAL - 2023-01-08 05:06:18 --> Unable to connect to the database.
Main connection [MySQLi]: No connection could be made because the target machine actively refused it
in SYSTEMPATH\Database\BaseConnection.php on line 418.
 1 SYSTEMPATH\Database\BaseConnection.php(561): CodeIgniter\Database\BaseConnection->initialize()
 2 SYSTEMPATH\Database\BaseBuilder.php(1585): CodeIgniter\Database\BaseConnection->query('SELECT *
FROM `tbl_sekolah`
WHERE `id_sekolah` = :id_sekolah:', [...], false)
 3 APPPATH\Views\template_front_end.php(6): CodeIgniter\Database\BaseBuilder->get()
 4 SYSTEMPATH\View\View.php(213): include('APPPATH\\Views\\template_front_end.php')
 5 SYSTEMPATH\View\View.php(216): CodeIgniter\View\View->CodeIgniter\View\{closure}()
 6 SYSTEMPATH\Common.php(1134): CodeIgniter\View\View->render('template_front_end', [], true)
 7 APPPATH\Controllers\Home.php(26): view('template_front_end', [...])
 8 SYSTEMPATH\CodeIgniter.php(927): App\Controllers\Home->index()
 9 SYSTEMPATH\CodeIgniter.php(482): CodeIgniter\CodeIgniter->runController(Object(App\Controllers\Home))
10 SYSTEMPATH\CodeIgniter.php(351): CodeIgniter\CodeIgniter->handleRequest(null, Object(Config\Cache), false)
11 FCPATH\index.php(67): CodeIgniter\CodeIgniter->run()
12 SYSTEMPATH\Commands\Server\rewrite.php(46): require_once('FCPATH\\index.php')
ERROR - 2023-01-08 05:06:28 --> Error connecting to the database: mysqli_sql_exception: No connection could be made because the target machine actively refused it in C:\xampp\htdocs\sias\vendor\codeigniter4\framework\system\Database\MySQLi\Connection.php:171
Stack trace:
#0 C:\xampp\htdocs\sias\vendor\codeigniter4\framework\system\Database\MySQLi\Connection.php(171): mysqli->real_connect('localhost', 'root', '', 'sias', 3306, '', 0)
#1 C:\xampp\htdocs\sias\vendor\codeigniter4\framework\system\Database\BaseConnection.php(382): CodeIgniter\Database\MySQLi\Connection->connect(false)
#2 C:\xampp\htdocs\sias\vendor\codeigniter4\framework\system\Database\BaseConnection.php(561): CodeIgniter\Database\BaseConnection->initialize()
#3 C:\xampp\htdocs\sias\vendor\codeigniter4\framework\system\Database\BaseBuilder.php(1585): CodeIgniter\Database\BaseConnection->query('SELECT *\nFROM `...', Array, false)
#4 C:\xampp\htdocs\sias\app\Models\ModelSekolah.php(13): CodeIgniter\Database\BaseBuilder->get()
#5 C:\xampp\htdocs\sias\app\Controllers\Auth.php(23): App\Models\ModelSekolah->DetailData()
#6 C:\xampp\htdocs\sias\vendor\codeigniter4\framework\system\CodeIgniter.php(927): App\Controllers\Auth->index()
#7 C:\xampp\htdocs\sias\vendor\codeigniter4\framework\system\CodeIgniter.php(482): CodeIgniter\CodeIgniter->runController(Object(App\Controllers\Auth))
#8 C:\xampp\htdocs\sias\vendor\codeigniter4\framework\system\CodeIgniter.php(351): CodeIgniter\CodeIgniter->handleRequest(NULL, Object(Config\Cache), false)
#9 C:\xampp\htdocs\sias\public\index.php(67): CodeIgniter\CodeIgniter->run()
#10 C:\xampp\htdocs\sias\vendor\codeigniter4\framework\system\Commands\Server\rewrite.php(46): require_once('C:\\xampp\\htdocs...')
#11 {main}

Next CodeIgniter\Database\Exceptions\DatabaseException: No connection could be made because the target machine actively refused it in C:\xampp\htdocs\sias\vendor\codeigniter4\framework\system\Database\MySQLi\Connection.php:215
Stack trace:
#0 C:\xampp\htdocs\sias\vendor\codeigniter4\framework\system\Database\BaseConnection.php(382): CodeIgniter\Database\MySQLi\Connection->connect(false)
#1 C:\xampp\htdocs\sias\vendor\codeigniter4\framework\system\Database\BaseConnection.php(561): CodeIgniter\Database\BaseConnection->initialize()
#2 C:\xampp\htdocs\sias\vendor\codeigniter4\framework\system\Database\BaseBuilder.php(1585): CodeIgniter\Database\BaseConnection->query('SELECT *\nFROM `...', Array, false)
#3 C:\xampp\htdocs\sias\app\Models\ModelSekolah.php(13): CodeIgniter\Database\BaseBuilder->get()
#4 C:\xampp\htdocs\sias\app\Controllers\Auth.php(23): App\Models\ModelSekolah->DetailData()
#5 C:\xampp\htdocs\sias\vendor\codeigniter4\framework\system\CodeIgniter.php(927): App\Controllers\Auth->index()
#6 C:\xampp\htdocs\sias\vendor\codeigniter4\framework\system\CodeIgniter.php(482): CodeIgniter\CodeIgniter->runController(Object(App\Controllers\Auth))
#7 C:\xampp\htdocs\sias\vendor\codeigniter4\framework\system\CodeIgniter.php(351): CodeIgniter\CodeIgniter->handleRequest(NULL, Object(Config\Cache), false)
#8 C:\xampp\htdocs\sias\public\index.php(67): CodeIgniter\CodeIgniter->run()
#9 C:\xampp\htdocs\sias\vendor\codeigniter4\framework\system\Commands\Server\rewrite.php(46): require_once('C:\\xampp\\htdocs...')
#10 {main}
CRITICAL - 2023-01-08 05:06:28 --> Unable to connect to the database.
Main connection [MySQLi]: No connection could be made because the target machine actively refused it
in SYSTEMPATH\Database\BaseConnection.php on line 418.
 1 SYSTEMPATH\Database\BaseConnection.php(561): CodeIgniter\Database\BaseConnection->initialize()
 2 SYSTEMPATH\Database\BaseBuilder.php(1585): CodeIgniter\Database\BaseConnection->query('SELECT *
FROM `tbl_sekolah`
WHERE `id_sekolah` = :id_sekolah:', [...], false)
 3 APPPATH\Models\ModelSekolah.php(13): CodeIgniter\Database\BaseBuilder->get()
 4 APPPATH\Controllers\Auth.php(23): App\Models\ModelSekolah->DetailData()
 5 SYSTEMPATH\CodeIgniter.php(927): App\Controllers\Auth->index()
 6 SYSTEMPATH\CodeIgniter.php(482): CodeIgniter\CodeIgniter->runController(Object(App\Controllers\Auth))
 7 SYSTEMPATH\CodeIgniter.php(351): CodeIgniter\CodeIgniter->handleRequest(null, Object(Config\Cache), false)
 8 FCPATH\index.php(67): CodeIgniter\CodeIgniter->run()
 9 SYSTEMPATH\Commands\Server\rewrite.php(46): require_once('FCPATH\\index.php')
CRITICAL - 2023-01-08 05:52:49 --> Undefined array key "id_berita"
in APPPATH\Views\guru\v_guru.php on line 52.
 1 APPPATH\Views\guru\v_guru.php(52): CodeIgniter\Debug\Exceptions->errorHandler(2, 'Undefined array key "id_berita"', 'APPPATH\\Views\\guru\\v_guru.php', 52)
 2 SYSTEMPATH\View\View.php(213): include('APPPATH\\Views\\guru\\v_guru.php')
 3 SYSTEMPATH\View\View.php(216): CodeIgniter\View\View->CodeIgniter\View\{closure}()
 4 SYSTEMPATH\Common.php(1134): CodeIgniter\View\View->render('guru/v_guru', [], true)
 5 APPPATH\Views\template_admin.php(244): view('guru/v_guru')
 6 SYSTEMPATH\View\View.php(213): include('APPPATH\\Views\\template_admin.php')
 7 SYSTEMPATH\View\View.php(216): CodeIgniter\View\View->CodeIgniter\View\{closure}()
 8 SYSTEMPATH\Common.php(1134): CodeIgniter\View\View->render('template_admin', [], true)
 9 APPPATH\Controllers\Guru.php(24): view('template_admin', [...])
10 SYSTEMPATH\CodeIgniter.php(927): App\Controllers\Guru->index()
11 SYSTEMPATH\CodeIgniter.php(482): CodeIgniter\CodeIgniter->runController(Object(App\Controllers\Guru))
12 SYSTEMPATH\CodeIgniter.php(351): CodeIgniter\CodeIgniter->handleRequest(null, Object(Config\Cache), false)
13 FCPATH\index.php(67): CodeIgniter\CodeIgniter->run()
14 SYSTEMPATH\Commands\Server\rewrite.php(46): require_once('FCPATH\\index.php')
CRITICAL - 2023-01-08 06:51:17 --> Undefined property: App\Controllers\Berita::$load
in APPPATH\Controllers\Berita.php on line 12.
 1 APPPATH\Controllers\Berita.php(12): CodeIgniter\Debug\Exceptions->errorHandler(2, 'Undefined property: App\\Controllers\\Berita::$load', 'APPPATH\\Controllers\\Berita.php', 12)
 2 SYSTEMPATH\CodeIgniter.php(889): App\Controllers\Berita->__construct()
 3 SYSTEMPATH\CodeIgniter.php(473): CodeIgniter\CodeIgniter->createController()
 4 SYSTEMPATH\CodeIgniter.php(351): CodeIgniter\CodeIgniter->handleRequest(null, Object(Config\Cache), false)
 5 FCPATH\index.php(67): CodeIgniter\CodeIgniter->run()
 6 SYSTEMPATH\Commands\Server\rewrite.php(46): require_once('FCPATH\\index.php')
ERROR - 2023-01-08 12:35:42 --> Error connecting to the database: mysqli_sql_exception: No connection could be made because the target machine actively refused it in C:\xampp\htdocs\sias\vendor\codeigniter4\framework\system\Database\MySQLi\Connection.php:171
Stack trace:
#0 C:\xampp\htdocs\sias\vendor\codeigniter4\framework\system\Database\MySQLi\Connection.php(171): mysqli->real_connect('localhost', 'root', '', 'sias', 3306, '', 0)
#1 C:\xampp\htdocs\sias\vendor\codeigniter4\framework\system\Database\BaseConnection.php(382): CodeIgniter\Database\MySQLi\Connection->connect(false)
#2 C:\xampp\htdocs\sias\vendor\codeigniter4\framework\system\Database\BaseConnection.php(561): CodeIgniter\Database\BaseConnection->initialize()
#3 C:\xampp\htdocs\sias\vendor\codeigniter4\framework\system\Database\BaseBuilder.php(1585): CodeIgniter\Database\BaseConnection->query('SELECT *\nFROM `...', Array, false)
#4 C:\xampp\htdocs\sias\app\Views\template_front_end.php(6): CodeIgniter\Database\BaseBuilder->get()
#5 C:\xampp\htdocs\sias\vendor\codeigniter4\framework\system\View\View.php(213): include('C:\\xampp\\htdocs...')
#6 C:\xampp\htdocs\sias\vendor\codeigniter4\framework\system\View\View.php(216): CodeIgniter\View\View->CodeIgniter\View\{closure}()
#7 C:\xampp\htdocs\sias\vendor\codeigniter4\framework\system\Common.php(1134): CodeIgniter\View\View->render('template_front_...', Array, true)
#8 C:\xampp\htdocs\sias\app\Controllers\Home.php(26): view('template_front_...', Array)
#9 C:\xampp\htdocs\sias\vendor\codeigniter4\framework\system\CodeIgniter.php(927): App\Controllers\Home->index()
#10 C:\xampp\htdocs\sias\vendor\codeigniter4\framework\system\CodeIgniter.php(482): CodeIgniter\CodeIgniter->runController(Object(App\Controllers\Home))
#11 C:\xampp\htdocs\sias\vendor\codeigniter4\framework\system\CodeIgniter.php(351): CodeIgniter\CodeIgniter->handleRequest(NULL, Object(Config\Cache), false)
#12 C:\xampp\htdocs\sias\public\index.php(67): CodeIgniter\CodeIgniter->run()
#13 C:\xampp\htdocs\sias\vendor\codeigniter4\framework\system\Commands\Server\rewrite.php(46): require_once('C:\\xampp\\htdocs...')
#14 {main}

Next CodeIgniter\Database\Exceptions\DatabaseException: No connection could be made because the target machine actively refused it in C:\xampp\htdocs\sias\vendor\codeigniter4\framework\system\Database\MySQLi\Connection.php:215
Stack trace:
#0 C:\xampp\htdocs\sias\vendor\codeigniter4\framework\system\Database\BaseConnection.php(382): CodeIgniter\Database\MySQLi\Connection->connect(false)
#1 C:\xampp\htdocs\sias\vendor\codeigniter4\framework\system\Database\BaseConnection.php(561): CodeIgniter\Database\BaseConnection->initialize()
#2 C:\xampp\htdocs\sias\vendor\codeigniter4\framework\system\Database\BaseBuilder.php(1585): CodeIgniter\Database\BaseConnection->query('SELECT *\nFROM `...', Array, false)
#3 C:\xampp\htdocs\sias\app\Views\template_front_end.php(6): CodeIgniter\Database\BaseBuilder->get()
#4 C:\xampp\htdocs\sias\vendor\codeigniter4\framework\system\View\View.php(213): include('C:\\xampp\\htdocs...')
#5 C:\xampp\htdocs\sias\vendor\codeigniter4\framework\system\View\View.php(216): CodeIgniter\View\View->CodeIgniter\View\{closure}()
#6 C:\xampp\htdocs\sias\vendor\codeigniter4\framework\system\Common.php(1134): CodeIgniter\View\View->render('template_front_...', Array, true)
#7 C:\xampp\htdocs\sias\app\Controllers\Home.php(26): view('template_front_...', Array)
#8 C:\xampp\htdocs\sias\vendor\codeigniter4\framework\system\CodeIgniter.php(927): App\Controllers\Home->index()
#9 C:\xampp\htdocs\sias\vendor\codeigniter4\framework\system\CodeIgniter.php(482): CodeIgniter\CodeIgniter->runController(Object(App\Controllers\Home))
#10 C:\xampp\htdocs\sias\vendor\codeigniter4\framework\system\CodeIgniter.php(351): CodeIgniter\CodeIgniter->handleRequest(NULL, Object(Config\Cache), false)
#11 C:\xampp\htdocs\sias\public\index.php(67): CodeIgniter\CodeIgniter->run()
#12 C:\xampp\htdocs\sias\vendor\codeigniter4\framework\system\Commands\Server\rewrite.php(46): require_once('C:\\xampp\\htdocs...')
#13 {main}
CRITICAL - 2023-01-08 12:35:42 --> Unable to connect to the database.
Main connection [MySQLi]: No connection could be made because the target machine actively refused it
in SYSTEMPATH\Database\BaseConnection.php on line 418.
 1 SYSTEMPATH\Database\BaseConnection.php(561): CodeIgniter\Database\BaseConnection->initialize()
 2 SYSTEMPATH\Database\BaseBuilder.php(1585): CodeIgniter\Database\BaseConnection->query('SELECT *
FROM `tbl_sekolah`
WHERE `id_sekolah` = :id_sekolah:', [...], false)
 3 APPPATH\Views\template_front_end.php(6): CodeIgniter\Database\BaseBuilder->get()
 4 SYSTEMPATH\View\View.php(213): include('APPPATH\\Views\\template_front_end.php')
 5 SYSTEMPATH\View\View.php(216): CodeIgniter\View\View->CodeIgniter\View\{closure}()
 6 SYSTEMPATH\Common.php(1134): CodeIgniter\View\View->render('template_front_end', [], true)
 7 APPPATH\Controllers\Home.php(26): view('template_front_end', [...])
 8 SYSTEMPATH\CodeIgniter.php(927): App\Controllers\Home->index()
 9 SYSTEMPATH\CodeIgniter.php(482): CodeIgniter\CodeIgniter->runController(Object(App\Controllers\Home))
10 SYSTEMPATH\CodeIgniter.php(351): CodeIgniter\CodeIgniter->handleRequest(null, Object(Config\Cache), false)
11 FCPATH\index.php(67): CodeIgniter\CodeIgniter->run()
12 SYSTEMPATH\Commands\Server\rewrite.php(46): require_once('FCPATH\\index.php')
CRITICAL - 2023-01-08 12:45:08 --> You must set the database table to be used with your query.
in SYSTEMPATH\Database\BaseConnection.php on line 845.
 1 SYSTEMPATH\Model.php(587): CodeIgniter\Database\BaseConnection->table(null)
 2 SYSTEMPATH\Model.php(551): CodeIgniter\Model->builder()
 3 SYSTEMPATH\BaseModel.php(1106): CodeIgniter\Model->countAllResults(false)
 4 APPPATH\Controllers\Home.php(70): CodeIgniter\BaseModel->paginate(4, 'berita')
 5 SYSTEMPATH\CodeIgniter.php(927): App\Controllers\Home->Guru()
 6 SYSTEMPATH\CodeIgniter.php(482): CodeIgniter\CodeIgniter->runController(Object(App\Controllers\Home))
 7 SYSTEMPATH\CodeIgniter.php(351): CodeIgniter\CodeIgniter->handleRequest(null, Object(Config\Cache), false)
 8 FCPATH\index.php(67): CodeIgniter\CodeIgniter->run()
 9 SYSTEMPATH\Commands\Server\rewrite.php(46): require_once('FCPATH\\index.php')
CRITICAL - 2023-01-08 12:45:58 --> You must set the database table to be used with your query.
in SYSTEMPATH\Database\BaseConnection.php on line 845.
 1 SYSTEMPATH\Model.php(587): CodeIgniter\Database\BaseConnection->table(null)
 2 SYSTEMPATH\Model.php(551): CodeIgniter\Model->builder()
 3 SYSTEMPATH\BaseModel.php(1106): CodeIgniter\Model->countAllResults(false)
 4 APPPATH\Controllers\Home.php(70): CodeIgniter\BaseModel->paginate(4, 'berita')
 5 SYSTEMPATH\CodeIgniter.php(927): App\Controllers\Home->Guru()
 6 SYSTEMPATH\CodeIgniter.php(482): CodeIgniter\CodeIgniter->runController(Object(App\Controllers\Home))
 7 SYSTEMPATH\CodeIgniter.php(351): CodeIgniter\CodeIgniter->handleRequest(null, Object(Config\Cache), false)
 8 FCPATH\index.php(67): CodeIgniter\CodeIgniter->run()
 9 SYSTEMPATH\Commands\Server\rewrite.php(46): require_once('FCPATH\\index.php')
CRITICAL - 2023-01-08 12:46:21 --> You must set the database table to be used with your query.
in SYSTEMPATH\Database\BaseConnection.php on line 845.
 1 SYSTEMPATH\Model.php(587): CodeIgniter\Database\BaseConnection->table(null)
 2 SYSTEMPATH\Model.php(551): CodeIgniter\Model->builder()
 3 SYSTEMPATH\BaseModel.php(1106): CodeIgniter\Model->countAllResults(false)
 4 APPPATH\Controllers\Home.php(70): CodeIgniter\BaseModel->paginate(4, 'guru')
 5 SYSTEMPATH\CodeIgniter.php(927): App\Controllers\Home->Guru()
 6 SYSTEMPATH\CodeIgniter.php(482): CodeIgniter\CodeIgniter->runController(Object(App\Controllers\Home))
 7 SYSTEMPATH\CodeIgniter.php(351): CodeIgniter\CodeIgniter->handleRequest(null, Object(Config\Cache), false)
 8 FCPATH\index.php(67): CodeIgniter\CodeIgniter->run()
 9 SYSTEMPATH\Commands\Server\rewrite.php(46): require_once('FCPATH\\index.php')
CRITICAL - 2023-01-08 12:49:36 --> You must set the database table to be used with your query.
in SYSTEMPATH\Database\BaseConnection.php on line 845.
 1 SYSTEMPATH\Model.php(587): CodeIgniter\Database\BaseConnection->table(null)
 2 SYSTEMPATH\Model.php(551): CodeIgniter\Model->builder()
 3 SYSTEMPATH\BaseModel.php(1106): CodeIgniter\Model->countAllResults(false)
 4 APPPATH\Controllers\Home.php(70): CodeIgniter\BaseModel->paginate(4, 'guru')
 5 SYSTEMPATH\CodeIgniter.php(927): App\Controllers\Home->Guru()
 6 SYSTEMPATH\CodeIgniter.php(482): CodeIgniter\CodeIgniter->runController(Object(App\Controllers\Home))
 7 SYSTEMPATH\CodeIgniter.php(351): CodeIgniter\CodeIgniter->handleRequest(null, Object(Config\Cache), false)
 8 FCPATH\index.php(67): CodeIgniter\CodeIgniter->run()
 9 SYSTEMPATH\Commands\Server\rewrite.php(46): require_once('FCPATH\\index.php')
CRITICAL - 2023-01-08 13:15:09 --> syntax error, unexpected token "=", expecting "->" or "?->" or "{" or "["
in APPPATH\Views\front-end\v_guru.php on line 30.
 1 SYSTEMPATH\View\View.php(216): CodeIgniter\View\View->CodeIgniter\View\{closure}()
 2 SYSTEMPATH\Common.php(1134): CodeIgniter\View\View->render('front-end/v_guru', [], true)
 3 APPPATH\Views\template_front_end.php(214): view('front-end/v_guru')
 4 SYSTEMPATH\View\View.php(213): include('APPPATH\\Views\\template_front_end.php')
 5 SYSTEMPATH\View\View.php(216): CodeIgniter\View\View->CodeIgniter\View\{closure}()
 6 SYSTEMPATH\Common.php(1134): CodeIgniter\View\View->render('template_front_end', [], true)
 7 APPPATH\Controllers\Home.php(74): view('template_front_end', [...])
 8 SYSTEMPATH\CodeIgniter.php(927): App\Controllers\Home->Guru()
 9 SYSTEMPATH\CodeIgniter.php(482): CodeIgniter\CodeIgniter->runController(Object(App\Controllers\Home))
10 SYSTEMPATH\CodeIgniter.php(351): CodeIgniter\CodeIgniter->handleRequest(null, Object(Config\Cache), false)
11 FCPATH\index.php(67): CodeIgniter\CodeIgniter->run()
12 SYSTEMPATH\Commands\Server\rewrite.php(46): require_once('FCPATH\\index.php')
CRITICAL - 2023-01-08 13:15:23 --> syntax error, unexpected token "==", expecting "->" or "?->" or "{" or "["
in APPPATH\Views\front-end\v_guru.php on line 30.
 1 SYSTEMPATH\View\View.php(216): CodeIgniter\View\View->CodeIgniter\View\{closure}()
 2 SYSTEMPATH\Common.php(1134): CodeIgniter\View\View->render('front-end/v_guru', [], true)
 3 APPPATH\Views\template_front_end.php(214): view('front-end/v_guru')
 4 SYSTEMPATH\View\View.php(213): include('APPPATH\\Views\\template_front_end.php')
 5 SYSTEMPATH\View\View.php(216): CodeIgniter\View\View->CodeIgniter\View\{closure}()
 6 SYSTEMPATH\Common.php(1134): CodeIgniter\View\View->render('template_front_end', [], true)
 7 APPPATH\Controllers\Home.php(74): view('template_front_end', [...])
 8 SYSTEMPATH\CodeIgniter.php(927): App\Controllers\Home->Guru()
 9 SYSTEMPATH\CodeIgniter.php(482): CodeIgniter\CodeIgniter->runController(Object(App\Controllers\Home))
10 SYSTEMPATH\CodeIgniter.php(351): CodeIgniter\CodeIgniter->handleRequest(null, Object(Config\Cache), false)
11 FCPATH\index.php(67): CodeIgniter\CodeIgniter->run()
12 SYSTEMPATH\Commands\Server\rewrite.php(46): require_once('FCPATH\\index.php')
CRITICAL - 2023-01-08 16:25:11 --> syntax error, unexpected token ";", expecting "]"
in APPPATH\Controllers\Guru.php on line 108.
 1 SYSTEMPATH\Autoloader\Autoloader.php(259): CodeIgniter\Autoloader\Autoloader->includeFile('APPPATH\\Controllers\\Guru.php')
 2 SYSTEMPATH\Autoloader\Autoloader.php(237): CodeIgniter\Autoloader\Autoloader->loadInNamespace('App\\Controllers\\Guru')
 3 [internal function]: CodeIgniter\Autoloader\Autoloader->loadClass('App\\Controllers\\Guru')
 4 SYSTEMPATH\CodeIgniter.php(877): class_exists('\\App\\Controllers\\Guru', true)
 5 SYSTEMPATH\CodeIgniter.php(469): CodeIgniter\CodeIgniter->startController()
 6 SYSTEMPATH\CodeIgniter.php(351): CodeIgniter\CodeIgniter->handleRequest(null, Object(Config\Cache), false)
 7 FCPATH\index.php(67): CodeIgniter\CodeIgniter->run()
 8 SYSTEMPATH\Commands\Server\rewrite.php(46): require_once('FCPATH\\index.php')
CRITICAL - 2023-01-08 16:27:10 --> Undefined variable $value
in APPPATH\Views\guru\v_edit.php on line 18.
 1 APPPATH\Views\guru\v_edit.php(18): CodeIgniter\Debug\Exceptions->errorHandler(2, 'Undefined variable $value', 'APPPATH\\Views\\guru\\v_edit.php', 18)
 2 SYSTEMPATH\View\View.php(213): include('APPPATH\\Views\\guru\\v_edit.php')
 3 SYSTEMPATH\View\View.php(216): CodeIgniter\View\View->CodeIgniter\View\{closure}()
 4 SYSTEMPATH\Common.php(1134): CodeIgniter\View\View->render('guru/v_edit', [], true)
 5 APPPATH\Views\template_admin.php(244): view('guru/v_edit')
 6 SYSTEMPATH\View\View.php(213): include('APPPATH\\Views\\template_admin.php')
 7 SYSTEMPATH\View\View.php(216): CodeIgniter\View\View->CodeIgniter\View\{closure}()
 8 SYSTEMPATH\Common.php(1134): CodeIgniter\View\View->render('template_admin', [], true)
 9 APPPATH\Controllers\Guru.php(110): view('template_admin', [...])
10 SYSTEMPATH\CodeIgniter.php(927): App\Controllers\Guru->EditData('1')
11 SYSTEMPATH\CodeIgniter.php(482): CodeIgniter\CodeIgniter->runController(Object(App\Controllers\Guru))
12 SYSTEMPATH\CodeIgniter.php(351): CodeIgniter\CodeIgniter->handleRequest(null, Object(Config\Cache), false)
13 FCPATH\index.php(67): CodeIgniter\CodeIgniter->run()
14 SYSTEMPATH\Commands\Server\rewrite.php(46): require_once('FCPATH\\index.php')
CRITICAL - 2023-01-08 16:34:50 --> Undefined array key "foto"
in APPPATH\Views\guru\v_edit.php on line 102.
 1 APPPATH\Views\guru\v_edit.php(102): CodeIgniter\Debug\Exceptions->errorHandler(2, 'Undefined array key "foto"', 'APPPATH\\Views\\guru\\v_edit.php', 102)
 2 SYSTEMPATH\View\View.php(213): include('APPPATH\\Views\\guru\\v_edit.php')
 3 SYSTEMPATH\View\View.php(216): CodeIgniter\View\View->CodeIgniter\View\{closure}()
 4 SYSTEMPATH\Common.php(1134): CodeIgniter\View\View->render('guru/v_edit', [], true)
 5 APPPATH\Views\template_admin.php(244): view('guru/v_edit')
 6 SYSTEMPATH\View\View.php(213): include('APPPATH\\Views\\template_admin.php')
 7 SYSTEMPATH\View\View.php(216): CodeIgniter\View\View->CodeIgniter\View\{closure}()
 8 SYSTEMPATH\Common.php(1134): CodeIgniter\View\View->render('template_admin', [], true)
 9 APPPATH\Controllers\Guru.php(110): view('template_admin', [...])
10 SYSTEMPATH\CodeIgniter.php(927): App\Controllers\Guru->EditData('3')
11 SYSTEMPATH\CodeIgniter.php(482): CodeIgniter\CodeIgniter->runController(Object(App\Controllers\Guru))
12 SYSTEMPATH\CodeIgniter.php(351): CodeIgniter\CodeIgniter->handleRequest(null, Object(Config\Cache), false)
13 FCPATH\index.php(67): CodeIgniter\CodeIgniter->run()
14 SYSTEMPATH\Commands\Server\rewrite.php(46): require_once('FCPATH\\index.php')
CRITICAL - 2023-01-08 20:03:22 --> syntax error, unexpected token "public", expecting end of file
in APPPATH\Controllers\Guru.php on line 142.
 1 SYSTEMPATH\Autoloader\Autoloader.php(259): CodeIgniter\Autoloader\Autoloader->includeFile('APPPATH\\Controllers\\Guru.php')
 2 SYSTEMPATH\Autoloader\Autoloader.php(237): CodeIgniter\Autoloader\Autoloader->loadInNamespace('App\\Controllers\\Guru')
 3 [internal function]: CodeIgniter\Autoloader\Autoloader->loadClass('App\\Controllers\\Guru')
 4 SYSTEMPATH\CodeIgniter.php(877): class_exists('\\App\\Controllers\\Guru', true)
 5 SYSTEMPATH\CodeIgniter.php(469): CodeIgniter\CodeIgniter->startController()
 6 SYSTEMPATH\CodeIgniter.php(351): CodeIgniter\CodeIgniter->handleRequest(null, Object(Config\Cache), false)
 7 FCPATH\index.php(67): CodeIgniter\CodeIgniter->run()
 8 SYSTEMPATH\Commands\Server\rewrite.php(46): require_once('FCPATH\\index.php')
