CRITICAL - 2023-01-31 05:00:39 --> Undefined array key "sub_kelas"
in APPPATH\Views\siswa\v_siswa.php on line 51.
 1 APPPATH\Views\siswa\v_siswa.php(51): CodeIgniter\Debug\Exceptions->errorHandler(2, 'Undefined array key "sub_kelas"', 'APPPATH\\Views\\siswa\\v_siswa.php', 51)
 2 SYSTEMPATH\View\View.php(213): include('APPPATH\\Views\\siswa\\v_siswa.php')
 3 SYSTEMPATH\View\View.php(216): CodeIgniter\View\View->CodeIgniter\View\{closure}()
 4 SYSTEMPATH\Common.php(1134): CodeIgniter\View\View->render('siswa/v_siswa', [], true)
 5 APPPATH\Views\template_admin.php(298): view('siswa/v_siswa')
 6 SYSTEMPATH\View\View.php(213): include('APPPATH\\Views\\template_admin.php')
 7 SYSTEMPATH\View\View.php(216): CodeIgniter\View\View->CodeIgniter\View\{closure}()
 8 SYSTEMPATH\Common.php(1134): CodeIgniter\View\View->render('template_admin', [], true)
 9 APPPATH\Controllers\Siswa.php(24): view('template_admin', [...])
10 SYSTEMPATH\CodeIgniter.php(927): App\Controllers\Siswa->index()
11 SYSTEMPATH\CodeIgniter.php(482): CodeIgniter\CodeIgniter->runController(Object(App\Controllers\Siswa))
12 SYSTEMPATH\CodeIgniter.php(351): CodeIgniter\CodeIgniter->handleRequest(null, Object(Config\Cache), false)
13 FCPATH\index.php(67): CodeIgniter\CodeIgniter->run()
14 SYSTEMPATH\Commands\Server\rewrite.php(46): require_once('FCPATH\\index.php')
CRITICAL - 2023-01-31 05:02:47 --> Undefined array key "kelas"
in APPPATH\Views\siswa\v_siswa.php on line 54.
 1 APPPATH\Views\siswa\v_siswa.php(54): CodeIgniter\Debug\Exceptions->errorHandler(2, 'Undefined array key "kelas"', 'APPPATH\\Views\\siswa\\v_siswa.php', 54)
 2 SYSTEMPATH\View\View.php(213): include('APPPATH\\Views\\siswa\\v_siswa.php')
 3 SYSTEMPATH\View\View.php(216): CodeIgniter\View\View->CodeIgniter\View\{closure}()
 4 SYSTEMPATH\Common.php(1134): CodeIgniter\View\View->render('siswa/v_siswa', [], true)
 5 APPPATH\Views\template_admin.php(298): view('siswa/v_siswa')
 6 SYSTEMPATH\View\View.php(213): include('APPPATH\\Views\\template_admin.php')
 7 SYSTEMPATH\View\View.php(216): CodeIgniter\View\View->CodeIgniter\View\{closure}()
 8 SYSTEMPATH\Common.php(1134): CodeIgniter\View\View->render('template_admin', [], true)
 9 APPPATH\Controllers\Siswa.php(24): view('template_admin', [...])
10 SYSTEMPATH\CodeIgniter.php(927): App\Controllers\Siswa->index()
11 SYSTEMPATH\CodeIgniter.php(482): CodeIgniter\CodeIgniter->runController(Object(App\Controllers\Siswa))
12 SYSTEMPATH\CodeIgniter.php(351): CodeIgniter\CodeIgniter->handleRequest(null, Object(Config\Cache), false)
13 FCPATH\index.php(67): CodeIgniter\CodeIgniter->run()
14 SYSTEMPATH\Commands\Server\rewrite.php(46): require_once('FCPATH\\index.php')
CRITICAL - 2023-01-31 05:27:23 --> syntax error, unexpected token "=", expecting "->" or "?->" or "{" or "["
in APPPATH\Views\siswa\v_input.php on line 68.
 1 SYSTEMPATH\View\View.php(216): CodeIgniter\View\View->CodeIgniter\View\{closure}()
 2 SYSTEMPATH\Common.php(1134): CodeIgniter\View\View->render('siswa/v_input', [], true)
 3 APPPATH\Views\template_admin.php(298): view('siswa/v_input')
 4 SYSTEMPATH\View\View.php(213): include('APPPATH\\Views\\template_admin.php')
 5 SYSTEMPATH\View\View.php(216): CodeIgniter\View\View->CodeIgniter\View\{closure}()
 6 SYSTEMPATH\Common.php(1134): CodeIgniter\View\View->render('template_admin', [], true)
 7 APPPATH\Controllers\Siswa.php(41): view('template_admin', [...])
 8 SYSTEMPATH\CodeIgniter.php(927): App\Controllers\Siswa->Input()
 9 SYSTEMPATH\CodeIgniter.php(482): CodeIgniter\CodeIgniter->runController(Object(App\Controllers\Siswa))
10 SYSTEMPATH\CodeIgniter.php(351): CodeIgniter\CodeIgniter->handleRequest(null, Object(Config\Cache), false)
11 FCPATH\index.php(67): CodeIgniter\CodeIgniter->run()
12 SYSTEMPATH\Commands\Server\rewrite.php(46): require_once('FCPATH\\index.php')
CRITICAL - 2023-01-31 05:27:42 --> syntax error, unexpected token "==", expecting "->" or "?->" or "{" or "["
in APPPATH\Views\siswa\v_input.php on line 68.
 1 SYSTEMPATH\View\View.php(216): CodeIgniter\View\View->CodeIgniter\View\{closure}()
 2 SYSTEMPATH\Common.php(1134): CodeIgniter\View\View->render('siswa/v_input', [], true)
 3 APPPATH\Views\template_admin.php(298): view('siswa/v_input')
 4 SYSTEMPATH\View\View.php(213): include('APPPATH\\Views\\template_admin.php')
 5 SYSTEMPATH\View\View.php(216): CodeIgniter\View\View->CodeIgniter\View\{closure}()
 6 SYSTEMPATH\Common.php(1134): CodeIgniter\View\View->render('template_admin', [], true)
 7 APPPATH\Controllers\Siswa.php(41): view('template_admin', [...])
 8 SYSTEMPATH\CodeIgniter.php(927): App\Controllers\Siswa->Input()
 9 SYSTEMPATH\CodeIgniter.php(482): CodeIgniter\CodeIgniter->runController(Object(App\Controllers\Siswa))
10 SYSTEMPATH\CodeIgniter.php(351): CodeIgniter\CodeIgniter->handleRequest(null, Object(Config\Cache), false)
11 FCPATH\index.php(67): CodeIgniter\CodeIgniter->run()
12 SYSTEMPATH\Commands\Server\rewrite.php(46): require_once('FCPATH\\index.php')
CRITICAL - 2023-01-31 05:27:56 --> Undefined variable $j
in APPPATH\Views\siswa\v_input.php on line 69.
 1 APPPATH\Views\siswa\v_input.php(69): CodeIgniter\Debug\Exceptions->errorHandler(2, 'Undefined variable $j', 'APPPATH\\Views\\siswa\\v_input.php', 69)
 2 SYSTEMPATH\View\View.php(213): include('APPPATH\\Views\\siswa\\v_input.php')
 3 SYSTEMPATH\View\View.php(216): CodeIgniter\View\View->CodeIgniter\View\{closure}()
 4 SYSTEMPATH\Common.php(1134): CodeIgniter\View\View->render('siswa/v_input', [], true)
 5 APPPATH\Views\template_admin.php(298): view('siswa/v_input')
 6 SYSTEMPATH\View\View.php(213): include('APPPATH\\Views\\template_admin.php')
 7 SYSTEMPATH\View\View.php(216): CodeIgniter\View\View->CodeIgniter\View\{closure}()
 8 SYSTEMPATH\Common.php(1134): CodeIgniter\View\View->render('template_admin', [], true)
 9 APPPATH\Controllers\Siswa.php(41): view('template_admin', [...])
10 SYSTEMPATH\CodeIgniter.php(927): App\Controllers\Siswa->Input()
11 SYSTEMPATH\CodeIgniter.php(482): CodeIgniter\CodeIgniter->runController(Object(App\Controllers\Siswa))
12 SYSTEMPATH\CodeIgniter.php(351): CodeIgniter\CodeIgniter->handleRequest(null, Object(Config\Cache), false)
13 FCPATH\index.php(67): CodeIgniter\CodeIgniter->run()
14 SYSTEMPATH\Commands\Server\rewrite.php(46): require_once('FCPATH\\index.php')
CRITICAL - 2023-01-31 05:47:38 --> Undefined variable $guru
in APPPATH\Views\siswa\v_edit.php on line 11.
 1 APPPATH\Views\siswa\v_edit.php(11): CodeIgniter\Debug\Exceptions->errorHandler(2, 'Undefined variable $guru', 'APPPATH\\Views\\siswa\\v_edit.php', 11)
 2 SYSTEMPATH\View\View.php(213): include('APPPATH\\Views\\siswa\\v_edit.php')
 3 SYSTEMPATH\View\View.php(216): CodeIgniter\View\View->CodeIgniter\View\{closure}()
 4 SYSTEMPATH\Common.php(1134): CodeIgniter\View\View->render('siswa/v_edit', [], true)
 5 APPPATH\Views\template_admin.php(298): view('siswa/v_edit')
 6 SYSTEMPATH\View\View.php(213): include('APPPATH\\Views\\template_admin.php')
 7 SYSTEMPATH\View\View.php(216): CodeIgniter\View\View->CodeIgniter\View\{closure}()
 8 SYSTEMPATH\Common.php(1134): CodeIgniter\View\View->render('template_admin', [], true)
 9 APPPATH\Controllers\Siswa.php(159): view('template_admin', [...])
10 SYSTEMPATH\CodeIgniter.php(927): App\Controllers\Siswa->EditData('3')
11 SYSTEMPATH\CodeIgniter.php(482): CodeIgniter\CodeIgniter->runController(Object(App\Controllers\Siswa))
12 SYSTEMPATH\CodeIgniter.php(351): CodeIgniter\CodeIgniter->handleRequest(null, Object(Config\Cache), false)
13 FCPATH\index.php(67): CodeIgniter\CodeIgniter->run()
14 SYSTEMPATH\Commands\Server\rewrite.php(46): require_once('FCPATH\\index.php')
CRITICAL - 2023-01-31 05:48:43 --> Undefined variable $guru
in APPPATH\Views\siswa\v_edit.php on line 18.
 1 APPPATH\Views\siswa\v_edit.php(18): CodeIgniter\Debug\Exceptions->errorHandler(2, 'Undefined variable $guru', 'APPPATH\\Views\\siswa\\v_edit.php', 18)
 2 SYSTEMPATH\View\View.php(213): include('APPPATH\\Views\\siswa\\v_edit.php')
 3 SYSTEMPATH\View\View.php(216): CodeIgniter\View\View->CodeIgniter\View\{closure}()
 4 SYSTEMPATH\Common.php(1134): CodeIgniter\View\View->render('siswa/v_edit', [], true)
 5 APPPATH\Views\template_admin.php(298): view('siswa/v_edit')
 6 SYSTEMPATH\View\View.php(213): include('APPPATH\\Views\\template_admin.php')
 7 SYSTEMPATH\View\View.php(216): CodeIgniter\View\View->CodeIgniter\View\{closure}()
 8 SYSTEMPATH\Common.php(1134): CodeIgniter\View\View->render('template_admin', [], true)
 9 APPPATH\Controllers\Siswa.php(161): view('template_admin', [...])
10 SYSTEMPATH\CodeIgniter.php(927): App\Controllers\Siswa->EditData('3')
11 SYSTEMPATH\CodeIgniter.php(482): CodeIgniter\CodeIgniter->runController(Object(App\Controllers\Siswa))
12 SYSTEMPATH\CodeIgniter.php(351): CodeIgniter\CodeIgniter->handleRequest(null, Object(Config\Cache), false)
13 FCPATH\index.php(67): CodeIgniter\CodeIgniter->run()
14 SYSTEMPATH\Commands\Server\rewrite.php(46): require_once('FCPATH\\index.php')
CRITICAL - 2023-01-31 06:01:33 --> Undefined array key "id_jurusan"
in APPPATH\Views\siswa\v_edit.php on line 80.
 1 APPPATH\Views\siswa\v_edit.php(80): CodeIgniter\Debug\Exceptions->errorHandler(2, 'Undefined array key "id_jurusan"', 'APPPATH\\Views\\siswa\\v_edit.php', 80)
 2 SYSTEMPATH\View\View.php(213): include('APPPATH\\Views\\siswa\\v_edit.php')
 3 SYSTEMPATH\View\View.php(216): CodeIgniter\View\View->CodeIgniter\View\{closure}()
 4 SYSTEMPATH\Common.php(1134): CodeIgniter\View\View->render('siswa/v_edit', [], true)
 5 APPPATH\Views\template_admin.php(298): view('siswa/v_edit')
 6 SYSTEMPATH\View\View.php(213): include('APPPATH\\Views\\template_admin.php')
 7 SYSTEMPATH\View\View.php(216): CodeIgniter\View\View->CodeIgniter\View\{closure}()
 8 SYSTEMPATH\Common.php(1134): CodeIgniter\View\View->render('template_admin', [], true)
 9 APPPATH\Controllers\Siswa.php(161): view('template_admin', [...])
10 SYSTEMPATH\CodeIgniter.php(927): App\Controllers\Siswa->EditData('3')
11 SYSTEMPATH\CodeIgniter.php(482): CodeIgniter\CodeIgniter->runController(Object(App\Controllers\Siswa))
12 SYSTEMPATH\CodeIgniter.php(351): CodeIgniter\CodeIgniter->handleRequest(null, Object(Config\Cache), false)
13 FCPATH\index.php(67): CodeIgniter\CodeIgniter->run()
14 SYSTEMPATH\Commands\Server\rewrite.php(46): require_once('FCPATH\\index.php')
CRITICAL - 2023-01-31 06:18:02 --> syntax error, unexpected token "=", expecting "]"
in APPPATH\Controllers\Siswa.php on line 234.
 1 SYSTEMPATH\Autoloader\Autoloader.php(259): CodeIgniter\Autoloader\Autoloader->includeFile('APPPATH\\Controllers\\Siswa.php')
 2 SYSTEMPATH\Autoloader\Autoloader.php(237): CodeIgniter\Autoloader\Autoloader->loadInNamespace('App\\Controllers\\Siswa')
 3 [internal function]: CodeIgniter\Autoloader\Autoloader->loadClass('App\\Controllers\\Siswa')
 4 SYSTEMPATH\CodeIgniter.php(877): class_exists('\\App\\Controllers\\Siswa', true)
 5 SYSTEMPATH\CodeIgniter.php(469): CodeIgniter\CodeIgniter->startController()
 6 SYSTEMPATH\CodeIgniter.php(351): CodeIgniter\CodeIgniter->handleRequest(null, Object(Config\Cache), false)
 7 FCPATH\index.php(67): CodeIgniter\CodeIgniter->run()
 8 SYSTEMPATH\Commands\Server\rewrite.php(46): require_once('FCPATH\\index.php')
CRITICAL - 2023-01-31 06:26:55 --> The original file is not a valid file.
in SYSTEMPATH\HTTP\Files\UploadedFile.php on line 137.
 1 SYSTEMPATH\HTTP\Files\UploadedFile.php(137): CodeIgniter\HTTP\Exceptions\HTTPException::forInvalidFile()
 2 APPPATH\Controllers\Siswa.php(129): CodeIgniter\HTTP\Files\UploadedFile->move('FCPATH\\fotosiswa', '1675121215_e50be1db34a4700965eb')
 3 SYSTEMPATH\CodeIgniter.php(927): App\Controllers\Siswa->InsertData()
 4 SYSTEMPATH\CodeIgniter.php(482): CodeIgniter\CodeIgniter->runController(Object(App\Controllers\Siswa))
 5 SYSTEMPATH\CodeIgniter.php(351): CodeIgniter\CodeIgniter->handleRequest(null, Object(Config\Cache), false)
 6 FCPATH\index.php(67): CodeIgniter\CodeIgniter->run()
 7 SYSTEMPATH\Commands\Server\rewrite.php(46): require_once('FCPATH\\index.php')
CRITICAL - 2023-01-31 06:27:06 --> The original file is not a valid file.
in SYSTEMPATH\HTTP\Files\UploadedFile.php on line 137.
 1 SYSTEMPATH\HTTP\Files\UploadedFile.php(137): CodeIgniter\HTTP\Exceptions\HTTPException::forInvalidFile()
 2 APPPATH\Controllers\Siswa.php(129): CodeIgniter\HTTP\Files\UploadedFile->move('FCPATH\\fotosiswa', '1675121226_1b06a2dd67653569067c')
 3 SYSTEMPATH\CodeIgniter.php(927): App\Controllers\Siswa->InsertData()
 4 SYSTEMPATH\CodeIgniter.php(482): CodeIgniter\CodeIgniter->runController(Object(App\Controllers\Siswa))
 5 SYSTEMPATH\CodeIgniter.php(351): CodeIgniter\CodeIgniter->handleRequest(null, Object(Config\Cache), false)
 6 FCPATH\index.php(67): CodeIgniter\CodeIgniter->run()
 7 SYSTEMPATH\Commands\Server\rewrite.php(46): require_once('FCPATH\\index.php')
CRITICAL - 2023-01-31 06:28:39 --> The original file is not a valid file.
in SYSTEMPATH\HTTP\Files\UploadedFile.php on line 137.
 1 SYSTEMPATH\HTTP\Files\UploadedFile.php(137): CodeIgniter\HTTP\Exceptions\HTTPException::forInvalidFile()
 2 APPPATH\Controllers\Siswa.php(129): CodeIgniter\HTTP\Files\UploadedFile->move('FCPATH\\fotosiswa', '1675121319_6b5b44ceb8006307ad73')
 3 SYSTEMPATH\CodeIgniter.php(927): App\Controllers\Siswa->InsertData()
 4 SYSTEMPATH\CodeIgniter.php(482): CodeIgniter\CodeIgniter->runController(Object(App\Controllers\Siswa))
 5 SYSTEMPATH\CodeIgniter.php(351): CodeIgniter\CodeIgniter->handleRequest(null, Object(Config\Cache), false)
 6 FCPATH\index.php(67): CodeIgniter\CodeIgniter->run()
 7 SYSTEMPATH\Commands\Server\rewrite.php(46): require_once('FCPATH\\index.php')
ERROR - 2023-01-31 06:33:17 --> mysqli_sql_exception: Duplicate entry '31' for key 'PRIMARY' in C:\xampp\htdocs\sias\vendor\codeigniter4\framework\system\Database\MySQLi\Connection.php:292
Stack trace:
#0 C:\xampp\htdocs\sias\vendor\codeigniter4\framework\system\Database\MySQLi\Connection.php(292): mysqli->query('INSERT INTO `tb...', 0)
#1 C:\xampp\htdocs\sias\vendor\codeigniter4\framework\system\Database\BaseConnection.php(666): CodeIgniter\Database\MySQLi\Connection->execute('INSERT INTO `tb...')
#2 C:\xampp\htdocs\sias\vendor\codeigniter4\framework\system\Database\BaseConnection.php(593): CodeIgniter\Database\BaseConnection->simpleQuery('INSERT INTO `tb...')
#3 C:\xampp\htdocs\sias\vendor\codeigniter4\framework\system\Database\BaseBuilder.php(1916): CodeIgniter\Database\BaseConnection->query('INSERT INTO `tb...', Array, false)
#4 C:\xampp\htdocs\sias\app\Models\ModelSiswa.php(20): CodeIgniter\Database\BaseBuilder->insert(Array)
#5 C:\xampp\htdocs\sias\app\Controllers\Siswa.php(247): App\Models\ModelSiswa->InsertData(Array)
#6 C:\xampp\htdocs\sias\vendor\codeigniter4\framework\system\CodeIgniter.php(927): App\Controllers\Siswa->UpdateData('31')
#7 C:\xampp\htdocs\sias\vendor\codeigniter4\framework\system\CodeIgniter.php(482): CodeIgniter\CodeIgniter->runController(Object(App\Controllers\Siswa))
#8 C:\xampp\htdocs\sias\vendor\codeigniter4\framework\system\CodeIgniter.php(351): CodeIgniter\CodeIgniter->handleRequest(NULL, Object(Config\Cache), false)
#9 C:\xampp\htdocs\sias\public\index.php(67): CodeIgniter\CodeIgniter->run()
#10 C:\xampp\htdocs\sias\vendor\codeigniter4\framework\system\Commands\Server\rewrite.php(46): require_once('C:\\xampp\\htdocs...')
#11 {main}
CRITICAL - 2023-01-31 06:33:17 --> Duplicate entry '31' for key 'PRIMARY'
in SYSTEMPATH\Database\MySQLi\Connection.php on line 292.
 1 SYSTEMPATH\Database\MySQLi\Connection.php(292): mysqli->query('INSERT INTO `tbl_siswa` (`id_siswa`, `nisn`, `nama_siswa`, `tempat_lahir`, `tgl_lahir`, `jk`, `id_kelas`, `id_jurusan`, `angkatan`, `password`, `status`, `foto`) VALUES (\'31\', \'23234\', \'Eden Hazard\', \'Paris\', \'2005-01-04\', \'L\', \'6\', \'0\', \'2019\', \'8cb2237d0679ca88db6464eac60da96345513964\', 1, \'1675121508_10350306ec9c98700015.jpg\')', 0)
 2 SYSTEMPATH\Database\BaseConnection.php(666): CodeIgniter\Database\MySQLi\Connection->execute('INSERT INTO `tbl_siswa` (`id_siswa`, `nisn`, `nama_siswa`, `tempat_lahir`, `tgl_lahir`, `jk`, `id_kelas`, `id_jurusan`, `angkatan`, `password`, `status`, `foto`) VALUES (\'31\', \'23234\', \'Eden Hazard\', \'Paris\', \'2005-01-04\', \'L\', \'6\', \'0\', \'2019\', \'8cb2237d0679ca88db6464eac60da96345513964\', 1, \'1675121508_10350306ec9c98700015.jpg\')')
 3 SYSTEMPATH\Database\BaseConnection.php(593): CodeIgniter\Database\BaseConnection->simpleQuery('INSERT INTO `tbl_siswa` (`id_siswa`, `nisn`, `nama_siswa`, `tempat_lahir`, `tgl_lahir`, `jk`, `id_kelas`, `id_jurusan`, `angkatan`, `password`, `status`, `foto`) VALUES (\'31\', \'23234\', \'Eden Hazard\', \'Paris\', \'2005-01-04\', \'L\', \'6\', \'0\', \'2019\', \'8cb2237d0679ca88db6464eac60da96345513964\', 1, \'1675121508_10350306ec9c98700015.jpg\')')
 4 SYSTEMPATH\Database\BaseBuilder.php(1916): CodeIgniter\Database\BaseConnection->query('INSERT INTO `tbl_siswa` (`id_siswa`, `nisn`, `nama_siswa`, `tempat_lahir`, `tgl_lahir`, `jk`, `id_kelas`, `id_jurusan`, `angkatan`, `password`, `status`, `foto`) VALUES (:id_siswa:, :nisn:, :nama_siswa:, :tempat_lahir:, :tgl_lahir:, :jk:, :id_kelas:, :id_jurusan:, :angkatan:, :password:, :status:, :foto:)', [...], false)
 5 APPPATH\Models\ModelSiswa.php(20): CodeIgniter\Database\BaseBuilder->insert([...])
 6 APPPATH\Controllers\Siswa.php(247): App\Models\ModelSiswa->InsertData([...])
 7 SYSTEMPATH\CodeIgniter.php(927): App\Controllers\Siswa->UpdateData('31')
 8 SYSTEMPATH\CodeIgniter.php(482): CodeIgniter\CodeIgniter->runController(Object(App\Controllers\Siswa))
 9 SYSTEMPATH\CodeIgniter.php(351): CodeIgniter\CodeIgniter->handleRequest(null, Object(Config\Cache), false)
10 FCPATH\index.php(67): CodeIgniter\CodeIgniter->run()
11 SYSTEMPATH\Commands\Server\rewrite.php(46): require_once('FCPATH\\index.php')
ERROR - 2023-01-31 06:33:58 --> mysqli_sql_exception: Duplicate entry '31' for key 'PRIMARY' in C:\xampp\htdocs\sias\vendor\codeigniter4\framework\system\Database\MySQLi\Connection.php:292
Stack trace:
#0 C:\xampp\htdocs\sias\vendor\codeigniter4\framework\system\Database\MySQLi\Connection.php(292): mysqli->query('INSERT INTO `tb...', 0)
#1 C:\xampp\htdocs\sias\vendor\codeigniter4\framework\system\Database\BaseConnection.php(666): CodeIgniter\Database\MySQLi\Connection->execute('INSERT INTO `tb...')
#2 C:\xampp\htdocs\sias\vendor\codeigniter4\framework\system\Database\BaseConnection.php(593): CodeIgniter\Database\BaseConnection->simpleQuery('INSERT INTO `tb...')
#3 C:\xampp\htdocs\sias\vendor\codeigniter4\framework\system\Database\BaseBuilder.php(1916): CodeIgniter\Database\BaseConnection->query('INSERT INTO `tb...', Array, false)
#4 C:\xampp\htdocs\sias\app\Models\ModelSiswa.php(20): CodeIgniter\Database\BaseBuilder->insert(Array)
#5 C:\xampp\htdocs\sias\app\Controllers\Siswa.php(247): App\Models\ModelSiswa->InsertData(Array)
#6 C:\xampp\htdocs\sias\vendor\codeigniter4\framework\system\CodeIgniter.php(927): App\Controllers\Siswa->UpdateData('31')
#7 C:\xampp\htdocs\sias\vendor\codeigniter4\framework\system\CodeIgniter.php(482): CodeIgniter\CodeIgniter->runController(Object(App\Controllers\Siswa))
#8 C:\xampp\htdocs\sias\vendor\codeigniter4\framework\system\CodeIgniter.php(351): CodeIgniter\CodeIgniter->handleRequest(NULL, Object(Config\Cache), false)
#9 C:\xampp\htdocs\sias\public\index.php(67): CodeIgniter\CodeIgniter->run()
#10 C:\xampp\htdocs\sias\vendor\codeigniter4\framework\system\Commands\Server\rewrite.php(46): require_once('C:\\xampp\\htdocs...')
#11 {main}
CRITICAL - 2023-01-31 06:33:58 --> Duplicate entry '31' for key 'PRIMARY'
in SYSTEMPATH\Database\MySQLi\Connection.php on line 292.
 1 SYSTEMPATH\Database\MySQLi\Connection.php(292): mysqli->query('INSERT INTO `tbl_siswa` (`id_siswa`, `nisn`, `nama_siswa`, `tempat_lahir`, `tgl_lahir`, `jk`, `id_kelas`, `id_jurusan`, `angkatan`, `password`, `status`, `foto`) VALUES (\'31\', \'23234\', \'Eden Hazard\', \'Paris\', \'2005-01-04\', \'L\', \'6\', \'0\', \'2019\', \'8cb2237d0679ca88db6464eac60da96345513964\', 1, \'1675121508_10350306ec9c98700015.jpg\')', 0)
 2 SYSTEMPATH\Database\BaseConnection.php(666): CodeIgniter\Database\MySQLi\Connection->execute('INSERT INTO `tbl_siswa` (`id_siswa`, `nisn`, `nama_siswa`, `tempat_lahir`, `tgl_lahir`, `jk`, `id_kelas`, `id_jurusan`, `angkatan`, `password`, `status`, `foto`) VALUES (\'31\', \'23234\', \'Eden Hazard\', \'Paris\', \'2005-01-04\', \'L\', \'6\', \'0\', \'2019\', \'8cb2237d0679ca88db6464eac60da96345513964\', 1, \'1675121508_10350306ec9c98700015.jpg\')')
 3 SYSTEMPATH\Database\BaseConnection.php(593): CodeIgniter\Database\BaseConnection->simpleQuery('INSERT INTO `tbl_siswa` (`id_siswa`, `nisn`, `nama_siswa`, `tempat_lahir`, `tgl_lahir`, `jk`, `id_kelas`, `id_jurusan`, `angkatan`, `password`, `status`, `foto`) VALUES (\'31\', \'23234\', \'Eden Hazard\', \'Paris\', \'2005-01-04\', \'L\', \'6\', \'0\', \'2019\', \'8cb2237d0679ca88db6464eac60da96345513964\', 1, \'1675121508_10350306ec9c98700015.jpg\')')
 4 SYSTEMPATH\Database\BaseBuilder.php(1916): CodeIgniter\Database\BaseConnection->query('INSERT INTO `tbl_siswa` (`id_siswa`, `nisn`, `nama_siswa`, `tempat_lahir`, `tgl_lahir`, `jk`, `id_kelas`, `id_jurusan`, `angkatan`, `password`, `status`, `foto`) VALUES (:id_siswa:, :nisn:, :nama_siswa:, :tempat_lahir:, :tgl_lahir:, :jk:, :id_kelas:, :id_jurusan:, :angkatan:, :password:, :status:, :foto:)', [...], false)
 5 APPPATH\Models\ModelSiswa.php(20): CodeIgniter\Database\BaseBuilder->insert([...])
 6 APPPATH\Controllers\Siswa.php(247): App\Models\ModelSiswa->InsertData([...])
 7 SYSTEMPATH\CodeIgniter.php(927): App\Controllers\Siswa->UpdateData('31')
 8 SYSTEMPATH\CodeIgniter.php(482): CodeIgniter\CodeIgniter->runController(Object(App\Controllers\Siswa))
 9 SYSTEMPATH\CodeIgniter.php(351): CodeIgniter\CodeIgniter->handleRequest(null, Object(Config\Cache), false)
10 FCPATH\index.php(67): CodeIgniter\CodeIgniter->run()
11 SYSTEMPATH\Commands\Server\rewrite.php(46): require_once('FCPATH\\index.php')
ERROR - 2023-01-31 06:34:38 --> mysqli_sql_exception: Duplicate entry '31' for key 'PRIMARY' in C:\xampp\htdocs\sias\vendor\codeigniter4\framework\system\Database\MySQLi\Connection.php:292
Stack trace:
#0 C:\xampp\htdocs\sias\vendor\codeigniter4\framework\system\Database\MySQLi\Connection.php(292): mysqli->query('INSERT INTO `tb...', 0)
#1 C:\xampp\htdocs\sias\vendor\codeigniter4\framework\system\Database\BaseConnection.php(666): CodeIgniter\Database\MySQLi\Connection->execute('INSERT INTO `tb...')
#2 C:\xampp\htdocs\sias\vendor\codeigniter4\framework\system\Database\BaseConnection.php(593): CodeIgniter\Database\BaseConnection->simpleQuery('INSERT INTO `tb...')
#3 C:\xampp\htdocs\sias\vendor\codeigniter4\framework\system\Database\BaseBuilder.php(1916): CodeIgniter\Database\BaseConnection->query('INSERT INTO `tb...', Array, false)
#4 C:\xampp\htdocs\sias\app\Models\ModelSiswa.php(20): CodeIgniter\Database\BaseBuilder->insert(Array)
#5 C:\xampp\htdocs\sias\app\Controllers\Siswa.php(247): App\Models\ModelSiswa->InsertData(Array)
#6 C:\xampp\htdocs\sias\vendor\codeigniter4\framework\system\CodeIgniter.php(927): App\Controllers\Siswa->UpdateData('31')
#7 C:\xampp\htdocs\sias\vendor\codeigniter4\framework\system\CodeIgniter.php(482): CodeIgniter\CodeIgniter->runController(Object(App\Controllers\Siswa))
#8 C:\xampp\htdocs\sias\vendor\codeigniter4\framework\system\CodeIgniter.php(351): CodeIgniter\CodeIgniter->handleRequest(NULL, Object(Config\Cache), false)
#9 C:\xampp\htdocs\sias\public\index.php(67): CodeIgniter\CodeIgniter->run()
#10 C:\xampp\htdocs\sias\vendor\codeigniter4\framework\system\Commands\Server\rewrite.php(46): require_once('C:\\xampp\\htdocs...')
#11 {main}
CRITICAL - 2023-01-31 06:34:38 --> Duplicate entry '31' for key 'PRIMARY'
in SYSTEMPATH\Database\MySQLi\Connection.php on line 292.
 1 SYSTEMPATH\Database\MySQLi\Connection.php(292): mysqli->query('INSERT INTO `tbl_siswa` (`id_siswa`, `nisn`, `nama_siswa`, `tempat_lahir`, `tgl_lahir`, `jk`, `id_kelas`, `id_jurusan`, `angkatan`, `password`, `status`, `foto`) VALUES (\'31\', \'23234\', \'Hazard\', \'Paris\', \'2005-01-04\', \'L\', \'6\', \'0\', \'2019\', \'8cb2237d0679ca88db6464eac60da96345513964\', 1, \'1675121508_10350306ec9c98700015.jpg\')', 0)
 2 SYSTEMPATH\Database\BaseConnection.php(666): CodeIgniter\Database\MySQLi\Connection->execute('INSERT INTO `tbl_siswa` (`id_siswa`, `nisn`, `nama_siswa`, `tempat_lahir`, `tgl_lahir`, `jk`, `id_kelas`, `id_jurusan`, `angkatan`, `password`, `status`, `foto`) VALUES (\'31\', \'23234\', \'Hazard\', \'Paris\', \'2005-01-04\', \'L\', \'6\', \'0\', \'2019\', \'8cb2237d0679ca88db6464eac60da96345513964\', 1, \'1675121508_10350306ec9c98700015.jpg\')')
 3 SYSTEMPATH\Database\BaseConnection.php(593): CodeIgniter\Database\BaseConnection->simpleQuery('INSERT INTO `tbl_siswa` (`id_siswa`, `nisn`, `nama_siswa`, `tempat_lahir`, `tgl_lahir`, `jk`, `id_kelas`, `id_jurusan`, `angkatan`, `password`, `status`, `foto`) VALUES (\'31\', \'23234\', \'Hazard\', \'Paris\', \'2005-01-04\', \'L\', \'6\', \'0\', \'2019\', \'8cb2237d0679ca88db6464eac60da96345513964\', 1, \'1675121508_10350306ec9c98700015.jpg\')')
 4 SYSTEMPATH\Database\BaseBuilder.php(1916): CodeIgniter\Database\BaseConnection->query('INSERT INTO `tbl_siswa` (`id_siswa`, `nisn`, `nama_siswa`, `tempat_lahir`, `tgl_lahir`, `jk`, `id_kelas`, `id_jurusan`, `angkatan`, `password`, `status`, `foto`) VALUES (:id_siswa:, :nisn:, :nama_siswa:, :tempat_lahir:, :tgl_lahir:, :jk:, :id_kelas:, :id_jurusan:, :angkatan:, :password:, :status:, :foto:)', [...], false)
 5 APPPATH\Models\ModelSiswa.php(20): CodeIgniter\Database\BaseBuilder->insert([...])
 6 APPPATH\Controllers\Siswa.php(247): App\Models\ModelSiswa->InsertData([...])
 7 SYSTEMPATH\CodeIgniter.php(927): App\Controllers\Siswa->UpdateData('31')
 8 SYSTEMPATH\CodeIgniter.php(482): CodeIgniter\CodeIgniter->runController(Object(App\Controllers\Siswa))
 9 SYSTEMPATH\CodeIgniter.php(351): CodeIgniter\CodeIgniter->handleRequest(null, Object(Config\Cache), false)
10 FCPATH\index.php(67): CodeIgniter\CodeIgniter->run()
11 SYSTEMPATH\Commands\Server\rewrite.php(46): require_once('FCPATH\\index.php')
ERROR - 2023-01-31 06:37:52 --> mysqli_sql_exception: Duplicate entry '31' for key 'PRIMARY' in C:\xampp\htdocs\sias\vendor\codeigniter4\framework\system\Database\MySQLi\Connection.php:292
Stack trace:
#0 C:\xampp\htdocs\sias\vendor\codeigniter4\framework\system\Database\MySQLi\Connection.php(292): mysqli->query('INSERT INTO `tb...', 0)
#1 C:\xampp\htdocs\sias\vendor\codeigniter4\framework\system\Database\BaseConnection.php(666): CodeIgniter\Database\MySQLi\Connection->execute('INSERT INTO `tb...')
#2 C:\xampp\htdocs\sias\vendor\codeigniter4\framework\system\Database\BaseConnection.php(593): CodeIgniter\Database\BaseConnection->simpleQuery('INSERT INTO `tb...')
#3 C:\xampp\htdocs\sias\vendor\codeigniter4\framework\system\Database\BaseBuilder.php(1916): CodeIgniter\Database\BaseConnection->query('INSERT INTO `tb...', Array, false)
#4 C:\xampp\htdocs\sias\app\Models\ModelSiswa.php(20): CodeIgniter\Database\BaseBuilder->insert(Array)
#5 C:\xampp\htdocs\sias\app\Controllers\Siswa.php(247): App\Models\ModelSiswa->InsertData(Array)
#6 C:\xampp\htdocs\sias\vendor\codeigniter4\framework\system\CodeIgniter.php(927): App\Controllers\Siswa->UpdateData('31')
#7 C:\xampp\htdocs\sias\vendor\codeigniter4\framework\system\CodeIgniter.php(482): CodeIgniter\CodeIgniter->runController(Object(App\Controllers\Siswa))
#8 C:\xampp\htdocs\sias\vendor\codeigniter4\framework\system\CodeIgniter.php(351): CodeIgniter\CodeIgniter->handleRequest(NULL, Object(Config\Cache), false)
#9 C:\xampp\htdocs\sias\public\index.php(67): CodeIgniter\CodeIgniter->run()
#10 C:\xampp\htdocs\sias\vendor\codeigniter4\framework\system\Commands\Server\rewrite.php(46): require_once('C:\\xampp\\htdocs...')
#11 {main}
CRITICAL - 2023-01-31 06:37:52 --> Duplicate entry '31' for key 'PRIMARY'
in SYSTEMPATH\Database\MySQLi\Connection.php on line 292.
 1 SYSTEMPATH\Database\MySQLi\Connection.php(292): mysqli->query('INSERT INTO `tbl_siswa` (`id_siswa`, `nisn`, `nama_siswa`, `tempat_lahir`, `tgl_lahir`, `jk`, `id_kelas`, `id_jurusan`, `angkatan`, `password`, `status`, `foto`) VALUES (\'31\', \'23234\', \'Hazard\', \'Paris\', \'2005-01-04\', \'L\', \'6\', \'0\', \'2019\', \'8cb2237d0679ca88db6464eac60da96345513964\', 1, \'1675121508_10350306ec9c98700015.jpg\')', 0)
 2 SYSTEMPATH\Database\BaseConnection.php(666): CodeIgniter\Database\MySQLi\Connection->execute('INSERT INTO `tbl_siswa` (`id_siswa`, `nisn`, `nama_siswa`, `tempat_lahir`, `tgl_lahir`, `jk`, `id_kelas`, `id_jurusan`, `angkatan`, `password`, `status`, `foto`) VALUES (\'31\', \'23234\', \'Hazard\', \'Paris\', \'2005-01-04\', \'L\', \'6\', \'0\', \'2019\', \'8cb2237d0679ca88db6464eac60da96345513964\', 1, \'1675121508_10350306ec9c98700015.jpg\')')
 3 SYSTEMPATH\Database\BaseConnection.php(593): CodeIgniter\Database\BaseConnection->simpleQuery('INSERT INTO `tbl_siswa` (`id_siswa`, `nisn`, `nama_siswa`, `tempat_lahir`, `tgl_lahir`, `jk`, `id_kelas`, `id_jurusan`, `angkatan`, `password`, `status`, `foto`) VALUES (\'31\', \'23234\', \'Hazard\', \'Paris\', \'2005-01-04\', \'L\', \'6\', \'0\', \'2019\', \'8cb2237d0679ca88db6464eac60da96345513964\', 1, \'1675121508_10350306ec9c98700015.jpg\')')
 4 SYSTEMPATH\Database\BaseBuilder.php(1916): CodeIgniter\Database\BaseConnection->query('INSERT INTO `tbl_siswa` (`id_siswa`, `nisn`, `nama_siswa`, `tempat_lahir`, `tgl_lahir`, `jk`, `id_kelas`, `id_jurusan`, `angkatan`, `password`, `status`, `foto`) VALUES (:id_siswa:, :nisn:, :nama_siswa:, :tempat_lahir:, :tgl_lahir:, :jk:, :id_kelas:, :id_jurusan:, :angkatan:, :password:, :status:, :foto:)', [...], false)
 5 APPPATH\Models\ModelSiswa.php(20): CodeIgniter\Database\BaseBuilder->insert([...])
 6 APPPATH\Controllers\Siswa.php(247): App\Models\ModelSiswa->InsertData([...])
 7 SYSTEMPATH\CodeIgniter.php(927): App\Controllers\Siswa->UpdateData('31')
 8 SYSTEMPATH\CodeIgniter.php(482): CodeIgniter\CodeIgniter->runController(Object(App\Controllers\Siswa))
 9 SYSTEMPATH\CodeIgniter.php(351): CodeIgniter\CodeIgniter->handleRequest(null, Object(Config\Cache), false)
10 FCPATH\index.php(67): CodeIgniter\CodeIgniter->run()
11 SYSTEMPATH\Commands\Server\rewrite.php(46): require_once('FCPATH\\index.php')
