CRITICAL - 2023-02-09 05:24:20 --> Undefined variable $id_guru
in APPPATH\Controllers\Siswa.php on line 259.
 1 APPPATH\Controllers\Siswa.php(259): CodeIgniter\Debug\Exceptions->errorHandler(2, 'Undefined variable $id_guru', 'APPPATH\\Controllers\\Siswa.php', 259)
 2 SYSTEMPATH\CodeIgniter.php(927): App\Controllers\Siswa->DeleteData('31')
 3 SYSTEMPATH\CodeIgniter.php(482): CodeIgniter\CodeIgniter->runController(Object(App\Controllers\Siswa))
 4 SYSTEMPATH\CodeIgniter.php(351): CodeIgniter\CodeIgniter->handleRequest(null, Object(Config\Cache), false)
 5 FCPATH\index.php(67): CodeIgniter\CodeIgniter->run()
 6 SYSTEMPATH\Commands\Server\rewrite.php(46): require_once('FCPATH\\index.php')
CRITICAL - 2023-02-09 07:09:37 --> Undefined array key "id_kelas"
in APPPATH\Views\v_ta.php on line 45.
 1 APPPATH\Views\v_ta.php(45): CodeIgniter\Debug\Exceptions->errorHandler(2, 'Undefined array key "id_kelas"', 'APPPATH\\Views\\v_ta.php', 45)
 2 SYSTEMPATH\View\View.php(213): include('APPPATH\\Views\\v_ta.php')
 3 SYSTEMPATH\View\View.php(216): CodeIgniter\View\View->CodeIgniter\View\{closure}()
 4 SYSTEMPATH\Common.php(1134): CodeIgniter\View\View->render('v_ta', [], true)
 5 APPPATH\Views\template_admin.php(304): view('v_ta')
 6 SYSTEMPATH\View\View.php(213): include('APPPATH\\Views\\template_admin.php')
 7 SYSTEMPATH\View\View.php(216): CodeIgniter\View\View->CodeIgniter\View\{closure}()
 8 SYSTEMPATH\Common.php(1134): CodeIgniter\View\View->render('template_admin', [], true)
 9 APPPATH\Controllers\Ta.php(25): view('template_admin', [...])
10 SYSTEMPATH\CodeIgniter.php(927): App\Controllers\Ta->index()
11 SYSTEMPATH\CodeIgniter.php(482): CodeIgniter\CodeIgniter->runController(Object(App\Controllers\Ta))
12 SYSTEMPATH\CodeIgniter.php(351): CodeIgniter\CodeIgniter->handleRequest(null, Object(Config\Cache), false)
13 FCPATH\index.php(67): CodeIgniter\CodeIgniter->run()
14 SYSTEMPATH\Commands\Server\rewrite.php(46): require_once('FCPATH\\index.php')
CRITICAL - 2023-02-09 07:10:05 --> Array to string conversion
in APPPATH\Views\v_ta.php on line 108.
 1 APPPATH\Views\v_ta.php(108): CodeIgniter\Debug\Exceptions->errorHandler(2, 'Array to string conversion', 'APPPATH\\Views\\v_ta.php', 108)
 2 SYSTEMPATH\View\View.php(213): include('APPPATH\\Views\\v_ta.php')
 3 SYSTEMPATH\View\View.php(216): CodeIgniter\View\View->CodeIgniter\View\{closure}()
 4 SYSTEMPATH\Common.php(1134): CodeIgniter\View\View->render('v_ta', [], true)
 5 APPPATH\Views\template_admin.php(304): view('v_ta')
 6 SYSTEMPATH\View\View.php(213): include('APPPATH\\Views\\template_admin.php')
 7 SYSTEMPATH\View\View.php(216): CodeIgniter\View\View->CodeIgniter\View\{closure}()
 8 SYSTEMPATH\Common.php(1134): CodeIgniter\View\View->render('template_admin', [], true)
 9 APPPATH\Controllers\Ta.php(25): view('template_admin', [...])
10 SYSTEMPATH\CodeIgniter.php(927): App\Controllers\Ta->index()
11 SYSTEMPATH\CodeIgniter.php(482): CodeIgniter\CodeIgniter->runController(Object(App\Controllers\Ta))
12 SYSTEMPATH\CodeIgniter.php(351): CodeIgniter\CodeIgniter->handleRequest(null, Object(Config\Cache), false)
13 FCPATH\index.php(67): CodeIgniter\CodeIgniter->run()
14 SYSTEMPATH\Commands\Server\rewrite.php(46): require_once('FCPATH\\index.php')
CRITICAL - 2023-02-09 07:49:06 --> Undefined variable $guru
in APPPATH\Views\user\v_user.php on line 45.
 1 APPPATH\Views\user\v_user.php(45): CodeIgniter\Debug\Exceptions->errorHandler(2, 'Undefined variable $guru', 'APPPATH\\Views\\user\\v_user.php', 45)
 2 SYSTEMPATH\View\View.php(213): include('APPPATH\\Views\\user\\v_user.php')
 3 SYSTEMPATH\View\View.php(216): CodeIgniter\View\View->CodeIgniter\View\{closure}()
 4 SYSTEMPATH\Common.php(1134): CodeIgniter\View\View->render('user/v_user', [], true)
 5 APPPATH\Views\template_admin.php(310): view('user/v_user')
 6 SYSTEMPATH\View\View.php(213): include('APPPATH\\Views\\template_admin.php')
 7 SYSTEMPATH\View\View.php(216): CodeIgniter\View\View->CodeIgniter\View\{closure}()
 8 SYSTEMPATH\Common.php(1134): CodeIgniter\View\View->render('template_admin', [], true)
 9 APPPATH\Controllers\User.php(24): view('template_admin', [...])
10 SYSTEMPATH\CodeIgniter.php(927): App\Controllers\User->index()
11 SYSTEMPATH\CodeIgniter.php(482): CodeIgniter\CodeIgniter->runController(Object(App\Controllers\User))
12 SYSTEMPATH\CodeIgniter.php(351): CodeIgniter\CodeIgniter->handleRequest(null, Object(Config\Cache), false)
13 FCPATH\index.php(67): CodeIgniter\CodeIgniter->run()
14 SYSTEMPATH\Commands\Server\rewrite.php(46): require_once('FCPATH\\index.php')
CRITICAL - 2023-02-09 07:49:36 --> Undefined variable $guru
in APPPATH\Views\user\v_user.php on line 45.
 1 APPPATH\Views\user\v_user.php(45): CodeIgniter\Debug\Exceptions->errorHandler(2, 'Undefined variable $guru', 'APPPATH\\Views\\user\\v_user.php', 45)
 2 SYSTEMPATH\View\View.php(213): include('APPPATH\\Views\\user\\v_user.php')
 3 SYSTEMPATH\View\View.php(216): CodeIgniter\View\View->CodeIgniter\View\{closure}()
 4 SYSTEMPATH\Common.php(1134): CodeIgniter\View\View->render('user/v_user', [], true)
 5 APPPATH\Views\template_admin.php(310): view('user/v_user')
 6 SYSTEMPATH\View\View.php(213): include('APPPATH\\Views\\template_admin.php')
 7 SYSTEMPATH\View\View.php(216): CodeIgniter\View\View->CodeIgniter\View\{closure}()
 8 SYSTEMPATH\Common.php(1134): CodeIgniter\View\View->render('template_admin', [], true)
 9 APPPATH\Controllers\User.php(24): view('template_admin', [...])
10 SYSTEMPATH\CodeIgniter.php(927): App\Controllers\User->index()
11 SYSTEMPATH\CodeIgniter.php(482): CodeIgniter\CodeIgniter->runController(Object(App\Controllers\User))
12 SYSTEMPATH\CodeIgniter.php(351): CodeIgniter\CodeIgniter->handleRequest(null, Object(Config\Cache), false)
13 FCPATH\index.php(67): CodeIgniter\CodeIgniter->run()
14 SYSTEMPATH\Commands\Server\rewrite.php(46): require_once('FCPATH\\index.php')
CRITICAL - 2023-02-09 07:50:01 --> Unmatched '}'
in APPPATH\Views\user\v_user.php on line 61.
 1 SYSTEMPATH\View\View.php(216): CodeIgniter\View\View->CodeIgniter\View\{closure}()
 2 SYSTEMPATH\Common.php(1134): CodeIgniter\View\View->render('user/v_user', [], true)
 3 APPPATH\Views\template_admin.php(310): view('user/v_user')
 4 SYSTEMPATH\View\View.php(213): include('APPPATH\\Views\\template_admin.php')
 5 SYSTEMPATH\View\View.php(216): CodeIgniter\View\View->CodeIgniter\View\{closure}()
 6 SYSTEMPATH\Common.php(1134): CodeIgniter\View\View->render('template_admin', [], true)
 7 APPPATH\Controllers\User.php(24): view('template_admin', [...])
 8 SYSTEMPATH\CodeIgniter.php(927): App\Controllers\User->index()
 9 SYSTEMPATH\CodeIgniter.php(482): CodeIgniter\CodeIgniter->runController(Object(App\Controllers\User))
10 SYSTEMPATH\CodeIgniter.php(351): CodeIgniter\CodeIgniter->handleRequest(null, Object(Config\Cache), false)
11 FCPATH\index.php(67): CodeIgniter\CodeIgniter->run()
12 SYSTEMPATH\Commands\Server\rewrite.php(46): require_once('FCPATH\\index.php')
CRITICAL - 2023-02-09 07:50:15 --> Undefined variable $no
in APPPATH\Views\user\v_user.php on line 48.
 1 APPPATH\Views\user\v_user.php(48): CodeIgniter\Debug\Exceptions->errorHandler(2, 'Undefined variable $no', 'APPPATH\\Views\\user\\v_user.php', 48)
 2 SYSTEMPATH\View\View.php(213): include('APPPATH\\Views\\user\\v_user.php')
 3 SYSTEMPATH\View\View.php(216): CodeIgniter\View\View->CodeIgniter\View\{closure}()
 4 SYSTEMPATH\Common.php(1134): CodeIgniter\View\View->render('user/v_user', [], true)
 5 APPPATH\Views\template_admin.php(310): view('user/v_user')
 6 SYSTEMPATH\View\View.php(213): include('APPPATH\\Views\\template_admin.php')
 7 SYSTEMPATH\View\View.php(216): CodeIgniter\View\View->CodeIgniter\View\{closure}()
 8 SYSTEMPATH\Common.php(1134): CodeIgniter\View\View->render('template_admin', [], true)
 9 APPPATH\Controllers\User.php(24): view('template_admin', [...])
10 SYSTEMPATH\CodeIgniter.php(927): App\Controllers\User->index()
11 SYSTEMPATH\CodeIgniter.php(482): CodeIgniter\CodeIgniter->runController(Object(App\Controllers\User))
12 SYSTEMPATH\CodeIgniter.php(351): CodeIgniter\CodeIgniter->handleRequest(null, Object(Config\Cache), false)
13 FCPATH\index.php(67): CodeIgniter\CodeIgniter->run()
14 SYSTEMPATH\Commands\Server\rewrite.php(46): require_once('FCPATH\\index.php')
