ERROR - 2022-12-28 15:57:12 --> Error connecting to the database: mysqli_sql_exception: No connection could be made because the target machine actively refused it in C:\xampp\htdocs\sias\vendor\codeigniter4\framework\system\Database\MySQLi\Connection.php:171
Stack trace:
#0 C:\xampp\htdocs\sias\vendor\codeigniter4\framework\system\Database\MySQLi\Connection.php(171): mysqli->real_connect('localhost', 'root', '', 'sias', 3306, '', 0)
#1 C:\xampp\htdocs\sias\vendor\codeigniter4\framework\system\Database\BaseConnection.php(382): CodeIgniter\Database\MySQLi\Connection->connect(false)
#2 C:\xampp\htdocs\sias\vendor\codeigniter4\framework\system\Database\BaseConnection.php(561): CodeIgniter\Database\BaseConnection->initialize()
#3 C:\xampp\htdocs\sias\vendor\codeigniter4\framework\system\Database\BaseBuilder.php(1585): CodeIgniter\Database\BaseConnection->query('SELECT *\nFROM `...', Array, false)
#4 C:\xampp\htdocs\sias\app\Views\template_front_end.php(6): CodeIgniter\Database\BaseBuilder->get()
#5 C:\xampp\htdocs\sias\vendor\codeigniter4\framework\system\View\View.php(213): include('C:\\xampp\\htdocs...')
#6 C:\xampp\htdocs\sias\vendor\codeigniter4\framework\system\View\View.php(216): CodeIgniter\View\View->CodeIgniter\View\{closure}()
#7 C:\xampp\htdocs\sias\vendor\codeigniter4\framework\system\Common.php(1134): CodeIgniter\View\View->render('template_front_...', Array, true)
#8 C:\xampp\htdocs\sias\app\Controllers\Home.php(23): view('template_front_...', Array)
#9 C:\xampp\htdocs\sias\vendor\codeigniter4\framework\system\CodeIgniter.php(927): App\Controllers\Home->index()
#10 C:\xampp\htdocs\sias\vendor\codeigniter4\framework\system\CodeIgniter.php(482): CodeIgniter\CodeIgniter->runController(Object(App\Controllers\Home))
#11 C:\xampp\htdocs\sias\vendor\codeigniter4\framework\system\CodeIgniter.php(351): CodeIgniter\CodeIgniter->handleRequest(NULL, Object(Config\Cache), false)
#12 C:\xampp\htdocs\sias\public\index.php(67): CodeIgniter\CodeIgniter->run()
#13 C:\xampp\htdocs\sias\vendor\codeigniter4\framework\system\Commands\Server\rewrite.php(46): require_once('C:\\xampp\\htdocs...')
#14 {main}

Next CodeIgniter\Database\Exceptions\DatabaseException: No connection could be made because the target machine actively refused it in C:\xampp\htdocs\sias\vendor\codeigniter4\framework\system\Database\MySQLi\Connection.php:215
Stack trace:
#0 C:\xampp\htdocs\sias\vendor\codeigniter4\framework\system\Database\BaseConnection.php(382): CodeIgniter\Database\MySQLi\Connection->connect(false)
#1 C:\xampp\htdocs\sias\vendor\codeigniter4\framework\system\Database\BaseConnection.php(561): CodeIgniter\Database\BaseConnection->initialize()
#2 C:\xampp\htdocs\sias\vendor\codeigniter4\framework\system\Database\BaseBuilder.php(1585): CodeIgniter\Database\BaseConnection->query('SELECT *\nFROM `...', Array, false)
#3 C:\xampp\htdocs\sias\app\Views\template_front_end.php(6): CodeIgniter\Database\BaseBuilder->get()
#4 C:\xampp\htdocs\sias\vendor\codeigniter4\framework\system\View\View.php(213): include('C:\\xampp\\htdocs...')
#5 C:\xampp\htdocs\sias\vendor\codeigniter4\framework\system\View\View.php(216): CodeIgniter\View\View->CodeIgniter\View\{closure}()
#6 C:\xampp\htdocs\sias\vendor\codeigniter4\framework\system\Common.php(1134): CodeIgniter\View\View->render('template_front_...', Array, true)
#7 C:\xampp\htdocs\sias\app\Controllers\Home.php(23): view('template_front_...', Array)
#8 C:\xampp\htdocs\sias\vendor\codeigniter4\framework\system\CodeIgniter.php(927): App\Controllers\Home->index()
#9 C:\xampp\htdocs\sias\vendor\codeigniter4\framework\system\CodeIgniter.php(482): CodeIgniter\CodeIgniter->runController(Object(App\Controllers\Home))
#10 C:\xampp\htdocs\sias\vendor\codeigniter4\framework\system\CodeIgniter.php(351): CodeIgniter\CodeIgniter->handleRequest(NULL, Object(Config\Cache), false)
#11 C:\xampp\htdocs\sias\public\index.php(67): CodeIgniter\CodeIgniter->run()
#12 C:\xampp\htdocs\sias\vendor\codeigniter4\framework\system\Commands\Server\rewrite.php(46): require_once('C:\\xampp\\htdocs...')
#13 {main}
CRITICAL - 2022-12-28 15:57:12 --> Unable to connect to the database.
Main connection [MySQLi]: No connection could be made because the target machine actively refused it
in SYSTEMPATH\Database\BaseConnection.php on line 418.
 1 SYSTEMPATH\Database\BaseConnection.php(561): CodeIgniter\Database\BaseConnection->initialize()
 2 SYSTEMPATH\Database\BaseBuilder.php(1585): CodeIgniter\Database\BaseConnection->query('SELECT *
FROM `tbl_sekolah`
WHERE `id_sekolah` = :id_sekolah:', [...], false)
 3 APPPATH\Views\template_front_end.php(6): CodeIgniter\Database\BaseBuilder->get()
 4 SYSTEMPATH\View\View.php(213): include('APPPATH\\Views\\template_front_end.php')
 5 SYSTEMPATH\View\View.php(216): CodeIgniter\View\View->CodeIgniter\View\{closure}()
 6 SYSTEMPATH\Common.php(1134): CodeIgniter\View\View->render('template_front_end', [], true)
 7 APPPATH\Controllers\Home.php(23): view('template_front_end', [...])
 8 SYSTEMPATH\CodeIgniter.php(927): App\Controllers\Home->index()
 9 SYSTEMPATH\CodeIgniter.php(482): CodeIgniter\CodeIgniter->runController(Object(App\Controllers\Home))
10 SYSTEMPATH\CodeIgniter.php(351): CodeIgniter\CodeIgniter->handleRequest(null, Object(Config\Cache), false)
11 FCPATH\index.php(67): CodeIgniter\CodeIgniter->run()
12 SYSTEMPATH\Commands\Server\rewrite.php(46): require_once('FCPATH\\index.php')
CRITICAL - 2022-12-28 16:09:55 --> strpos(): Passing null to parameter #1 ($haystack) of type string is deprecated
in SYSTEMPATH\Debug\Toolbar.php on line 419.
 1 [internal function]: CodeIgniter\Debug\Exceptions->errorHandler(8192, 'strpos(): Passing null to parameter #1 ($haystack) of type string is deprecated', 'SYSTEMPATH\\Debug\\Toolbar.php', 419)
 2 SYSTEMPATH\Debug\Toolbar.php(419): strpos(null, '<head>')
 3 SYSTEMPATH\Filters\DebugToolbar.php(40): CodeIgniter\Debug\Toolbar->prepare(Object(CodeIgniter\HTTP\IncomingRequest), Object(CodeIgniter\HTTP\RedirectResponse))
 4 SYSTEMPATH\Filters\Filters.php(196): CodeIgniter\Filters\DebugToolbar->after(Object(CodeIgniter\HTTP\IncomingRequest), Object(CodeIgniter\HTTP\RedirectResponse), null)
 5 SYSTEMPATH\CodeIgniter.php(502): CodeIgniter\Filters\Filters->run('login', 'after')
 6 SYSTEMPATH\CodeIgniter.php(351): CodeIgniter\CodeIgniter->handleRequest(null, Object(Config\Cache), false)
 7 FCPATH\index.php(67): CodeIgniter\CodeIgniter->run()
 8 SYSTEMPATH\Commands\Server\rewrite.php(46): require_once('FCPATH\\index.php')
