CRITICAL - 2022-12-29 06:39:06 --> strpos(): Passing null to parameter #1 ($haystack) of type string is deprecated
in SYSTEMPATH\Debug\Toolbar.php on line 419.
 1 [internal function]: CodeIgniter\Debug\Exceptions->errorHandler(8192, 'strpos(): Passing null to parameter #1 ($haystack) of type string is deprecated', 'SYSTEMPATH\\Debug\\Toolbar.php', 419)
 2 SYSTEMPATH\Debug\Toolbar.php(419): strpos(null, '<head>')
 3 SYSTEMPATH\Filters\DebugToolbar.php(40): CodeIgniter\Debug\Toolbar->prepare(Object(CodeIgniter\HTTP\IncomingRequest), Object(CodeIgniter\HTTP\RedirectResponse))
 4 SYSTEMPATH\Filters\Filters.php(196): CodeIgniter\Filters\DebugToolbar->after(Object(CodeIgniter\HTTP\IncomingRequest), Object(CodeIgniter\HTTP\RedirectResponse), null)
 5 SYSTEMPATH\CodeIgniter.php(502): CodeIgniter\Filters\Filters->run('login', 'after')
 6 SYSTEMPATH\CodeIgniter.php(351): CodeIgniter\CodeIgniter->handleRequest(null, Object(Config\Cache), false)
 7 FCPATH\index.php(67): CodeIgniter\CodeIgniter->run()
 8 SYSTEMPATH\Commands\Server\rewrite.php(46): require_once('FCPATH\\index.php')
CRITICAL - 2022-12-29 07:43:57 --> Undefined array key "jurul_berita"
in APPPATH\Views\berita\v_view.php on line 15.
 1 APPPATH\Views\berita\v_view.php(15): CodeIgniter\Debug\Exceptions->errorHandler(2, 'Undefined array key "jurul_berita"', 'APPPATH\\Views\\berita\\v_view.php', 15)
 2 SYSTEMPATH\View\View.php(213): include('APPPATH\\Views\\berita\\v_view.php')
 3 SYSTEMPATH\View\View.php(216): CodeIgniter\View\View->CodeIgniter\View\{closure}()
 4 SYSTEMPATH\Common.php(1134): CodeIgniter\View\View->render('berita/v_view', [], true)
 5 APPPATH\Views\template_admin.php(238): view('berita/v_view')
 6 SYSTEMPATH\View\View.php(213): include('APPPATH\\Views\\template_admin.php')
 7 SYSTEMPATH\View\View.php(216): CodeIgniter\View\View->CodeIgniter\View\{closure}()
 8 SYSTEMPATH\Common.php(1134): CodeIgniter\View\View->render('template_admin', [], true)
 9 APPPATH\Controllers\Berita.php(37): view('template_admin', [...])
10 SYSTEMPATH\CodeIgniter.php(927): App\Controllers\Berita->View('2')
11 SYSTEMPATH\CodeIgniter.php(482): CodeIgniter\CodeIgniter->runController(Object(App\Controllers\Berita))
12 SYSTEMPATH\CodeIgniter.php(351): CodeIgniter\CodeIgniter->handleRequest(null, Object(Config\Cache), false)
13 FCPATH\index.php(67): CodeIgniter\CodeIgniter->run()
14 SYSTEMPATH\Commands\Server\rewrite.php(46): require_once('FCPATH\\index.php')
CRITICAL - 2022-12-29 08:03:12 --> Undefined property: App\Controllers\Home::$ModelBerita
in APPPATH\Controllers\Home.php on line 42.
 1 APPPATH\Controllers\Home.php(42): CodeIgniter\Debug\Exceptions->errorHandler(2, 'Undefined property: App\\Controllers\\Home::$ModelBerita', 'APPPATH\\Controllers\\Home.php', 42)
 2 SYSTEMPATH\CodeIgniter.php(927): App\Controllers\Home->Berita()
 3 SYSTEMPATH\CodeIgniter.php(482): CodeIgniter\CodeIgniter->runController(Object(App\Controllers\Home))
 4 SYSTEMPATH\CodeIgniter.php(351): CodeIgniter\CodeIgniter->handleRequest(null, Object(Config\Cache), false)
 5 FCPATH\index.php(67): CodeIgniter\CodeIgniter->run()
 6 SYSTEMPATH\Commands\Server\rewrite.php(46): require_once('FCPATH\\index.php')
CRITICAL - 2022-12-29 08:04:56 --> Undefined property: App\Controllers\Home::$ModelBerita
in APPPATH\Controllers\Home.php on line 42.
 1 APPPATH\Controllers\Home.php(42): CodeIgniter\Debug\Exceptions->errorHandler(2, 'Undefined property: App\\Controllers\\Home::$ModelBerita', 'APPPATH\\Controllers\\Home.php', 42)
 2 SYSTEMPATH\CodeIgniter.php(927): App\Controllers\Home->Berita()
 3 SYSTEMPATH\CodeIgniter.php(482): CodeIgniter\CodeIgniter->runController(Object(App\Controllers\Home))
 4 SYSTEMPATH\CodeIgniter.php(351): CodeIgniter\CodeIgniter->handleRequest(null, Object(Config\Cache), false)
 5 FCPATH\index.php(67): CodeIgniter\CodeIgniter->run()
 6 SYSTEMPATH\Commands\Server\rewrite.php(46): require_once('FCPATH\\index.php')
CRITICAL - 2022-12-29 08:05:35 --> Undefined variable $berita
in APPPATH\Views\front-end\v_berita.php on line 24.
 1 APPPATH\Views\front-end\v_berita.php(24): CodeIgniter\Debug\Exceptions->errorHandler(2, 'Undefined variable $berita', 'APPPATH\\Views\\front-end\\v_berita.php', 24)
 2 SYSTEMPATH\View\View.php(213): include('APPPATH\\Views\\front-end\\v_berita.php')
 3 SYSTEMPATH\View\View.php(216): CodeIgniter\View\View->CodeIgniter\View\{closure}()
 4 SYSTEMPATH\Common.php(1134): CodeIgniter\View\View->render('front-end/v_berita', [], true)
 5 APPPATH\Views\template_front_end.php(208): view('front-end/v_berita')
 6 SYSTEMPATH\View\View.php(213): include('APPPATH\\Views\\template_front_end.php')
 7 SYSTEMPATH\View\View.php(216): CodeIgniter\View\View->CodeIgniter\View\{closure}()
 8 SYSTEMPATH\Common.php(1134): CodeIgniter\View\View->render('template_front_end', [], true)
 9 APPPATH\Controllers\Home.php(47): view('template_front_end', [...])
10 SYSTEMPATH\CodeIgniter.php(927): App\Controllers\Home->Berita()
11 SYSTEMPATH\CodeIgniter.php(482): CodeIgniter\CodeIgniter->runController(Object(App\Controllers\Home))
12 SYSTEMPATH\CodeIgniter.php(351): CodeIgniter\CodeIgniter->handleRequest(null, Object(Config\Cache), false)
13 FCPATH\index.php(67): CodeIgniter\CodeIgniter->run()
14 SYSTEMPATH\Commands\Server\rewrite.php(46): require_once('FCPATH\\index.php')
CRITICAL - 2022-12-29 08:08:01 --> Undefined variable $berita
in APPPATH\Views\front-end\v_berita.php on line 24.
 1 APPPATH\Views\front-end\v_berita.php(24): CodeIgniter\Debug\Exceptions->errorHandler(2, 'Undefined variable $berita', 'APPPATH\\Views\\front-end\\v_berita.php', 24)
 2 SYSTEMPATH\View\View.php(213): include('APPPATH\\Views\\front-end\\v_berita.php')
 3 SYSTEMPATH\View\View.php(216): CodeIgniter\View\View->CodeIgniter\View\{closure}()
 4 SYSTEMPATH\Common.php(1134): CodeIgniter\View\View->render('front-end/v_berita', [], true)
 5 APPPATH\Views\template_front_end.php(208): view('front-end/v_berita')
 6 SYSTEMPATH\View\View.php(213): include('APPPATH\\Views\\template_front_end.php')
 7 SYSTEMPATH\View\View.php(216): CodeIgniter\View\View->CodeIgniter\View\{closure}()
 8 SYSTEMPATH\Common.php(1134): CodeIgniter\View\View->render('template_front_end', [], true)
 9 APPPATH\Controllers\Home.php(47): view('template_front_end', [...])
10 SYSTEMPATH\CodeIgniter.php(927): App\Controllers\Home->Berita()
11 SYSTEMPATH\CodeIgniter.php(482): CodeIgniter\CodeIgniter->runController(Object(App\Controllers\Home))
12 SYSTEMPATH\CodeIgniter.php(351): CodeIgniter\CodeIgniter->handleRequest(null, Object(Config\Cache), false)
13 FCPATH\index.php(67): CodeIgniter\CodeIgniter->run()
14 SYSTEMPATH\Commands\Server\rewrite.php(46): require_once('FCPATH\\index.php')
