CRITICAL - 2023-01-10 04:56:20 --> syntax error, unexpected token "{", expecting "("
in APPPATH\Controllers\Guru.php on line 115.
 1 SYSTEMPATH\Autoloader\Autoloader.php(259): CodeIgniter\Autoloader\Autoloader->includeFile('APPPATH\\Controllers\\Guru.php')
 2 SYSTEMPATH\Autoloader\Autoloader.php(237): CodeIgniter\Autoloader\Autoloader->loadInNamespace('App\\Controllers\\Guru')
 3 [internal function]: CodeIgniter\Autoloader\Autoloader->loadClass('App\\Controllers\\Guru')
 4 SYSTEMPATH\CodeIgniter.php(877): class_exists('\\App\\Controllers\\Guru', true)
 5 SYSTEMPATH\CodeIgniter.php(469): CodeIgniter\CodeIgniter->startController()
 6 SYSTEMPATH\CodeIgniter.php(351): CodeIgniter\CodeIgniter->handleRequest(null, Object(Config\Cache), false)
 7 FCPATH\index.php(67): CodeIgniter\CodeIgniter->run()
 8 SYSTEMPATH\Commands\Server\rewrite.php(46): require_once('FCPATH\\index.php')
CRITICAL - 2023-01-10 04:56:57 --> syntax error, unexpected token "elseif"
in APPPATH\Controllers\Guru.php on line 116.
 1 SYSTEMPATH\Autoloader\Autoloader.php(259): CodeIgniter\Autoloader\Autoloader->includeFile('APPPATH\\Controllers\\Guru.php')
 2 SYSTEMPATH\Autoloader\Autoloader.php(237): CodeIgniter\Autoloader\Autoloader->loadInNamespace('App\\Controllers\\Guru')
 3 [internal function]: CodeIgniter\Autoloader\Autoloader->loadClass('App\\Controllers\\Guru')
 4 SYSTEMPATH\CodeIgniter.php(877): class_exists('\\App\\Controllers\\Guru', true)
 5 SYSTEMPATH\CodeIgniter.php(469): CodeIgniter\CodeIgniter->startController()
 6 SYSTEMPATH\CodeIgniter.php(351): CodeIgniter\CodeIgniter->handleRequest(null, Object(Config\Cache), false)
 7 FCPATH\index.php(67): CodeIgniter\CodeIgniter->run()
 8 SYSTEMPATH\Commands\Server\rewrite.php(46): require_once('FCPATH\\index.php')
CRITICAL - 2023-01-10 04:57:13 --> syntax error, unexpected token "{", expecting "("
in APPPATH\Controllers\Guru.php on line 116.
 1 SYSTEMPATH\Autoloader\Autoloader.php(259): CodeIgniter\Autoloader\Autoloader->includeFile('APPPATH\\Controllers\\Guru.php')
 2 SYSTEMPATH\Autoloader\Autoloader.php(237): CodeIgniter\Autoloader\Autoloader->loadInNamespace('App\\Controllers\\Guru')
 3 [internal function]: CodeIgniter\Autoloader\Autoloader->loadClass('App\\Controllers\\Guru')
 4 SYSTEMPATH\CodeIgniter.php(877): class_exists('\\App\\Controllers\\Guru', true)
 5 SYSTEMPATH\CodeIgniter.php(469): CodeIgniter\CodeIgniter->startController()
 6 SYSTEMPATH\CodeIgniter.php(351): CodeIgniter\CodeIgniter->handleRequest(null, Object(Config\Cache), false)
 7 FCPATH\index.php(67): CodeIgniter\CodeIgniter->run()
 8 SYSTEMPATH\Commands\Server\rewrite.php(46): require_once('FCPATH\\index.php')
CRITICAL - 2023-01-10 05:08:55 --> Undefined array key "foto"
in APPPATH\Controllers\Guru.php on line 260.
 1 APPPATH\Controllers\Guru.php(260): CodeIgniter\Debug\Exceptions->errorHandler(2, 'Undefined array key "foto"', 'APPPATH\\Controllers\\Guru.php', 260)
 2 SYSTEMPATH\CodeIgniter.php(927): App\Controllers\Guru->DeleteData('1')
 3 SYSTEMPATH\CodeIgniter.php(482): CodeIgniter\CodeIgniter->runController(Object(App\Controllers\Guru))
 4 SYSTEMPATH\CodeIgniter.php(351): CodeIgniter\CodeIgniter->handleRequest(null, Object(Config\Cache), false)
 5 FCPATH\index.php(67): CodeIgniter\CodeIgniter->run()
 6 SYSTEMPATH\Commands\Server\rewrite.php(46): require_once('FCPATH\\index.php')
CRITICAL - 2023-01-10 05:09:09 --> Undefined variable $berita
in APPPATH\Controllers\Guru.php on line 261.
 1 APPPATH\Controllers\Guru.php(261): CodeIgniter\Debug\Exceptions->errorHandler(2, 'Undefined variable $berita', 'APPPATH\\Controllers\\Guru.php', 261)
 2 SYSTEMPATH\CodeIgniter.php(927): App\Controllers\Guru->DeleteData('1')
 3 SYSTEMPATH\CodeIgniter.php(482): CodeIgniter\CodeIgniter->runController(Object(App\Controllers\Guru))
 4 SYSTEMPATH\CodeIgniter.php(351): CodeIgniter\CodeIgniter->handleRequest(null, Object(Config\Cache), false)
 5 FCPATH\index.php(67): CodeIgniter\CodeIgniter->run()
 6 SYSTEMPATH\Commands\Server\rewrite.php(46): require_once('FCPATH\\index.php')
CRITICAL - 2023-01-10 05:09:24 --> Undefined array key "gambar"
in APPPATH\Controllers\Guru.php on line 261.
 1 APPPATH\Controllers\Guru.php(261): CodeIgniter\Debug\Exceptions->errorHandler(2, 'Undefined array key "gambar"', 'APPPATH\\Controllers\\Guru.php', 261)
 2 SYSTEMPATH\CodeIgniter.php(927): App\Controllers\Guru->DeleteData('1')
 3 SYSTEMPATH\CodeIgniter.php(482): CodeIgniter\CodeIgniter->runController(Object(App\Controllers\Guru))
 4 SYSTEMPATH\CodeIgniter.php(351): CodeIgniter\CodeIgniter->handleRequest(null, Object(Config\Cache), false)
 5 FCPATH\index.php(67): CodeIgniter\CodeIgniter->run()
 6 SYSTEMPATH\Commands\Server\rewrite.php(46): require_once('FCPATH\\index.php')
CRITICAL - 2023-01-10 05:09:33 --> Undefined array key "foto"
in APPPATH\Controllers\Guru.php on line 261.
 1 APPPATH\Controllers\Guru.php(261): CodeIgniter\Debug\Exceptions->errorHandler(2, 'Undefined array key "foto"', 'APPPATH\\Controllers\\Guru.php', 261)
 2 SYSTEMPATH\CodeIgniter.php(927): App\Controllers\Guru->DeleteData('1')
 3 SYSTEMPATH\CodeIgniter.php(482): CodeIgniter\CodeIgniter->runController(Object(App\Controllers\Guru))
 4 SYSTEMPATH\CodeIgniter.php(351): CodeIgniter\CodeIgniter->handleRequest(null, Object(Config\Cache), false)
 5 FCPATH\index.php(67): CodeIgniter\CodeIgniter->run()
 6 SYSTEMPATH\Commands\Server\rewrite.php(46): require_once('FCPATH\\index.php')
CRITICAL - 2023-01-10 05:45:27 --> Undefined variable $download
in APPPATH\Views\front-end\v_download.php on line 40.
 1 APPPATH\Views\front-end\v_download.php(40): CodeIgniter\Debug\Exceptions->errorHandler(2, 'Undefined variable $download', 'APPPATH\\Views\\front-end\\v_download.php', 40)
 2 SYSTEMPATH\View\View.php(213): include('APPPATH\\Views\\front-end\\v_download.php')
 3 SYSTEMPATH\View\View.php(216): CodeIgniter\View\View->CodeIgniter\View\{closure}()
 4 SYSTEMPATH\Common.php(1134): CodeIgniter\View\View->render('front-end/v_download', [], true)
 5 APPPATH\Views\template_front_end.php(214): view('front-end/v_download')
 6 SYSTEMPATH\View\View.php(213): include('APPPATH\\Views\\template_front_end.php')
 7 SYSTEMPATH\View\View.php(216): CodeIgniter\View\View->CodeIgniter\View\{closure}()
 8 SYSTEMPATH\Common.php(1134): CodeIgniter\View\View->render('template_front_end', [], true)
 9 APPPATH\Controllers\Home.php(86): view('template_front_end', [...])
10 SYSTEMPATH\CodeIgniter.php(927): App\Controllers\Home->Download()
11 SYSTEMPATH\CodeIgniter.php(482): CodeIgniter\CodeIgniter->runController(Object(App\Controllers\Home))
12 SYSTEMPATH\CodeIgniter.php(351): CodeIgniter\CodeIgniter->handleRequest(null, Object(Config\Cache), false)
13 FCPATH\index.php(67): CodeIgniter\CodeIgniter->run()
14 SYSTEMPATH\Commands\Server\rewrite.php(46): require_once('FCPATH\\index.php')
CRITICAL - 2023-01-10 06:01:00 --> Undefined property: App\Controllers\Home::$ModelDownload
in APPPATH\Controllers\Home.php on line 82.
 1 APPPATH\Controllers\Home.php(82): CodeIgniter\Debug\Exceptions->errorHandler(2, 'Undefined property: App\\Controllers\\Home::$ModelDownload', 'APPPATH\\Controllers\\Home.php', 82)
 2 SYSTEMPATH\CodeIgniter.php(927): App\Controllers\Home->Download()
 3 SYSTEMPATH\CodeIgniter.php(482): CodeIgniter\CodeIgniter->runController(Object(App\Controllers\Home))
 4 SYSTEMPATH\CodeIgniter.php(351): CodeIgniter\CodeIgniter->handleRequest(null, Object(Config\Cache), false)
 5 FCPATH\index.php(67): CodeIgniter\CodeIgniter->run()
 6 SYSTEMPATH\Commands\Server\rewrite.php(46): require_once('FCPATH\\index.php')
CRITICAL - 2023-01-10 06:02:01 --> Undefined variable $pager
in APPPATH\Views\front-end\v_download.php on line 55.
 1 APPPATH\Views\front-end\v_download.php(55): CodeIgniter\Debug\Exceptions->errorHandler(2, 'Undefined variable $pager', 'APPPATH\\Views\\front-end\\v_download.php', 55)
 2 SYSTEMPATH\View\View.php(213): include('APPPATH\\Views\\front-end\\v_download.php')
 3 SYSTEMPATH\View\View.php(216): CodeIgniter\View\View->CodeIgniter\View\{closure}()
 4 SYSTEMPATH\Common.php(1134): CodeIgniter\View\View->render('front-end/v_download', [], true)
 5 APPPATH\Views\template_front_end.php(214): view('front-end/v_download')
 6 SYSTEMPATH\View\View.php(213): include('APPPATH\\Views\\template_front_end.php')
 7 SYSTEMPATH\View\View.php(216): CodeIgniter\View\View->CodeIgniter\View\{closure}()
 8 SYSTEMPATH\Common.php(1134): CodeIgniter\View\View->render('template_front_end', [], true)
 9 APPPATH\Controllers\Home.php(88): view('template_front_end', [...])
10 SYSTEMPATH\CodeIgniter.php(927): App\Controllers\Home->Download()
11 SYSTEMPATH\CodeIgniter.php(482): CodeIgniter\CodeIgniter->runController(Object(App\Controllers\Home))
12 SYSTEMPATH\CodeIgniter.php(351): CodeIgniter\CodeIgniter->handleRequest(null, Object(Config\Cache), false)
13 FCPATH\index.php(67): CodeIgniter\CodeIgniter->run()
14 SYSTEMPATH\Commands\Server\rewrite.php(46): require_once('FCPATH\\index.php')
CRITICAL - 2023-01-10 06:02:23 --> Call to a member function links() on null
in APPPATH\Views\front-end\v_download.php on line 55.
 1 SYSTEMPATH\View\View.php(213): include()
 2 SYSTEMPATH\View\View.php(216): CodeIgniter\View\View->CodeIgniter\View\{closure}()
 3 SYSTEMPATH\Common.php(1134): CodeIgniter\View\View->render('front-end/v_download', [], true)
 4 APPPATH\Views\template_front_end.php(214): view('front-end/v_download')
 5 SYSTEMPATH\View\View.php(213): include('APPPATH\\Views\\template_front_end.php')
 6 SYSTEMPATH\View\View.php(216): CodeIgniter\View\View->CodeIgniter\View\{closure}()
 7 SYSTEMPATH\Common.php(1134): CodeIgniter\View\View->render('template_front_end', [], true)
 8 APPPATH\Controllers\Home.php(88): view('template_front_end', [...])
 9 SYSTEMPATH\CodeIgniter.php(927): App\Controllers\Home->Download()
10 SYSTEMPATH\CodeIgniter.php(482): CodeIgniter\CodeIgniter->runController(Object(App\Controllers\Home))
11 SYSTEMPATH\CodeIgniter.php(351): CodeIgniter\CodeIgniter->handleRequest(null, Object(Config\Cache), false)
12 FCPATH\index.php(67): CodeIgniter\CodeIgniter->run()
13 SYSTEMPATH\Commands\Server\rewrite.php(46): require_once('FCPATH\\index.php')
CRITICAL - 2023-01-10 06:03:54 --> Call to a member function links() on null
in APPPATH\Views\front-end\v_download.php on line 55.
 1 SYSTEMPATH\View\View.php(213): include()
 2 SYSTEMPATH\View\View.php(216): CodeIgniter\View\View->CodeIgniter\View\{closure}()
 3 SYSTEMPATH\Common.php(1134): CodeIgniter\View\View->render('front-end/v_download', [], true)
 4 APPPATH\Views\template_front_end.php(214): view('front-end/v_download')
 5 SYSTEMPATH\View\View.php(213): include('APPPATH\\Views\\template_front_end.php')
 6 SYSTEMPATH\View\View.php(216): CodeIgniter\View\View->CodeIgniter\View\{closure}()
 7 SYSTEMPATH\Common.php(1134): CodeIgniter\View\View->render('template_front_end', [], true)
 8 APPPATH\Controllers\Home.php(88): view('template_front_end', [...])
 9 SYSTEMPATH\CodeIgniter.php(927): App\Controllers\Home->Download()
10 SYSTEMPATH\CodeIgniter.php(482): CodeIgniter\CodeIgniter->runController(Object(App\Controllers\Home))
11 SYSTEMPATH\CodeIgniter.php(351): CodeIgniter\CodeIgniter->handleRequest(null, Object(Config\Cache), false)
12 FCPATH\index.php(67): CodeIgniter\CodeIgniter->run()
13 SYSTEMPATH\Commands\Server\rewrite.php(46): require_once('FCPATH\\index.php')
CRITICAL - 2023-01-10 06:05:32 --> Call to a member function links() on null
in APPPATH\Views\front-end\v_download.php on line 55.
 1 SYSTEMPATH\View\View.php(213): include()
 2 SYSTEMPATH\View\View.php(216): CodeIgniter\View\View->CodeIgniter\View\{closure}()
 3 SYSTEMPATH\Common.php(1134): CodeIgniter\View\View->render('front-end/v_download', [], true)
 4 APPPATH\Views\template_front_end.php(214): view('front-end/v_download')
 5 SYSTEMPATH\View\View.php(213): include('APPPATH\\Views\\template_front_end.php')
 6 SYSTEMPATH\View\View.php(216): CodeIgniter\View\View->CodeIgniter\View\{closure}()
 7 SYSTEMPATH\Common.php(1134): CodeIgniter\View\View->render('template_front_end', [], true)
 8 APPPATH\Controllers\Home.php(88): view('template_front_end', [...])
 9 SYSTEMPATH\CodeIgniter.php(927): App\Controllers\Home->Download()
10 SYSTEMPATH\CodeIgniter.php(482): CodeIgniter\CodeIgniter->runController(Object(App\Controllers\Home))
11 SYSTEMPATH\CodeIgniter.php(351): CodeIgniter\CodeIgniter->handleRequest(null, Object(Config\Cache), false)
12 FCPATH\index.php(67): CodeIgniter\CodeIgniter->run()
13 SYSTEMPATH\Commands\Server\rewrite.php(46): require_once('FCPATH\\index.php')
CRITICAL - 2023-01-10 06:07:23 --> Call to a member function links() on null
in APPPATH\Views\front-end\v_download.php on line 55.
 1 SYSTEMPATH\View\View.php(213): include()
 2 SYSTEMPATH\View\View.php(216): CodeIgniter\View\View->CodeIgniter\View\{closure}()
 3 SYSTEMPATH\Common.php(1134): CodeIgniter\View\View->render('front-end/v_download', [], true)
 4 APPPATH\Views\template_front_end.php(214): view('front-end/v_download')
 5 SYSTEMPATH\View\View.php(213): include('APPPATH\\Views\\template_front_end.php')
 6 SYSTEMPATH\View\View.php(216): CodeIgniter\View\View->CodeIgniter\View\{closure}()
 7 SYSTEMPATH\Common.php(1134): CodeIgniter\View\View->render('template_front_end', [], true)
 8 APPPATH\Controllers\Home.php(88): view('template_front_end', [...])
 9 SYSTEMPATH\CodeIgniter.php(927): App\Controllers\Home->Download()
10 SYSTEMPATH\CodeIgniter.php(482): CodeIgniter\CodeIgniter->runController(Object(App\Controllers\Home))
11 SYSTEMPATH\CodeIgniter.php(351): CodeIgniter\CodeIgniter->handleRequest(null, Object(Config\Cache), false)
12 FCPATH\index.php(67): CodeIgniter\CodeIgniter->run()
13 SYSTEMPATH\Commands\Server\rewrite.php(46): require_once('FCPATH\\index.php')
CRITICAL - 2023-01-10 06:08:01 --> Call to a member function links() on null
in APPPATH\Views\front-end\v_download.php on line 55.
 1 SYSTEMPATH\View\View.php(213): include()
 2 SYSTEMPATH\View\View.php(216): CodeIgniter\View\View->CodeIgniter\View\{closure}()
 3 SYSTEMPATH\Common.php(1134): CodeIgniter\View\View->render('front-end/v_download', [], true)
 4 APPPATH\Views\template_front_end.php(214): view('front-end/v_download')
 5 SYSTEMPATH\View\View.php(213): include('APPPATH\\Views\\template_front_end.php')
 6 SYSTEMPATH\View\View.php(216): CodeIgniter\View\View->CodeIgniter\View\{closure}()
 7 SYSTEMPATH\Common.php(1134): CodeIgniter\View\View->render('template_front_end', [], true)
 8 APPPATH\Controllers\Home.php(88): view('template_front_end', [...])
 9 SYSTEMPATH\CodeIgniter.php(927): App\Controllers\Home->Download()
10 SYSTEMPATH\CodeIgniter.php(482): CodeIgniter\CodeIgniter->runController(Object(App\Controllers\Home))
11 SYSTEMPATH\CodeIgniter.php(351): CodeIgniter\CodeIgniter->handleRequest(null, Object(Config\Cache), false)
12 FCPATH\index.php(67): CodeIgniter\CodeIgniter->run()
13 SYSTEMPATH\Commands\Server\rewrite.php(46): require_once('FCPATH\\index.php')
CRITICAL - 2023-01-10 06:14:03 --> Undefined variable $guru
in APPPATH\Views\download\v_download.php on line 45.
 1 APPPATH\Views\download\v_download.php(45): CodeIgniter\Debug\Exceptions->errorHandler(2, 'Undefined variable $guru', 'APPPATH\\Views\\download\\v_download.php', 45)
 2 SYSTEMPATH\View\View.php(213): include('APPPATH\\Views\\download\\v_download.php')
 3 SYSTEMPATH\View\View.php(216): CodeIgniter\View\View->CodeIgniter\View\{closure}()
 4 SYSTEMPATH\Common.php(1134): CodeIgniter\View\View->render('download/v_download', [], true)
 5 APPPATH\Views\template_admin.php(251): view('download/v_download')
 6 SYSTEMPATH\View\View.php(213): include('APPPATH\\Views\\template_admin.php')
 7 SYSTEMPATH\View\View.php(216): CodeIgniter\View\View->CodeIgniter\View\{closure}()
 8 SYSTEMPATH\Common.php(1134): CodeIgniter\View\View->render('template_admin', [], true)
 9 APPPATH\Controllers\Download.php(26): view('template_admin', [...])
10 SYSTEMPATH\CodeIgniter.php(927): App\Controllers\Download->index()
11 SYSTEMPATH\CodeIgniter.php(482): CodeIgniter\CodeIgniter->runController(Object(App\Controllers\Download))
12 SYSTEMPATH\CodeIgniter.php(351): CodeIgniter\CodeIgniter->handleRequest(null, Object(Config\Cache), false)
13 FCPATH\index.php(67): CodeIgniter\CodeIgniter->run()
14 SYSTEMPATH\Commands\Server\rewrite.php(46): require_once('FCPATH\\index.php')
CRITICAL - 2023-01-10 06:22:57 --> Undefined variable $download
in APPPATH\Views\download\v_download.php on line 41.
 1 APPPATH\Views\download\v_download.php(41): CodeIgniter\Debug\Exceptions->errorHandler(2, 'Undefined variable $download', 'APPPATH\\Views\\download\\v_download.php', 41)
 2 SYSTEMPATH\View\View.php(213): include('APPPATH\\Views\\download\\v_download.php')
 3 SYSTEMPATH\View\View.php(216): CodeIgniter\View\View->CodeIgniter\View\{closure}()
 4 SYSTEMPATH\Common.php(1134): CodeIgniter\View\View->render('download/v_download', [], true)
 5 APPPATH\Views\template_admin.php(251): view('download/v_download')
 6 SYSTEMPATH\View\View.php(213): include('APPPATH\\Views\\template_admin.php')
 7 SYSTEMPATH\View\View.php(216): CodeIgniter\View\View->CodeIgniter\View\{closure}()
 8 SYSTEMPATH\Common.php(1134): CodeIgniter\View\View->render('template_admin', [], true)
 9 APPPATH\Controllers\Download.php(26): view('template_admin', [...])
10 SYSTEMPATH\CodeIgniter.php(927): App\Controllers\Download->index()
11 SYSTEMPATH\CodeIgniter.php(482): CodeIgniter\CodeIgniter->runController(Object(App\Controllers\Download))
12 SYSTEMPATH\CodeIgniter.php(351): CodeIgniter\CodeIgniter->handleRequest(null, Object(Config\Cache), false)
13 FCPATH\index.php(67): CodeIgniter\CodeIgniter->run()
14 SYSTEMPATH\Commands\Server\rewrite.php(46): require_once('FCPATH\\index.php')
CRITICAL - 2023-01-10 07:41:14 --> Undefined variable $id_berita
in APPPATH\Controllers\Download.php on line 91.
 1 APPPATH\Controllers\Download.php(91): CodeIgniter\Debug\Exceptions->errorHandler(2, 'Undefined variable $id_berita', 'APPPATH\\Controllers\\Download.php', 91)
 2 SYSTEMPATH\CodeIgniter.php(927): App\Controllers\Download->EditData('2')
 3 SYSTEMPATH\CodeIgniter.php(482): CodeIgniter\CodeIgniter->runController(Object(App\Controllers\Download))
 4 SYSTEMPATH\CodeIgniter.php(351): CodeIgniter\CodeIgniter->handleRequest(null, Object(Config\Cache), false)
 5 FCPATH\index.php(67): CodeIgniter\CodeIgniter->run()
 6 SYSTEMPATH\Commands\Server\rewrite.php(46): require_once('FCPATH\\index.php')
CRITICAL - 2023-01-10 08:23:19 --> Cannot use object of type CodeIgniter\HTTP\Files\UploadedFile as array
in APPPATH\Controllers\Download.php on line 121.
 1 SYSTEMPATH\CodeIgniter.php(927): App\Controllers\Download->UpdateData('3')
 2 SYSTEMPATH\CodeIgniter.php(482): CodeIgniter\CodeIgniter->runController(Object(App\Controllers\Download))
 3 SYSTEMPATH\CodeIgniter.php(351): CodeIgniter\CodeIgniter->handleRequest(null, Object(Config\Cache), false)
 4 FCPATH\index.php(67): CodeIgniter\CodeIgniter->run()
 5 SYSTEMPATH\Commands\Server\rewrite.php(46): require_once('FCPATH\\index.php')
CRITICAL - 2023-01-10 08:24:51 --> Cannot use object of type CodeIgniter\HTTP\Files\UploadedFile as array
in APPPATH\Controllers\Download.php on line 121.
 1 SYSTEMPATH\CodeIgniter.php(927): App\Controllers\Download->UpdateData('3')
 2 SYSTEMPATH\CodeIgniter.php(482): CodeIgniter\CodeIgniter->runController(Object(App\Controllers\Download))
 3 SYSTEMPATH\CodeIgniter.php(351): CodeIgniter\CodeIgniter->handleRequest(null, Object(Config\Cache), false)
 4 FCPATH\index.php(67): CodeIgniter\CodeIgniter->run()
 5 SYSTEMPATH\Commands\Server\rewrite.php(46): require_once('FCPATH\\index.php')
CRITICAL - 2023-01-10 08:32:46 --> Undefined variable $nama_file
in APPPATH\Controllers\Download.php on line 73.
 1 APPPATH\Controllers\Download.php(73): CodeIgniter\Debug\Exceptions->errorHandler(2, 'Undefined variable $nama_file', 'APPPATH\\Controllers\\Download.php', 73)
 2 SYSTEMPATH\CodeIgniter.php(927): App\Controllers\Download->InsertData()
 3 SYSTEMPATH\CodeIgniter.php(482): CodeIgniter\CodeIgniter->runController(Object(App\Controllers\Download))
 4 SYSTEMPATH\CodeIgniter.php(351): CodeIgniter\CodeIgniter->handleRequest(null, Object(Config\Cache), false)
 5 FCPATH\index.php(67): CodeIgniter\CodeIgniter->run()
 6 SYSTEMPATH\Commands\Server\rewrite.php(46): require_once('FCPATH\\index.php')
CRITICAL - 2023-01-10 08:33:58 --> Could not move file phpE0E4.tmp to file/ ()
in SYSTEMPATH\HTTP\Files\UploadedFile.php on line 149.
 1 SYSTEMPATH\HTTP\Files\UploadedFile.php(149): CodeIgniter\HTTP\Exceptions\HTTPException::forMoveFailed('phpE0E4.tmp', 'FCPATH\\file', 'ROOTPATH\\public')
 2 APPPATH\Controllers\Download.php(73): CodeIgniter\HTTP\Files\UploadedFile->move('FCPATH\\file', 'C:\\xampp\\tmp\\phpE0E4.tmp')
 3 SYSTEMPATH\CodeIgniter.php(927): App\Controllers\Download->InsertData()
 4 SYSTEMPATH\CodeIgniter.php(482): CodeIgniter\CodeIgniter->runController(Object(App\Controllers\Download))
 5 SYSTEMPATH\CodeIgniter.php(351): CodeIgniter\CodeIgniter->handleRequest(null, Object(Config\Cache), false)
 6 FCPATH\index.php(67): CodeIgniter\CodeIgniter->run()
 7 SYSTEMPATH\Commands\Server\rewrite.php(46): require_once('FCPATH\\index.php')
CRITICAL - 2023-01-10 08:37:13 --> Could not move file phpDB59.tmp to file/ ()
in SYSTEMPATH\HTTP\Files\UploadedFile.php on line 149.
 1 SYSTEMPATH\HTTP\Files\UploadedFile.php(149): CodeIgniter\HTTP\Exceptions\HTTPException::forMoveFailed('phpDB59.tmp', 'FCPATH\\file', 'ROOTPATH\\public')
 2 APPPATH\Controllers\Download.php(73): CodeIgniter\HTTP\Files\UploadedFile->move('FCPATH\\file', 'C:\\xampp\\tmp\\phpDB59.tmp')
 3 SYSTEMPATH\CodeIgniter.php(927): App\Controllers\Download->InsertData()
 4 SYSTEMPATH\CodeIgniter.php(482): CodeIgniter\CodeIgniter->runController(Object(App\Controllers\Download))
 5 SYSTEMPATH\CodeIgniter.php(351): CodeIgniter\CodeIgniter->handleRequest(null, Object(Config\Cache), false)
 6 FCPATH\index.php(67): CodeIgniter\CodeIgniter->run()
 7 SYSTEMPATH\Commands\Server\rewrite.php(46): require_once('FCPATH\\index.php')
CRITICAL - 2023-01-10 08:38:35 --> Could not move file php1BBA.tmp to file/ ()
in SYSTEMPATH\HTTP\Files\UploadedFile.php on line 149.
 1 SYSTEMPATH\HTTP\Files\UploadedFile.php(149): CodeIgniter\HTTP\Exceptions\HTTPException::forMoveFailed('php1BBA.tmp', 'FCPATH\\file', 'ROOTPATH\\public')
 2 APPPATH\Controllers\Download.php(73): CodeIgniter\HTTP\Files\UploadedFile->move('FCPATH\\file', 'C:\\xampp\\tmp\\php1BBA.tmp')
 3 SYSTEMPATH\CodeIgniter.php(927): App\Controllers\Download->InsertData()
 4 SYSTEMPATH\CodeIgniter.php(482): CodeIgniter\CodeIgniter->runController(Object(App\Controllers\Download))
 5 SYSTEMPATH\CodeIgniter.php(351): CodeIgniter\CodeIgniter->handleRequest(null, Object(Config\Cache), false)
 6 FCPATH\index.php(67): CodeIgniter\CodeIgniter->run()
 7 SYSTEMPATH\Commands\Server\rewrite.php(46): require_once('FCPATH\\index.php')
CRITICAL - 2023-01-10 09:15:11 --> syntax error, unexpected token ";", expecting "]"
in APPPATH\Controllers\Setting.php on line 29.
 1 SYSTEMPATH\Autoloader\Autoloader.php(259): CodeIgniter\Autoloader\Autoloader->includeFile('APPPATH\\Controllers\\Setting.php')
 2 SYSTEMPATH\Autoloader\Autoloader.php(237): CodeIgniter\Autoloader\Autoloader->loadInNamespace('App\\Controllers\\Setting')
 3 [internal function]: CodeIgniter\Autoloader\Autoloader->loadClass('App\\Controllers\\Setting')
 4 SYSTEMPATH\CodeIgniter.php(877): class_exists('\\App\\Controllers\\Setting', true)
 5 SYSTEMPATH\CodeIgniter.php(469): CodeIgniter\CodeIgniter->startController()
 6 SYSTEMPATH\CodeIgniter.php(351): CodeIgniter\CodeIgniter->handleRequest(null, Object(Config\Cache), false)
 7 FCPATH\index.php(67): CodeIgniter\CodeIgniter->run()
 8 SYSTEMPATH\Commands\Server\rewrite.php(46): require_once('FCPATH\\index.php')
CRITICAL - 2023-01-10 09:15:24 --> Undefined property: App\Controllers\Setting::$ModelSekolah
in APPPATH\Controllers\Setting.php on line 29.
 1 APPPATH\Controllers\Setting.php(29): CodeIgniter\Debug\Exceptions->errorHandler(2, 'Undefined property: App\\Controllers\\Setting::$ModelSekolah', 'APPPATH\\Controllers\\Setting.php', 29)
 2 SYSTEMPATH\CodeIgniter.php(927): App\Controllers\Setting->Logo()
 3 SYSTEMPATH\CodeIgniter.php(482): CodeIgniter\CodeIgniter->runController(Object(App\Controllers\Setting))
 4 SYSTEMPATH\CodeIgniter.php(351): CodeIgniter\CodeIgniter->handleRequest(null, Object(Config\Cache), false)
 5 FCPATH\index.php(67): CodeIgniter\CodeIgniter->run()
 6 SYSTEMPATH\Commands\Server\rewrite.php(46): require_once('FCPATH\\index.php')
CRITICAL - 2023-01-10 09:16:15 --> Undefined property: App\Controllers\Setting::$ModelSekolah
in APPPATH\Controllers\Setting.php on line 29.
 1 APPPATH\Controllers\Setting.php(29): CodeIgniter\Debug\Exceptions->errorHandler(2, 'Undefined property: App\\Controllers\\Setting::$ModelSekolah', 'APPPATH\\Controllers\\Setting.php', 29)
 2 SYSTEMPATH\CodeIgniter.php(927): App\Controllers\Setting->Logo()
 3 SYSTEMPATH\CodeIgniter.php(482): CodeIgniter\CodeIgniter->runController(Object(App\Controllers\Setting))
 4 SYSTEMPATH\CodeIgniter.php(351): CodeIgniter\CodeIgniter->handleRequest(null, Object(Config\Cache), false)
 5 FCPATH\index.php(67): CodeIgniter\CodeIgniter->run()
 6 SYSTEMPATH\Commands\Server\rewrite.php(46): require_once('FCPATH\\index.php')
CRITICAL - 2023-01-10 09:22:58 --> Undefined property: App\Controllers\Setting::$ModelSekolah
in APPPATH\Controllers\Setting.php on line 29.
 1 APPPATH\Controllers\Setting.php(29): CodeIgniter\Debug\Exceptions->errorHandler(2, 'Undefined property: App\\Controllers\\Setting::$ModelSekolah', 'APPPATH\\Controllers\\Setting.php', 29)
 2 SYSTEMPATH\CodeIgniter.php(927): App\Controllers\Setting->Logo()
 3 SYSTEMPATH\CodeIgniter.php(482): CodeIgniter\CodeIgniter->runController(Object(App\Controllers\Setting))
 4 SYSTEMPATH\CodeIgniter.php(351): CodeIgniter\CodeIgniter->handleRequest(null, Object(Config\Cache), false)
 5 FCPATH\index.php(67): CodeIgniter\CodeIgniter->run()
 6 SYSTEMPATH\Commands\Server\rewrite.php(46): require_once('FCPATH\\index.php')
