ERROR - 2023-08-22 05:31:10 --> mysqli_sql_exception: Table 'tbl_berita' already exists in D:\project\sias\vendor\codeigniter4\framework\system\Database\MySQLi\Connection.php:292
Stack trace:
#0 D:\project\sias\vendor\codeigniter4\framework\system\Database\MySQLi\Connection.php(292): mysqli->query('CREATE TABLE `t...', 0)
#1 D:\project\sias\vendor\codeigniter4\framework\system\Database\BaseConnection.php(666): CodeIgniter\Database\MySQLi\Connection->execute('CREATE TABLE `t...')
#2 D:\project\sias\vendor\codeigniter4\framework\system\Database\BaseConnection.php(593): CodeIgniter\Database\BaseConnection->simpleQuery('CREATE TABLE `t...')
#3 D:\project\sias\vendor\codeigniter4\framework\system\Database\Forge.php(509): CodeIgniter\Database\BaseConnection->query('CREATE TABLE `t...')
#4 D:\project\sias\app\Database\Migrations\2023-08-21-221628_TblBerita.php(52): CodeIgniter\Database\Forge->createTable('tbl_berita')
#5 D:\project\sias\vendor\codeigniter4\framework\system\Database\MigrationRunner.php(868): App\Database\Migrations\TblBerita->up()
#6 D:\project\sias\vendor\codeigniter4\framework\system\Database\MigrationRunner.php(187): CodeIgniter\Database\MigrationRunner->migrate('up', Object(stdClass))
#7 D:\project\sias\vendor\codeigniter4\framework\system\Commands\Database\Migrate.php(84): CodeIgniter\Database\MigrationRunner->latest(NULL)
#8 D:\project\sias\vendor\codeigniter4\framework\system\CLI\Commands.php(63): CodeIgniter\Commands\Database\Migrate->run(Array)
#9 D:\project\sias\vendor\codeigniter4\framework\system\CLI\CommandRunner.php(65): CodeIgniter\CLI\Commands->run('migrate', Array)
#10 D:\project\sias\vendor\codeigniter4\framework\system\CLI\CommandRunner.php(51): CodeIgniter\CLI\CommandRunner->index(Array)
#11 D:\project\sias\vendor\codeigniter4\framework\system\CodeIgniter.php(920): CodeIgniter\CLI\CommandRunner->_remap('index', Array)
#12 D:\project\sias\vendor\codeigniter4\framework\system\CodeIgniter.php(482): CodeIgniter\CodeIgniter->runController(Object(CodeIgniter\CLI\CommandRunner))
#13 D:\project\sias\vendor\codeigniter4\framework\system\CodeIgniter.php(347): CodeIgniter\CodeIgniter->handleRequest(NULL, Object(Config\Cache), false)
#14 D:\project\sias\vendor\codeigniter4\framework\system\CLI\Console.php(48): CodeIgniter\CodeIgniter->run()
#15 D:\project\sias\spark(98): CodeIgniter\CLI\Console->run()
#16 {main}
ERROR - 2023-08-22 05:31:25 --> mysqli_sql_exception: Table 'tbl_berita' already exists in D:\project\sias\vendor\codeigniter4\framework\system\Database\MySQLi\Connection.php:292
Stack trace:
#0 D:\project\sias\vendor\codeigniter4\framework\system\Database\MySQLi\Connection.php(292): mysqli->query('CREATE TABLE `t...', 0)
#1 D:\project\sias\vendor\codeigniter4\framework\system\Database\BaseConnection.php(666): CodeIgniter\Database\MySQLi\Connection->execute('CREATE TABLE `t...')
#2 D:\project\sias\vendor\codeigniter4\framework\system\Database\BaseConnection.php(593): CodeIgniter\Database\BaseConnection->simpleQuery('CREATE TABLE `t...')
#3 D:\project\sias\vendor\codeigniter4\framework\system\Database\Forge.php(509): CodeIgniter\Database\BaseConnection->query('CREATE TABLE `t...')
#4 D:\project\sias\app\Database\Migrations\2023-08-21-221628_TblBerita.php(52): CodeIgniter\Database\Forge->createTable('tbl_berita')
#5 D:\project\sias\vendor\codeigniter4\framework\system\Database\MigrationRunner.php(868): App\Database\Migrations\TblBerita->up()
#6 D:\project\sias\vendor\codeigniter4\framework\system\Database\MigrationRunner.php(187): CodeIgniter\Database\MigrationRunner->migrate('up', Object(stdClass))
#7 D:\project\sias\vendor\codeigniter4\framework\system\Commands\Database\Migrate.php(84): CodeIgniter\Database\MigrationRunner->latest(NULL)
#8 D:\project\sias\vendor\codeigniter4\framework\system\CLI\Commands.php(63): CodeIgniter\Commands\Database\Migrate->run(Array)
#9 D:\project\sias\vendor\codeigniter4\framework\system\CLI\BaseCommand.php(112): CodeIgniter\CLI\Commands->run('migrate', Array)
#10 D:\project\sias\vendor\codeigniter4\framework\system\Commands\Database\MigrateRefresh.php(85): CodeIgniter\CLI\BaseCommand->call('migrate', Array)
#11 D:\project\sias\vendor\codeigniter4\framework\system\CLI\Commands.php(63): CodeIgniter\Commands\Database\MigrateRefresh->run(Array)
#12 D:\project\sias\vendor\codeigniter4\framework\system\CLI\CommandRunner.php(65): CodeIgniter\CLI\Commands->run('migrate:refresh', Array)
#13 D:\project\sias\vendor\codeigniter4\framework\system\CLI\CommandRunner.php(51): CodeIgniter\CLI\CommandRunner->index(Array)
#14 D:\project\sias\vendor\codeigniter4\framework\system\CodeIgniter.php(920): CodeIgniter\CLI\CommandRunner->_remap('index', Array)
#15 D:\project\sias\vendor\codeigniter4\framework\system\CodeIgniter.php(482): CodeIgniter\CodeIgniter->runController(Object(CodeIgniter\CLI\CommandRunner))
#16 D:\project\sias\vendor\codeigniter4\framework\system\CodeIgniter.php(347): CodeIgniter\CodeIgniter->handleRequest(NULL, Object(Config\Cache), false)
#17 D:\project\sias\vendor\codeigniter4\framework\system\CLI\Console.php(48): CodeIgniter\CodeIgniter->run()
#18 D:\project\sias\spark(98): CodeIgniter\CLI\Console->run()
#19 {main}
ERROR - 2023-08-22 05:36:32 --> mysqli_sql_exception: Table 'tbl_berita' already exists in D:\project\sias\vendor\codeigniter4\framework\system\Database\MySQLi\Connection.php:292
Stack trace:
#0 D:\project\sias\vendor\codeigniter4\framework\system\Database\MySQLi\Connection.php(292): mysqli->query('CREATE TABLE `t...', 0)
#1 D:\project\sias\vendor\codeigniter4\framework\system\Database\BaseConnection.php(666): CodeIgniter\Database\MySQLi\Connection->execute('CREATE TABLE `t...')
#2 D:\project\sias\vendor\codeigniter4\framework\system\Database\BaseConnection.php(593): CodeIgniter\Database\BaseConnection->simpleQuery('CREATE TABLE `t...')
#3 D:\project\sias\vendor\codeigniter4\framework\system\Database\Forge.php(509): CodeIgniter\Database\BaseConnection->query('CREATE TABLE `t...')
#4 D:\project\sias\app\Database\Migrations\2023-08-21-221628_TblBerita.php(52): CodeIgniter\Database\Forge->createTable('tbl_berita')
#5 D:\project\sias\vendor\codeigniter4\framework\system\Database\MigrationRunner.php(868): App\Database\Migrations\TblBerita->up()
#6 D:\project\sias\vendor\codeigniter4\framework\system\Database\MigrationRunner.php(187): CodeIgniter\Database\MigrationRunner->migrate('up', Object(stdClass))
#7 D:\project\sias\vendor\codeigniter4\framework\system\Commands\Database\Migrate.php(84): CodeIgniter\Database\MigrationRunner->latest(NULL)
#8 D:\project\sias\vendor\codeigniter4\framework\system\CLI\Commands.php(63): CodeIgniter\Commands\Database\Migrate->run(Array)
#9 D:\project\sias\vendor\codeigniter4\framework\system\CLI\CommandRunner.php(65): CodeIgniter\CLI\Commands->run('migrate', Array)
#10 D:\project\sias\vendor\codeigniter4\framework\system\CLI\CommandRunner.php(51): CodeIgniter\CLI\CommandRunner->index(Array)
#11 D:\project\sias\vendor\codeigniter4\framework\system\CodeIgniter.php(920): CodeIgniter\CLI\CommandRunner->_remap('index', Array)
#12 D:\project\sias\vendor\codeigniter4\framework\system\CodeIgniter.php(482): CodeIgniter\CodeIgniter->runController(Object(CodeIgniter\CLI\CommandRunner))
#13 D:\project\sias\vendor\codeigniter4\framework\system\CodeIgniter.php(347): CodeIgniter\CodeIgniter->handleRequest(NULL, Object(Config\Cache), false)
#14 D:\project\sias\vendor\codeigniter4\framework\system\CLI\Console.php(48): CodeIgniter\CodeIgniter->run()
#15 D:\project\sias\spark(98): CodeIgniter\CLI\Console->run()
#16 {main}
ERROR - 2023-08-22 05:50:29 --> mysqli_sql_exception: You have an error in your SQL syntax; check the manual that corresponds to your MariaDB server version for the right syntax to use near '' at line 2 in D:\project\sias\vendor\codeigniter4\framework\system\Database\MySQLi\Connection.php:292
Stack trace:
#0 D:\project\sias\vendor\codeigniter4\framework\system\Database\MySQLi\Connection.php(292): mysqli->query('ALTER TABLE `tb...', 0)
#1 D:\project\sias\vendor\codeigniter4\framework\system\Database\BaseConnection.php(666): CodeIgniter\Database\MySQLi\Connection->execute('ALTER TABLE `tb...')
#2 D:\project\sias\vendor\codeigniter4\framework\system\Database\BaseConnection.php(593): CodeIgniter\Database\BaseConnection->simpleQuery('ALTER TABLE `tb...')
#3 D:\project\sias\vendor\codeigniter4\framework\system\Database\Forge.php(769): CodeIgniter\Database\BaseConnection->query('ALTER TABLE `tb...')
#4 D:\project\sias\app\Database\Migrations\2023-08-21-221628_TblBerita.php(16): CodeIgniter\Database\Forge->modifyColumn('tbl_berita', Array)
#5 D:\project\sias\vendor\codeigniter4\framework\system\Database\MigrationRunner.php(868): App\Database\Migrations\TblBerita->up()
#6 D:\project\sias\vendor\codeigniter4\framework\system\Database\MigrationRunner.php(187): CodeIgniter\Database\MigrationRunner->migrate('up', Object(stdClass))
#7 D:\project\sias\vendor\codeigniter4\framework\system\Commands\Database\Migrate.php(84): CodeIgniter\Database\MigrationRunner->latest(NULL)
#8 D:\project\sias\vendor\codeigniter4\framework\system\CLI\Commands.php(63): CodeIgniter\Commands\Database\Migrate->run(Array)
#9 D:\project\sias\vendor\codeigniter4\framework\system\CLI\CommandRunner.php(65): CodeIgniter\CLI\Commands->run('migrate', Array)
#10 D:\project\sias\vendor\codeigniter4\framework\system\CLI\CommandRunner.php(51): CodeIgniter\CLI\CommandRunner->index(Array)
#11 D:\project\sias\vendor\codeigniter4\framework\system\CodeIgniter.php(920): CodeIgniter\CLI\CommandRunner->_remap('index', Array)
#12 D:\project\sias\vendor\codeigniter4\framework\system\CodeIgniter.php(482): CodeIgniter\CodeIgniter->runController(Object(CodeIgniter\CLI\CommandRunner))
#13 D:\project\sias\vendor\codeigniter4\framework\system\CodeIgniter.php(347): CodeIgniter\CodeIgniter->handleRequest(NULL, Object(Config\Cache), false)
#14 D:\project\sias\vendor\codeigniter4\framework\system\CLI\Console.php(48): CodeIgniter\CodeIgniter->run()
#15 D:\project\sias\spark(98): CodeIgniter\CLI\Console->run()
#16 {main}
ERROR - 2023-08-22 05:50:36 --> mysqli_sql_exception: You have an error in your SQL syntax; check the manual that corresponds to your MariaDB server version for the right syntax to use near '' at line 2 in D:\project\sias\vendor\codeigniter4\framework\system\Database\MySQLi\Connection.php:292
Stack trace:
#0 D:\project\sias\vendor\codeigniter4\framework\system\Database\MySQLi\Connection.php(292): mysqli->query('ALTER TABLE `tb...', 0)
#1 D:\project\sias\vendor\codeigniter4\framework\system\Database\BaseConnection.php(666): CodeIgniter\Database\MySQLi\Connection->execute('ALTER TABLE `tb...')
#2 D:\project\sias\vendor\codeigniter4\framework\system\Database\BaseConnection.php(593): CodeIgniter\Database\BaseConnection->simpleQuery('ALTER TABLE `tb...')
#3 D:\project\sias\vendor\codeigniter4\framework\system\Database\Forge.php(769): CodeIgniter\Database\BaseConnection->query('ALTER TABLE `tb...')
#4 D:\project\sias\app\Database\Migrations\2023-08-21-221628_TblBerita.php(16): CodeIgniter\Database\Forge->modifyColumn('tbl_berita', Array)
#5 D:\project\sias\vendor\codeigniter4\framework\system\Database\MigrationRunner.php(868): App\Database\Migrations\TblBerita->up()
#6 D:\project\sias\vendor\codeigniter4\framework\system\Database\MigrationRunner.php(187): CodeIgniter\Database\MigrationRunner->migrate('up', Object(stdClass))
#7 D:\project\sias\vendor\codeigniter4\framework\system\Commands\Database\Migrate.php(84): CodeIgniter\Database\MigrationRunner->latest(NULL)
#8 D:\project\sias\vendor\codeigniter4\framework\system\CLI\Commands.php(63): CodeIgniter\Commands\Database\Migrate->run(Array)
#9 D:\project\sias\vendor\codeigniter4\framework\system\CLI\BaseCommand.php(112): CodeIgniter\CLI\Commands->run('migrate', Array)
#10 D:\project\sias\vendor\codeigniter4\framework\system\Commands\Database\MigrateRefresh.php(85): CodeIgniter\CLI\BaseCommand->call('migrate', Array)
#11 D:\project\sias\vendor\codeigniter4\framework\system\CLI\Commands.php(63): CodeIgniter\Commands\Database\MigrateRefresh->run(Array)
#12 D:\project\sias\vendor\codeigniter4\framework\system\CLI\CommandRunner.php(65): CodeIgniter\CLI\Commands->run('migrate:refresh', Array)
#13 D:\project\sias\vendor\codeigniter4\framework\system\CLI\CommandRunner.php(51): CodeIgniter\CLI\CommandRunner->index(Array)
#14 D:\project\sias\vendor\codeigniter4\framework\system\CodeIgniter.php(920): CodeIgniter\CLI\CommandRunner->_remap('index', Array)
#15 D:\project\sias\vendor\codeigniter4\framework\system\CodeIgniter.php(482): CodeIgniter\CodeIgniter->runController(Object(CodeIgniter\CLI\CommandRunner))
#16 D:\project\sias\vendor\codeigniter4\framework\system\CodeIgniter.php(347): CodeIgniter\CodeIgniter->handleRequest(NULL, Object(Config\Cache), false)
#17 D:\project\sias\vendor\codeigniter4\framework\system\CLI\Console.php(48): CodeIgniter\CodeIgniter->run()
#18 D:\project\sias\spark(98): CodeIgniter\CLI\Console->run()
#19 {main}
ERROR - 2023-08-22 06:06:06 --> mysqli_sql_exception: Duplicate column name 'kategori' in D:\project\sias\vendor\codeigniter4\framework\system\Database\MySQLi\Connection.php:292
Stack trace:
#0 D:\project\sias\vendor\codeigniter4\framework\system\Database\MySQLi\Connection.php(292): mysqli->query('ALTER TABLE `tb...', 0)
#1 D:\project\sias\vendor\codeigniter4\framework\system\Database\BaseConnection.php(666): CodeIgniter\Database\MySQLi\Connection->execute('ALTER TABLE `tb...')
#2 D:\project\sias\vendor\codeigniter4\framework\system\Database\BaseConnection.php(593): CodeIgniter\Database\BaseConnection->simpleQuery('ALTER TABLE `tb...')
#3 D:\project\sias\vendor\codeigniter4\framework\system\Database\Forge.php(708): CodeIgniter\Database\BaseConnection->query('ALTER TABLE `tb...')
#4 D:\project\sias\app\Database\Migrations\2023-08-21-221628_TblBerita.php(12): CodeIgniter\Database\Forge->addColumn('tbl_berita', Array)
#5 D:\project\sias\vendor\codeigniter4\framework\system\Database\MigrationRunner.php(868): App\Database\Migrations\TblBerita->up()
#6 D:\project\sias\vendor\codeigniter4\framework\system\Database\MigrationRunner.php(187): CodeIgniter\Database\MigrationRunner->migrate('up', Object(stdClass))
#7 D:\project\sias\vendor\codeigniter4\framework\system\Commands\Database\Migrate.php(84): CodeIgniter\Database\MigrationRunner->latest(NULL)
#8 D:\project\sias\vendor\codeigniter4\framework\system\CLI\Commands.php(63): CodeIgniter\Commands\Database\Migrate->run(Array)
#9 D:\project\sias\vendor\codeigniter4\framework\system\CLI\CommandRunner.php(65): CodeIgniter\CLI\Commands->run('migrate', Array)
#10 D:\project\sias\vendor\codeigniter4\framework\system\CLI\CommandRunner.php(51): CodeIgniter\CLI\CommandRunner->index(Array)
#11 D:\project\sias\vendor\codeigniter4\framework\system\CodeIgniter.php(920): CodeIgniter\CLI\CommandRunner->_remap('index', Array)
#12 D:\project\sias\vendor\codeigniter4\framework\system\CodeIgniter.php(482): CodeIgniter\CodeIgniter->runController(Object(CodeIgniter\CLI\CommandRunner))
#13 D:\project\sias\vendor\codeigniter4\framework\system\CodeIgniter.php(347): CodeIgniter\CodeIgniter->handleRequest(NULL, Object(Config\Cache), false)
#14 D:\project\sias\vendor\codeigniter4\framework\system\CLI\Console.php(48): CodeIgniter\CodeIgniter->run()
#15 D:\project\sias\spark(98): CodeIgniter\CLI\Console->run()
#16 {main}
ERROR - 2023-08-22 06:20:19 --> mysqli_sql_exception: Unknown column 'kategori' in 'tbl_berita' in D:\project\sias\vendor\codeigniter4\framework\system\Database\MySQLi\Connection.php:292
Stack trace:
#0 D:\project\sias\vendor\codeigniter4\framework\system\Database\MySQLi\Connection.php(292): mysqli->query('ALTER TABLE `tb...', 0)
#1 D:\project\sias\vendor\codeigniter4\framework\system\Database\BaseConnection.php(666): CodeIgniter\Database\MySQLi\Connection->execute('ALTER TABLE `tb...')
#2 D:\project\sias\vendor\codeigniter4\framework\system\Database\BaseConnection.php(593): CodeIgniter\Database\BaseConnection->simpleQuery('ALTER TABLE `tb...')
#3 D:\project\sias\vendor\codeigniter4\framework\system\Database\Forge.php(769): CodeIgniter\Database\BaseConnection->query('ALTER TABLE `tb...')
#4 D:\project\sias\app\Database\Migrations\2023-08-21-221628_TblBerita.php(17): CodeIgniter\Database\Forge->modifyColumn('tbl_berita', Array)
#5 D:\project\sias\vendor\codeigniter4\framework\system\Database\MigrationRunner.php(868): App\Database\Migrations\TblBerita->up()
#6 D:\project\sias\vendor\codeigniter4\framework\system\Database\MigrationRunner.php(187): CodeIgniter\Database\MigrationRunner->migrate('up', Object(stdClass))
#7 D:\project\sias\vendor\codeigniter4\framework\system\Commands\Database\Migrate.php(84): CodeIgniter\Database\MigrationRunner->latest(NULL)
#8 D:\project\sias\vendor\codeigniter4\framework\system\CLI\Commands.php(63): CodeIgniter\Commands\Database\Migrate->run(Array)
#9 D:\project\sias\vendor\codeigniter4\framework\system\CLI\BaseCommand.php(112): CodeIgniter\CLI\Commands->run('migrate', Array)
#10 D:\project\sias\vendor\codeigniter4\framework\system\Commands\Database\MigrateRefresh.php(85): CodeIgniter\CLI\BaseCommand->call('migrate', Array)
#11 D:\project\sias\vendor\codeigniter4\framework\system\CLI\Commands.php(63): CodeIgniter\Commands\Database\MigrateRefresh->run(Array)
#12 D:\project\sias\vendor\codeigniter4\framework\system\CLI\CommandRunner.php(65): CodeIgniter\CLI\Commands->run('migrate:refresh', Array)
#13 D:\project\sias\vendor\codeigniter4\framework\system\CLI\CommandRunner.php(51): CodeIgniter\CLI\CommandRunner->index(Array)
#14 D:\project\sias\vendor\codeigniter4\framework\system\CodeIgniter.php(920): CodeIgniter\CLI\CommandRunner->_remap('index', Array)
#15 D:\project\sias\vendor\codeigniter4\framework\system\CodeIgniter.php(482): CodeIgniter\CodeIgniter->runController(Object(CodeIgniter\CLI\CommandRunner))
#16 D:\project\sias\vendor\codeigniter4\framework\system\CodeIgniter.php(347): CodeIgniter\CodeIgniter->handleRequest(NULL, Object(Config\Cache), false)
#17 D:\project\sias\vendor\codeigniter4\framework\system\CLI\Console.php(48): CodeIgniter\CodeIgniter->run()
#18 D:\project\sias\spark(98): CodeIgniter\CLI\Console->run()
#19 {main}
ERROR - 2023-08-22 06:20:40 --> mysqli_sql_exception: Unknown column 'kategori' in 'tbl_berita' in D:\project\sias\vendor\codeigniter4\framework\system\Database\MySQLi\Connection.php:292
Stack trace:
#0 D:\project\sias\vendor\codeigniter4\framework\system\Database\MySQLi\Connection.php(292): mysqli->query('ALTER TABLE `tb...', 0)
#1 D:\project\sias\vendor\codeigniter4\framework\system\Database\BaseConnection.php(666): CodeIgniter\Database\MySQLi\Connection->execute('ALTER TABLE `tb...')
#2 D:\project\sias\vendor\codeigniter4\framework\system\Database\BaseConnection.php(593): CodeIgniter\Database\BaseConnection->simpleQuery('ALTER TABLE `tb...')
#3 D:\project\sias\vendor\codeigniter4\framework\system\Database\Forge.php(769): CodeIgniter\Database\BaseConnection->query('ALTER TABLE `tb...')
#4 D:\project\sias\app\Database\Migrations\2023-08-21-221628_TblBerita.php(17): CodeIgniter\Database\Forge->modifyColumn('tbl_berita', Array)
#5 D:\project\sias\vendor\codeigniter4\framework\system\Database\MigrationRunner.php(868): App\Database\Migrations\TblBerita->up()
#6 D:\project\sias\vendor\codeigniter4\framework\system\Database\MigrationRunner.php(187): CodeIgniter\Database\MigrationRunner->migrate('up', Object(stdClass))
#7 D:\project\sias\vendor\codeigniter4\framework\system\Commands\Database\Migrate.php(84): CodeIgniter\Database\MigrationRunner->latest(NULL)
#8 D:\project\sias\vendor\codeigniter4\framework\system\CLI\Commands.php(63): CodeIgniter\Commands\Database\Migrate->run(Array)
#9 D:\project\sias\vendor\codeigniter4\framework\system\CLI\CommandRunner.php(65): CodeIgniter\CLI\Commands->run('migrate', Array)
#10 D:\project\sias\vendor\codeigniter4\framework\system\CLI\CommandRunner.php(51): CodeIgniter\CLI\CommandRunner->index(Array)
#11 D:\project\sias\vendor\codeigniter4\framework\system\CodeIgniter.php(920): CodeIgniter\CLI\CommandRunner->_remap('index', Array)
#12 D:\project\sias\vendor\codeigniter4\framework\system\CodeIgniter.php(482): CodeIgniter\CodeIgniter->runController(Object(CodeIgniter\CLI\CommandRunner))
#13 D:\project\sias\vendor\codeigniter4\framework\system\CodeIgniter.php(347): CodeIgniter\CodeIgniter->handleRequest(NULL, Object(Config\Cache), false)
#14 D:\project\sias\vendor\codeigniter4\framework\system\CLI\Console.php(48): CodeIgniter\CodeIgniter->run()
#15 D:\project\sias\spark(98): CodeIgniter\CLI\Console->run()
#16 {main}
ERROR - 2023-08-22 07:32:22 --> mysqli_sql_exception: You have an error in your SQL syntax; check the manual that corresponds to your MariaDB server version for the right syntax to use near 'INT(25) NOT NULL' at line 2 in D:\project\sias\vendor\codeigniter4\framework\system\Database\MySQLi\Connection.php:292
Stack trace:
#0 D:\project\sias\vendor\codeigniter4\framework\system\Database\MySQLi\Connection.php(292): mysqli->query('ALTER TABLE `tb...', 0)
#1 D:\project\sias\vendor\codeigniter4\framework\system\Database\BaseConnection.php(666): CodeIgniter\Database\MySQLi\Connection->execute('ALTER TABLE `tb...')
#2 D:\project\sias\vendor\codeigniter4\framework\system\Database\BaseConnection.php(593): CodeIgniter\Database\BaseConnection->simpleQuery('ALTER TABLE `tb...')
#3 D:\project\sias\vendor\codeigniter4\framework\system\Database\Forge.php(708): CodeIgniter\Database\BaseConnection->query('ALTER TABLE `tb...')
#4 D:\project\sias\app\Database\Migrations\2023-08-21-221628_TblBerita.php(19): CodeIgniter\Database\Forge->addColumn('tbl_berita', Array)
#5 D:\project\sias\vendor\codeigniter4\framework\system\Database\MigrationRunner.php(868): App\Database\Migrations\TblBerita->up()
#6 D:\project\sias\vendor\codeigniter4\framework\system\Database\MigrationRunner.php(187): CodeIgniter\Database\MigrationRunner->migrate('up', Object(stdClass))
#7 D:\project\sias\vendor\codeigniter4\framework\system\Commands\Database\Migrate.php(84): CodeIgniter\Database\MigrationRunner->latest(NULL)
#8 D:\project\sias\vendor\codeigniter4\framework\system\CLI\Commands.php(63): CodeIgniter\Commands\Database\Migrate->run(Array)
#9 D:\project\sias\vendor\codeigniter4\framework\system\CLI\BaseCommand.php(112): CodeIgniter\CLI\Commands->run('migrate', Array)
#10 D:\project\sias\vendor\codeigniter4\framework\system\Commands\Database\MigrateRefresh.php(85): CodeIgniter\CLI\BaseCommand->call('migrate', Array)
#11 D:\project\sias\vendor\codeigniter4\framework\system\CLI\Commands.php(63): CodeIgniter\Commands\Database\MigrateRefresh->run(Array)
#12 D:\project\sias\vendor\codeigniter4\framework\system\CLI\CommandRunner.php(65): CodeIgniter\CLI\Commands->run('migrate:refresh', Array)
#13 D:\project\sias\vendor\codeigniter4\framework\system\CLI\CommandRunner.php(51): CodeIgniter\CLI\CommandRunner->index(Array)
#14 D:\project\sias\vendor\codeigniter4\framework\system\CodeIgniter.php(920): CodeIgniter\CLI\CommandRunner->_remap('index', Array)
#15 D:\project\sias\vendor\codeigniter4\framework\system\CodeIgniter.php(482): CodeIgniter\CodeIgniter->runController(Object(CodeIgniter\CLI\CommandRunner))
#16 D:\project\sias\vendor\codeigniter4\framework\system\CodeIgniter.php(347): CodeIgniter\CodeIgniter->handleRequest(NULL, Object(Config\Cache), false)
#17 D:\project\sias\vendor\codeigniter4\framework\system\CLI\Console.php(48): CodeIgniter\CodeIgniter->run()
#18 D:\project\sias\spark(98): CodeIgniter\CLI\Console->run()
#19 {main}
ERROR - 2023-08-22 07:32:24 --> mysqli_sql_exception: You have an error in your SQL syntax; check the manual that corresponds to your MariaDB server version for the right syntax to use near 'INT(25) NOT NULL' at line 2 in D:\project\sias\vendor\codeigniter4\framework\system\Database\MySQLi\Connection.php:292
Stack trace:
#0 D:\project\sias\vendor\codeigniter4\framework\system\Database\MySQLi\Connection.php(292): mysqli->query('ALTER TABLE `tb...', 0)
#1 D:\project\sias\vendor\codeigniter4\framework\system\Database\BaseConnection.php(666): CodeIgniter\Database\MySQLi\Connection->execute('ALTER TABLE `tb...')
#2 D:\project\sias\vendor\codeigniter4\framework\system\Database\BaseConnection.php(593): CodeIgniter\Database\BaseConnection->simpleQuery('ALTER TABLE `tb...')
#3 D:\project\sias\vendor\codeigniter4\framework\system\Database\Forge.php(708): CodeIgniter\Database\BaseConnection->query('ALTER TABLE `tb...')
#4 D:\project\sias\app\Database\Migrations\2023-08-21-221628_TblBerita.php(19): CodeIgniter\Database\Forge->addColumn('tbl_berita', Array)
#5 D:\project\sias\vendor\codeigniter4\framework\system\Database\MigrationRunner.php(868): App\Database\Migrations\TblBerita->up()
#6 D:\project\sias\vendor\codeigniter4\framework\system\Database\MigrationRunner.php(187): CodeIgniter\Database\MigrationRunner->migrate('up', Object(stdClass))
#7 D:\project\sias\vendor\codeigniter4\framework\system\Commands\Database\Migrate.php(84): CodeIgniter\Database\MigrationRunner->latest(NULL)
#8 D:\project\sias\vendor\codeigniter4\framework\system\CLI\Commands.php(63): CodeIgniter\Commands\Database\Migrate->run(Array)
#9 D:\project\sias\vendor\codeigniter4\framework\system\CLI\CommandRunner.php(65): CodeIgniter\CLI\Commands->run('migrate', Array)
#10 D:\project\sias\vendor\codeigniter4\framework\system\CLI\CommandRunner.php(51): CodeIgniter\CLI\CommandRunner->index(Array)
#11 D:\project\sias\vendor\codeigniter4\framework\system\CodeIgniter.php(920): CodeIgniter\CLI\CommandRunner->_remap('index', Array)
#12 D:\project\sias\vendor\codeigniter4\framework\system\CodeIgniter.php(482): CodeIgniter\CodeIgniter->runController(Object(CodeIgniter\CLI\CommandRunner))
#13 D:\project\sias\vendor\codeigniter4\framework\system\CodeIgniter.php(347): CodeIgniter\CodeIgniter->handleRequest(NULL, Object(Config\Cache), false)
#14 D:\project\sias\vendor\codeigniter4\framework\system\CLI\Console.php(48): CodeIgniter\CodeIgniter->run()
#15 D:\project\sias\spark(98): CodeIgniter\CLI\Console->run()
#16 {main}
ERROR - 2023-08-22 07:32:47 --> mysqli_sql_exception: You have an error in your SQL syntax; check the manual that corresponds to your MariaDB server version for the right syntax to use near 'INT(25)' at line 2 in D:\project\sias\vendor\codeigniter4\framework\system\Database\MySQLi\Connection.php:292
Stack trace:
#0 D:\project\sias\vendor\codeigniter4\framework\system\Database\MySQLi\Connection.php(292): mysqli->query('ALTER TABLE `tb...', 0)
#1 D:\project\sias\vendor\codeigniter4\framework\system\Database\BaseConnection.php(666): CodeIgniter\Database\MySQLi\Connection->execute('ALTER TABLE `tb...')
#2 D:\project\sias\vendor\codeigniter4\framework\system\Database\BaseConnection.php(593): CodeIgniter\Database\BaseConnection->simpleQuery('ALTER TABLE `tb...')
#3 D:\project\sias\vendor\codeigniter4\framework\system\Database\Forge.php(708): CodeIgniter\Database\BaseConnection->query('ALTER TABLE `tb...')
#4 D:\project\sias\app\Database\Migrations\2023-08-21-221628_TblBerita.php(18): CodeIgniter\Database\Forge->addColumn('tbl_berita', Array)
#5 D:\project\sias\vendor\codeigniter4\framework\system\Database\MigrationRunner.php(868): App\Database\Migrations\TblBerita->up()
#6 D:\project\sias\vendor\codeigniter4\framework\system\Database\MigrationRunner.php(187): CodeIgniter\Database\MigrationRunner->migrate('up', Object(stdClass))
#7 D:\project\sias\vendor\codeigniter4\framework\system\Commands\Database\Migrate.php(84): CodeIgniter\Database\MigrationRunner->latest(NULL)
#8 D:\project\sias\vendor\codeigniter4\framework\system\CLI\Commands.php(63): CodeIgniter\Commands\Database\Migrate->run(Array)
#9 D:\project\sias\vendor\codeigniter4\framework\system\CLI\CommandRunner.php(65): CodeIgniter\CLI\Commands->run('migrate', Array)
#10 D:\project\sias\vendor\codeigniter4\framework\system\CLI\CommandRunner.php(51): CodeIgniter\CLI\CommandRunner->index(Array)
#11 D:\project\sias\vendor\codeigniter4\framework\system\CodeIgniter.php(920): CodeIgniter\CLI\CommandRunner->_remap('index', Array)
#12 D:\project\sias\vendor\codeigniter4\framework\system\CodeIgniter.php(482): CodeIgniter\CodeIgniter->runController(Object(CodeIgniter\CLI\CommandRunner))
#13 D:\project\sias\vendor\codeigniter4\framework\system\CodeIgniter.php(347): CodeIgniter\CodeIgniter->handleRequest(NULL, Object(Config\Cache), false)
#14 D:\project\sias\vendor\codeigniter4\framework\system\CLI\Console.php(48): CodeIgniter\CodeIgniter->run()
#15 D:\project\sias\spark(98): CodeIgniter\CLI\Console->run()
#16 {main}
ERROR - 2023-08-22 07:33:44 --> mysqli_sql_exception: Unknown column 'kategori' in 'tbl_berita' in D:\project\sias\vendor\codeigniter4\framework\system\Database\MySQLi\Connection.php:292
Stack trace:
#0 D:\project\sias\vendor\codeigniter4\framework\system\Database\MySQLi\Connection.php(292): mysqli->query('ALTER TABLE `tb...', 0)
#1 D:\project\sias\vendor\codeigniter4\framework\system\Database\BaseConnection.php(666): CodeIgniter\Database\MySQLi\Connection->execute('ALTER TABLE `tb...')
#2 D:\project\sias\vendor\codeigniter4\framework\system\Database\BaseConnection.php(593): CodeIgniter\Database\BaseConnection->simpleQuery('ALTER TABLE `tb...')
#3 D:\project\sias\vendor\codeigniter4\framework\system\Database\Forge.php(769): CodeIgniter\Database\BaseConnection->query('ALTER TABLE `tb...')
#4 D:\project\sias\app\Database\Migrations\2023-08-21-221628_TblBerita.php(18): CodeIgniter\Database\Forge->modifyColumn('tbl_berita', Array)
#5 D:\project\sias\vendor\codeigniter4\framework\system\Database\MigrationRunner.php(868): App\Database\Migrations\TblBerita->up()
#6 D:\project\sias\vendor\codeigniter4\framework\system\Database\MigrationRunner.php(187): CodeIgniter\Database\MigrationRunner->migrate('up', Object(stdClass))
#7 D:\project\sias\vendor\codeigniter4\framework\system\Commands\Database\Migrate.php(84): CodeIgniter\Database\MigrationRunner->latest(NULL)
#8 D:\project\sias\vendor\codeigniter4\framework\system\CLI\Commands.php(63): CodeIgniter\Commands\Database\Migrate->run(Array)
#9 D:\project\sias\vendor\codeigniter4\framework\system\CLI\CommandRunner.php(65): CodeIgniter\CLI\Commands->run('migrate', Array)
#10 D:\project\sias\vendor\codeigniter4\framework\system\CLI\CommandRunner.php(51): CodeIgniter\CLI\CommandRunner->index(Array)
#11 D:\project\sias\vendor\codeigniter4\framework\system\CodeIgniter.php(920): CodeIgniter\CLI\CommandRunner->_remap('index', Array)
#12 D:\project\sias\vendor\codeigniter4\framework\system\CodeIgniter.php(482): CodeIgniter\CodeIgniter->runController(Object(CodeIgniter\CLI\CommandRunner))
#13 D:\project\sias\vendor\codeigniter4\framework\system\CodeIgniter.php(347): CodeIgniter\CodeIgniter->handleRequest(NULL, Object(Config\Cache), false)
#14 D:\project\sias\vendor\codeigniter4\framework\system\CLI\Console.php(48): CodeIgniter\CodeIgniter->run()
#15 D:\project\sias\spark(98): CodeIgniter\CLI\Console->run()
#16 {main}
ERROR - 2023-08-22 09:24:00 --> mysqli_sql_exception: Can't DROP COLUMN `kategori`; check that it exists in D:\project\sias\vendor\codeigniter4\framework\system\Database\MySQLi\Connection.php:292
Stack trace:
#0 D:\project\sias\vendor\codeigniter4\framework\system\Database\MySQLi\Connection.php(292): mysqli->query('ALTER TABLE `tb...', 0)
#1 D:\project\sias\vendor\codeigniter4\framework\system\Database\BaseConnection.php(666): CodeIgniter\Database\MySQLi\Connection->execute('ALTER TABLE `tb...')
#2 D:\project\sias\vendor\codeigniter4\framework\system\Database\BaseConnection.php(593): CodeIgniter\Database\BaseConnection->simpleQuery('ALTER TABLE `tb...')
#3 D:\project\sias\vendor\codeigniter4\framework\system\Database\Forge.php(734): CodeIgniter\Database\BaseConnection->query('ALTER TABLE `tb...')
#4 D:\project\sias\app\Database\Migrations\2023-08-21-221628_TblBerita.php(23): CodeIgniter\Database\Forge->dropColumn('tbl_berita', 'kategori')
#5 D:\project\sias\vendor\codeigniter4\framework\system\Database\MigrationRunner.php(868): App\Database\Migrations\TblBerita->down()
#6 D:\project\sias\vendor\codeigniter4\framework\system\Database\MigrationRunner.php(298): CodeIgniter\Database\MigrationRunner->migrate('down', Object(stdClass))
#7 D:\project\sias\vendor\codeigniter4\framework\system\Commands\Database\MigrateRollback.php(92): CodeIgniter\Database\MigrationRunner->regress(0)
#8 D:\project\sias\vendor\codeigniter4\framework\system\CLI\Commands.php(63): CodeIgniter\Commands\Database\MigrateRollback->run(Array)
#9 D:\project\sias\vendor\codeigniter4\framework\system\CLI\BaseCommand.php(112): CodeIgniter\CLI\Commands->run('migrate:rollbac...', Array)
#10 D:\project\sias\vendor\codeigniter4\framework\system\Commands\Database\MigrateRefresh.php(84): CodeIgniter\CLI\BaseCommand->call('migrate:rollbac...', Array)
#11 D:\project\sias\vendor\codeigniter4\framework\system\CLI\Commands.php(63): CodeIgniter\Commands\Database\MigrateRefresh->run(Array)
#12 D:\project\sias\vendor\codeigniter4\framework\system\CLI\CommandRunner.php(65): CodeIgniter\CLI\Commands->run('migrate:refresh', Array)
#13 D:\project\sias\vendor\codeigniter4\framework\system\CLI\CommandRunner.php(51): CodeIgniter\CLI\CommandRunner->index(Array)
#14 D:\project\sias\vendor\codeigniter4\framework\system\CodeIgniter.php(920): CodeIgniter\CLI\CommandRunner->_remap('index', Array)
#15 D:\project\sias\vendor\codeigniter4\framework\system\CodeIgniter.php(482): CodeIgniter\CodeIgniter->runController(Object(CodeIgniter\CLI\CommandRunner))
#16 D:\project\sias\vendor\codeigniter4\framework\system\CodeIgniter.php(347): CodeIgniter\CodeIgniter->handleRequest(NULL, Object(Config\Cache), false)
#17 D:\project\sias\vendor\codeigniter4\framework\system\CLI\Console.php(48): CodeIgniter\CodeIgniter->run()
#18 D:\project\sias\spark(98): CodeIgniter\CLI\Console->run()
#19 {main}
ERROR - 2023-08-22 10:10:55 --> mysqli_sql_exception: You have an error in your SQL syntax; check the manual that corresponds to your MariaDB server version for the right syntax to use near '0, 1, 2) VALUES (:0:, :1:, :2:)' at line 1 in D:\project\sias\vendor\codeigniter4\framework\system\Database\MySQLi\Connection.php:292
Stack trace:
#0 D:\project\sias\vendor\codeigniter4\framework\system\Database\MySQLi\Connection.php(292): mysqli->query('INSERT INTO `tb...', 0)
#1 D:\project\sias\vendor\codeigniter4\framework\system\Database\BaseConnection.php(666): CodeIgniter\Database\MySQLi\Connection->execute('INSERT INTO `tb...')
#2 D:\project\sias\vendor\codeigniter4\framework\system\Database\BaseConnection.php(593): CodeIgniter\Database\BaseConnection->simpleQuery('INSERT INTO `tb...')
#3 D:\project\sias\vendor\codeigniter4\framework\system\Database\BaseBuilder.php(1916): CodeIgniter\Database\BaseConnection->query('INSERT INTO `tb...', Array, false)
#4 D:\project\sias\app\Database\Seeds\Kategoriberita.php(22): CodeIgniter\Database\BaseBuilder->insert(Array)
#5 D:\project\sias\vendor\codeigniter4\framework\system\Database\Seeder.php(146): App\Database\Seeds\Kategoriberita->run()
#6 D:\project\sias\vendor\codeigniter4\framework\system\Commands\Database\Seed.php(77): CodeIgniter\Database\Seeder->call('App\\Database\\Se...')
#7 D:\project\sias\vendor\codeigniter4\framework\system\CLI\Commands.php(63): CodeIgniter\Commands\Database\Seed->run(Array)
#8 D:\project\sias\vendor\codeigniter4\framework\system\CLI\CommandRunner.php(65): CodeIgniter\CLI\Commands->run('db:seed', Array)
#9 D:\project\sias\vendor\codeigniter4\framework\system\CLI\CommandRunner.php(51): CodeIgniter\CLI\CommandRunner->index(Array)
#10 D:\project\sias\vendor\codeigniter4\framework\system\CodeIgniter.php(920): CodeIgniter\CLI\CommandRunner->_remap('index', Array)
#11 D:\project\sias\vendor\codeigniter4\framework\system\CodeIgniter.php(482): CodeIgniter\CodeIgniter->runController(Object(CodeIgniter\CLI\CommandRunner))
#12 D:\project\sias\vendor\codeigniter4\framework\system\CodeIgniter.php(347): CodeIgniter\CodeIgniter->handleRequest(NULL, Object(Config\Cache), false)
#13 D:\project\sias\vendor\codeigniter4\framework\system\CLI\Console.php(48): CodeIgniter\CodeIgniter->run()
#14 D:\project\sias\spark(98): CodeIgniter\CLI\Console->run()
#15 {main}
ERROR - 2023-08-22 10:11:00 --> mysqli_sql_exception: You have an error in your SQL syntax; check the manual that corresponds to your MariaDB server version for the right syntax to use near '0, 1, 2) VALUES (:0:, :1:, :2:)' at line 1 in D:\project\sias\vendor\codeigniter4\framework\system\Database\MySQLi\Connection.php:292
Stack trace:
#0 D:\project\sias\vendor\codeigniter4\framework\system\Database\MySQLi\Connection.php(292): mysqli->query('INSERT INTO `tb...', 0)
#1 D:\project\sias\vendor\codeigniter4\framework\system\Database\BaseConnection.php(666): CodeIgniter\Database\MySQLi\Connection->execute('INSERT INTO `tb...')
#2 D:\project\sias\vendor\codeigniter4\framework\system\Database\BaseConnection.php(593): CodeIgniter\Database\BaseConnection->simpleQuery('INSERT INTO `tb...')
#3 D:\project\sias\vendor\codeigniter4\framework\system\Database\BaseBuilder.php(1916): CodeIgniter\Database\BaseConnection->query('INSERT INTO `tb...', Array, false)
#4 D:\project\sias\app\Database\Seeds\Kategoriberita.php(22): CodeIgniter\Database\BaseBuilder->insert(Array)
#5 D:\project\sias\vendor\codeigniter4\framework\system\Database\Seeder.php(146): App\Database\Seeds\Kategoriberita->run()
#6 D:\project\sias\vendor\codeigniter4\framework\system\Commands\Database\Seed.php(77): CodeIgniter\Database\Seeder->call('App\\Database\\Se...')
#7 D:\project\sias\vendor\codeigniter4\framework\system\CLI\Commands.php(63): CodeIgniter\Commands\Database\Seed->run(Array)
#8 D:\project\sias\vendor\codeigniter4\framework\system\CLI\CommandRunner.php(65): CodeIgniter\CLI\Commands->run('db:seed', Array)
#9 D:\project\sias\vendor\codeigniter4\framework\system\CLI\CommandRunner.php(51): CodeIgniter\CLI\CommandRunner->index(Array)
#10 D:\project\sias\vendor\codeigniter4\framework\system\CodeIgniter.php(920): CodeIgniter\CLI\CommandRunner->_remap('index', Array)
#11 D:\project\sias\vendor\codeigniter4\framework\system\CodeIgniter.php(482): CodeIgniter\CodeIgniter->runController(Object(CodeIgniter\CLI\CommandRunner))
#12 D:\project\sias\vendor\codeigniter4\framework\system\CodeIgniter.php(347): CodeIgniter\CodeIgniter->handleRequest(NULL, Object(Config\Cache), false)
#13 D:\project\sias\vendor\codeigniter4\framework\system\CLI\Console.php(48): CodeIgniter\CodeIgniter->run()
#14 D:\project\sias\spark(98): CodeIgniter\CLI\Console->run()
#15 {main}
ERROR - 2023-08-22 10:15:10 --> mysqli_sql_exception: You have an error in your SQL syntax; check the manual that corresponds to your MariaDB server version for the right syntax to use near '0, 1, 2) VALUES (:0:, :1:, :2:)' at line 1 in D:\project\sias\vendor\codeigniter4\framework\system\Database\MySQLi\Connection.php:292
Stack trace:
#0 D:\project\sias\vendor\codeigniter4\framework\system\Database\MySQLi\Connection.php(292): mysqli->query('INSERT INTO `tb...', 0)
#1 D:\project\sias\vendor\codeigniter4\framework\system\Database\BaseConnection.php(666): CodeIgniter\Database\MySQLi\Connection->execute('INSERT INTO `tb...')
#2 D:\project\sias\vendor\codeigniter4\framework\system\Database\BaseConnection.php(593): CodeIgniter\Database\BaseConnection->simpleQuery('INSERT INTO `tb...')
#3 D:\project\sias\vendor\codeigniter4\framework\system\Database\BaseBuilder.php(1916): CodeIgniter\Database\BaseConnection->query('INSERT INTO `tb...', Array, false)
#4 D:\project\sias\app\Database\Seeds\Kategoriberita.php(26): CodeIgniter\Database\BaseBuilder->insert(Array)
#5 D:\project\sias\vendor\codeigniter4\framework\system\Database\Seeder.php(146): App\Database\Seeds\Kategoriberita->run()
#6 D:\project\sias\vendor\codeigniter4\framework\system\Commands\Database\Seed.php(77): CodeIgniter\Database\Seeder->call('App\\Database\\Se...')
#7 D:\project\sias\vendor\codeigniter4\framework\system\CLI\Commands.php(63): CodeIgniter\Commands\Database\Seed->run(Array)
#8 D:\project\sias\vendor\codeigniter4\framework\system\CLI\CommandRunner.php(65): CodeIgniter\CLI\Commands->run('db:seed', Array)
#9 D:\project\sias\vendor\codeigniter4\framework\system\CLI\CommandRunner.php(51): CodeIgniter\CLI\CommandRunner->index(Array)
#10 D:\project\sias\vendor\codeigniter4\framework\system\CodeIgniter.php(920): CodeIgniter\CLI\CommandRunner->_remap('index', Array)
#11 D:\project\sias\vendor\codeigniter4\framework\system\CodeIgniter.php(482): CodeIgniter\CodeIgniter->runController(Object(CodeIgniter\CLI\CommandRunner))
#12 D:\project\sias\vendor\codeigniter4\framework\system\CodeIgniter.php(347): CodeIgniter\CodeIgniter->handleRequest(NULL, Object(Config\Cache), false)
#13 D:\project\sias\vendor\codeigniter4\framework\system\CLI\Console.php(48): CodeIgniter\CodeIgniter->run()
#14 D:\project\sias\spark(98): CodeIgniter\CLI\Console->run()
#15 {main}
ERROR - 2023-08-22 10:15:20 --> mysqli_sql_exception: You have an error in your SQL syntax; check the manual that corresponds to your MariaDB server version for the right syntax to use near '0, 1, 2) VALUES (:0:, :1:, :2:)' at line 1 in D:\project\sias\vendor\codeigniter4\framework\system\Database\MySQLi\Connection.php:292
Stack trace:
#0 D:\project\sias\vendor\codeigniter4\framework\system\Database\MySQLi\Connection.php(292): mysqli->query('INSERT INTO `tb...', 0)
#1 D:\project\sias\vendor\codeigniter4\framework\system\Database\BaseConnection.php(666): CodeIgniter\Database\MySQLi\Connection->execute('INSERT INTO `tb...')
#2 D:\project\sias\vendor\codeigniter4\framework\system\Database\BaseConnection.php(593): CodeIgniter\Database\BaseConnection->simpleQuery('INSERT INTO `tb...')
#3 D:\project\sias\vendor\codeigniter4\framework\system\Database\BaseBuilder.php(1916): CodeIgniter\Database\BaseConnection->query('INSERT INTO `tb...', Array, false)
#4 D:\project\sias\app\Database\Seeds\Kategoriberita.php(26): CodeIgniter\Database\BaseBuilder->insert(Array)
#5 D:\project\sias\vendor\codeigniter4\framework\system\Database\Seeder.php(146): App\Database\Seeds\Kategoriberita->run()
#6 D:\project\sias\vendor\codeigniter4\framework\system\Commands\Database\Seed.php(77): CodeIgniter\Database\Seeder->call('App\\Database\\Se...')
#7 D:\project\sias\vendor\codeigniter4\framework\system\CLI\Commands.php(63): CodeIgniter\Commands\Database\Seed->run(Array)
#8 D:\project\sias\vendor\codeigniter4\framework\system\CLI\CommandRunner.php(65): CodeIgniter\CLI\Commands->run('db:seed', Array)
#9 D:\project\sias\vendor\codeigniter4\framework\system\CLI\CommandRunner.php(51): CodeIgniter\CLI\CommandRunner->index(Array)
#10 D:\project\sias\vendor\codeigniter4\framework\system\CodeIgniter.php(920): CodeIgniter\CLI\CommandRunner->_remap('index', Array)
#11 D:\project\sias\vendor\codeigniter4\framework\system\CodeIgniter.php(482): CodeIgniter\CodeIgniter->runController(Object(CodeIgniter\CLI\CommandRunner))
#12 D:\project\sias\vendor\codeigniter4\framework\system\CodeIgniter.php(347): CodeIgniter\CodeIgniter->handleRequest(NULL, Object(Config\Cache), false)
#13 D:\project\sias\vendor\codeigniter4\framework\system\CLI\Console.php(48): CodeIgniter\CodeIgniter->run()
#14 D:\project\sias\spark(98): CodeIgniter\CLI\Console->run()
#15 {main}
ERROR - 2023-08-22 10:15:27 --> mysqli_sql_exception: You have an error in your SQL syntax; check the manual that corresponds to your MariaDB server version for the right syntax to use near '0, 1, 2) VALUES (:0:, :1:, :2:)' at line 1 in D:\project\sias\vendor\codeigniter4\framework\system\Database\MySQLi\Connection.php:292
Stack trace:
#0 D:\project\sias\vendor\codeigniter4\framework\system\Database\MySQLi\Connection.php(292): mysqli->query('INSERT INTO `tb...', 0)
#1 D:\project\sias\vendor\codeigniter4\framework\system\Database\BaseConnection.php(666): CodeIgniter\Database\MySQLi\Connection->execute('INSERT INTO `tb...')
#2 D:\project\sias\vendor\codeigniter4\framework\system\Database\BaseConnection.php(593): CodeIgniter\Database\BaseConnection->simpleQuery('INSERT INTO `tb...')
#3 D:\project\sias\vendor\codeigniter4\framework\system\Database\BaseBuilder.php(1916): CodeIgniter\Database\BaseConnection->query('INSERT INTO `tb...', Array, false)
#4 D:\project\sias\app\Database\Seeds\Kategoriberita.php(26): CodeIgniter\Database\BaseBuilder->insert(Array)
#5 D:\project\sias\vendor\codeigniter4\framework\system\Database\Seeder.php(146): App\Database\Seeds\Kategoriberita->run()
#6 D:\project\sias\vendor\codeigniter4\framework\system\Commands\Database\Seed.php(77): CodeIgniter\Database\Seeder->call('App\\Database\\Se...')
#7 D:\project\sias\vendor\codeigniter4\framework\system\CLI\Commands.php(63): CodeIgniter\Commands\Database\Seed->run(Array)
#8 D:\project\sias\vendor\codeigniter4\framework\system\CLI\CommandRunner.php(65): CodeIgniter\CLI\Commands->run('db:seed', Array)
#9 D:\project\sias\vendor\codeigniter4\framework\system\CLI\CommandRunner.php(51): CodeIgniter\CLI\CommandRunner->index(Array)
#10 D:\project\sias\vendor\codeigniter4\framework\system\CodeIgniter.php(920): CodeIgniter\CLI\CommandRunner->_remap('index', Array)
#11 D:\project\sias\vendor\codeigniter4\framework\system\CodeIgniter.php(482): CodeIgniter\CodeIgniter->runController(Object(CodeIgniter\CLI\CommandRunner))
#12 D:\project\sias\vendor\codeigniter4\framework\system\CodeIgniter.php(347): CodeIgniter\CodeIgniter->handleRequest(NULL, Object(Config\Cache), false)
#13 D:\project\sias\vendor\codeigniter4\framework\system\CLI\Console.php(48): CodeIgniter\CodeIgniter->run()
#14 D:\project\sias\spark(98): CodeIgniter\CLI\Console->run()
#15 {main}
CRITICAL - 2023-08-22 10:23:20 --> Undefined array key "kategori"
in APPPATH\Views\berita\v_berita.php on line 46.
 1 APPPATH\Views\berita\v_berita.php(46): CodeIgniter\Debug\Exceptions->errorHandler(2, 'Undefined array key "kategori"', 'APPPATH\\Views\\berita\\v_berita.php', 46)
 2 SYSTEMPATH\View\View.php(213): include('APPPATH\\Views\\berita\\v_berita.php')
 3 SYSTEMPATH\View\View.php(216): CodeIgniter\View\View->CodeIgniter\View\{closure}()
 4 SYSTEMPATH\Common.php(1134): CodeIgniter\View\View->render('berita/v_berita', [], true)
 5 APPPATH\Views\template_admin.php(310): view('berita/v_berita')
 6 SYSTEMPATH\View\View.php(213): include('APPPATH\\Views\\template_admin.php')
 7 SYSTEMPATH\View\View.php(216): CodeIgniter\View\View->CodeIgniter\View\{closure}()
 8 SYSTEMPATH\Common.php(1134): CodeIgniter\View\View->render('template_admin', [], true)
 9 APPPATH\Controllers\Berita.php(25): view('template_admin', [...])
10 SYSTEMPATH\CodeIgniter.php(927): App\Controllers\Berita->index()
11 SYSTEMPATH\CodeIgniter.php(482): CodeIgniter\CodeIgniter->runController(Object(App\Controllers\Berita))
12 SYSTEMPATH\CodeIgniter.php(351): CodeIgniter\CodeIgniter->handleRequest(null, Object(Config\Cache), false)
13 FCPATH\index.php(67): CodeIgniter\CodeIgniter->run()
14 SYSTEMPATH\Commands\Server\rewrite.php(46): require_once('FCPATH\\index.php')
ERROR - 2023-08-22 10:24:19 --> mysqli_sql_exception: Unknown column 'kategori' in 'field list' in D:\project\sias\vendor\codeigniter4\framework\system\Database\MySQLi\Connection.php:292
Stack trace:
#0 D:\project\sias\vendor\codeigniter4\framework\system\Database\MySQLi\Connection.php(292): mysqli->query('INSERT INTO `tb...', 0)
#1 D:\project\sias\vendor\codeigniter4\framework\system\Database\BaseConnection.php(666): CodeIgniter\Database\MySQLi\Connection->execute('INSERT INTO `tb...')
#2 D:\project\sias\vendor\codeigniter4\framework\system\Database\BaseConnection.php(593): CodeIgniter\Database\BaseConnection->simpleQuery('INSERT INTO `tb...')
#3 D:\project\sias\vendor\codeigniter4\framework\system\Database\BaseBuilder.php(1916): CodeIgniter\Database\BaseConnection->query('INSERT INTO `tb...', Array, false)
#4 D:\project\sias\app\Models\ModelBerita.php(34): CodeIgniter\Database\BaseBuilder->insert(Array)
#5 D:\project\sias\app\Controllers\Berita.php(99): App\Models\ModelBerita->InsertData(Array)
#6 D:\project\sias\vendor\codeigniter4\framework\system\CodeIgniter.php(927): App\Controllers\Berita->InsertData()
#7 D:\project\sias\vendor\codeigniter4\framework\system\CodeIgniter.php(482): CodeIgniter\CodeIgniter->runController(Object(App\Controllers\Berita))
#8 D:\project\sias\vendor\codeigniter4\framework\system\CodeIgniter.php(351): CodeIgniter\CodeIgniter->handleRequest(NULL, Object(Config\Cache), false)
#9 D:\project\sias\public\index.php(67): CodeIgniter\CodeIgniter->run()
#10 D:\project\sias\vendor\codeigniter4\framework\system\Commands\Server\rewrite.php(46): require_once('D:\\project\\sias...')
#11 {main}
CRITICAL - 2023-08-22 10:24:19 --> Unknown column 'kategori' in 'field list'
in SYSTEMPATH\Database\MySQLi\Connection.php on line 292.
 1 SYSTEMPATH\Database\MySQLi\Connection.php(292): mysqli->query('INSERT INTO `tbl_berita` (`judul_berita`, `slug_berita`, `kategori`, `isi_berita`, `id_user`, `tgl_berita`, `jam_berita`, `gambar`) VALUES (\'coba berita\', \'coba-berita\', \'1\', \'<p>asddasd<br></p>\', \'1\', \'23-08-22\', \'10:24:19\', \'1692674659_a996209e54f37bfcab57.jpg\')', 0)
 2 SYSTEMPATH\Database\BaseConnection.php(666): CodeIgniter\Database\MySQLi\Connection->execute('INSERT INTO `tbl_berita` (`judul_berita`, `slug_berita`, `kategori`, `isi_berita`, `id_user`, `tgl_berita`, `jam_berita`, `gambar`) VALUES (\'coba berita\', \'coba-berita\', \'1\', \'<p>asddasd<br></p>\', \'1\', \'23-08-22\', \'10:24:19\', \'1692674659_a996209e54f37bfcab57.jpg\')')
 3 SYSTEMPATH\Database\BaseConnection.php(593): CodeIgniter\Database\BaseConnection->simpleQuery('INSERT INTO `tbl_berita` (`judul_berita`, `slug_berita`, `kategori`, `isi_berita`, `id_user`, `tgl_berita`, `jam_berita`, `gambar`) VALUES (\'coba berita\', \'coba-berita\', \'1\', \'<p>asddasd<br></p>\', \'1\', \'23-08-22\', \'10:24:19\', \'1692674659_a996209e54f37bfcab57.jpg\')')
 4 SYSTEMPATH\Database\BaseBuilder.php(1916): CodeIgniter\Database\BaseConnection->query('INSERT INTO `tbl_berita` (`judul_berita`, `slug_berita`, `kategori`, `isi_berita`, `id_user`, `tgl_berita`, `jam_berita`, `gambar`) VALUES (:judul_berita:, :slug_berita:, :kategori:, :isi_berita:, :id_user:, :tgl_berita:, :jam_berita:, :gambar:)', [...], false)
 5 APPPATH\Models\ModelBerita.php(34): CodeIgniter\Database\BaseBuilder->insert([...])
 6 APPPATH\Controllers\Berita.php(99): App\Models\ModelBerita->InsertData([...])
 7 SYSTEMPATH\CodeIgniter.php(927): App\Controllers\Berita->InsertData()
 8 SYSTEMPATH\CodeIgniter.php(482): CodeIgniter\CodeIgniter->runController(Object(App\Controllers\Berita))
 9 SYSTEMPATH\CodeIgniter.php(351): CodeIgniter\CodeIgniter->handleRequest(null, Object(Config\Cache), false)
10 FCPATH\index.php(67): CodeIgniter\CodeIgniter->run()
11 SYSTEMPATH\Commands\Server\rewrite.php(46): require_once('FCPATH\\index.php')
CRITICAL - 2023-08-22 10:41:05 --> Undefined variable $kategori
in APPPATH\Views\berita\v_edit.php on line 25.
 1 APPPATH\Views\berita\v_edit.php(25): CodeIgniter\Debug\Exceptions->errorHandler(2, 'Undefined variable $kategori', 'APPPATH\\Views\\berita\\v_edit.php', 25)
 2 SYSTEMPATH\View\View.php(213): include('APPPATH\\Views\\berita\\v_edit.php')
 3 SYSTEMPATH\View\View.php(216): CodeIgniter\View\View->CodeIgniter\View\{closure}()
 4 SYSTEMPATH\Common.php(1134): CodeIgniter\View\View->render('berita/v_edit', [], true)
 5 APPPATH\Views\template_admin.php(310): view('berita/v_edit')
 6 SYSTEMPATH\View\View.php(213): include('APPPATH\\Views\\template_admin.php')
 7 SYSTEMPATH\View\View.php(216): CodeIgniter\View\View->CodeIgniter\View\{closure}()
 8 SYSTEMPATH\Common.php(1134): CodeIgniter\View\View->render('template_admin', [], true)
 9 APPPATH\Controllers\Berita.php(118): view('template_admin', [...])
10 SYSTEMPATH\CodeIgniter.php(927): App\Controllers\Berita->EditData('2')
11 SYSTEMPATH\CodeIgniter.php(482): CodeIgniter\CodeIgniter->runController(Object(App\Controllers\Berita))
12 SYSTEMPATH\CodeIgniter.php(351): CodeIgniter\CodeIgniter->handleRequest(null, Object(Config\Cache), false)
13 FCPATH\index.php(67): CodeIgniter\CodeIgniter->run()
14 SYSTEMPATH\Commands\Server\rewrite.php(46): require_once('FCPATH\\index.php')
