ERROR - 2022-12-26 16:37:40 --> mysqli_sql_exception: Unknown column 'id_jurusan2' in 'where clause' in C:\xampp\htdocs\sias\vendor\codeigniter4\framework\system\Database\MySQLi\Connection.php:292
Stack trace:
#0 C:\xampp\htdocs\sias\vendor\codeigniter4\framework\system\Database\MySQLi\Connection.php(292): mysqli->query('DELETE FROM `tb...', 0)
#1 C:\xampp\htdocs\sias\vendor\codeigniter4\framework\system\Database\BaseConnection.php(666): CodeIgniter\Database\MySQLi\Connection->execute('DELETE FROM `tb...')
#2 C:\xampp\htdocs\sias\vendor\codeigniter4\framework\system\Database\BaseConnection.php(593): CodeIgniter\Database\BaseConnection->simpleQuery('DELETE FROM `tb...')
#3 C:\xampp\htdocs\sias\vendor\codeigniter4\framework\system\Database\BaseBuilder.php(2391): CodeIgniter\Database\BaseConnection->query('DELETE FROM `tb...', Array, false)
#4 C:\xampp\htdocs\sias\app\Models\ModelJurusan.php(34): CodeIgniter\Database\BaseBuilder->delete(Array)
#5 C:\xampp\htdocs\sias\app\Controllers\Jurusan.php(125): App\Models\ModelJurusan->DeleteData(Array)
#6 C:\xampp\htdocs\sias\vendor\codeigniter4\framework\system\CodeIgniter.php(927): App\Controllers\Jurusan->DeleteData('2')
#7 C:\xampp\htdocs\sias\vendor\codeigniter4\framework\system\CodeIgniter.php(482): CodeIgniter\CodeIgniter->runController(Object(App\Controllers\Jurusan))
#8 C:\xampp\htdocs\sias\vendor\codeigniter4\framework\system\CodeIgniter.php(351): CodeIgniter\CodeIgniter->handleRequest(NULL, Object(Config\Cache), false)
#9 C:\xampp\htdocs\sias\public\index.php(67): CodeIgniter\CodeIgniter->run()
#10 C:\xampp\htdocs\sias\vendor\codeigniter4\framework\system\Commands\Server\rewrite.php(46): require_once('C:\\xampp\\htdocs...')
#11 {main}
CRITICAL - 2022-12-26 16:37:40 --> Unknown column 'id_jurusan2' in 'where clause'
in SYSTEMPATH\Database\MySQLi\Connection.php on line 292.
 1 SYSTEMPATH\Database\MySQLi\Connection.php(292): mysqli->query('DELETE FROM `tbl_jurusan`
WHERE `id_jurusan2` IS NULL
AND `id_jurusan` = \'2\'', 0)
 2 SYSTEMPATH\Database\BaseConnection.php(666): CodeIgniter\Database\MySQLi\Connection->execute('DELETE FROM `tbl_jurusan`
WHERE `id_jurusan2` IS NULL
AND `id_jurusan` = \'2\'')
 3 SYSTEMPATH\Database\BaseConnection.php(593): CodeIgniter\Database\BaseConnection->simpleQuery('DELETE FROM `tbl_jurusan`
WHERE `id_jurusan2` IS NULL
AND `id_jurusan` = \'2\'')
 4 SYSTEMPATH\Database\BaseBuilder.php(2391): CodeIgniter\Database\BaseConnection->query('DELETE FROM `tbl_jurusan`
WHERE `id_jurusan2` IS NULL
AND `id_jurusan` = :id_jurusan:', [...], false)
 5 APPPATH\Models\ModelJurusan.php(34): CodeIgniter\Database\BaseBuilder->delete([...])
 6 APPPATH\Controllers\Jurusan.php(125): App\Models\ModelJurusan->DeleteData([...])
 7 SYSTEMPATH\CodeIgniter.php(927): App\Controllers\Jurusan->DeleteData('2')
 8 SYSTEMPATH\CodeIgniter.php(482): CodeIgniter\CodeIgniter->runController(Object(App\Controllers\Jurusan))
 9 SYSTEMPATH\CodeIgniter.php(351): CodeIgniter\CodeIgniter->handleRequest(null, Object(Config\Cache), false)
10 FCPATH\index.php(67): CodeIgniter\CodeIgniter->run()
11 SYSTEMPATH\Commands\Server\rewrite.php(46): require_once('FCPATH\\index.php')
CRITICAL - 2022-12-26 16:57:22 --> Undefined variable $jurusan
in APPPATH\Views\template_front_end.php on line 158.
 1 APPPATH\Views\template_front_end.php(158): CodeIgniter\Debug\Exceptions->errorHandler(2, 'Undefined variable $jurusan', 'APPPATH\\Views\\template_front_end.php', 158)
 2 SYSTEMPATH\View\View.php(213): include('APPPATH\\Views\\template_front_end.php')
 3 SYSTEMPATH\View\View.php(216): CodeIgniter\View\View->CodeIgniter\View\{closure}()
 4 SYSTEMPATH\Common.php(1134): CodeIgniter\View\View->render('template_front_end', [], true)
 5 APPPATH\Controllers\Home.php(17): view('template_front_end', [...])
 6 SYSTEMPATH\CodeIgniter.php(927): App\Controllers\Home->index()
 7 SYSTEMPATH\CodeIgniter.php(482): CodeIgniter\CodeIgniter->runController(Object(App\Controllers\Home))
 8 SYSTEMPATH\CodeIgniter.php(351): CodeIgniter\CodeIgniter->handleRequest(null, Object(Config\Cache), false)
 9 FCPATH\index.php(67): CodeIgniter\CodeIgniter->run()
10 SYSTEMPATH\Commands\Server\rewrite.php(46): require_once('FCPATH\\index.php')
CRITICAL - 2022-12-26 16:58:15 --> Undefined variable $jurusan
in APPPATH\Views\template_front_end.php on line 158.
 1 APPPATH\Views\template_front_end.php(158): CodeIgniter\Debug\Exceptions->errorHandler(2, 'Undefined variable $jurusan', 'APPPATH\\Views\\template_front_end.php', 158)
 2 SYSTEMPATH\View\View.php(213): include('APPPATH\\Views\\template_front_end.php')
 3 SYSTEMPATH\View\View.php(216): CodeIgniter\View\View->CodeIgniter\View\{closure}()
 4 SYSTEMPATH\Common.php(1134): CodeIgniter\View\View->render('template_front_end', [], true)
 5 APPPATH\Controllers\Home.php(17): view('template_front_end', [...])
 6 SYSTEMPATH\CodeIgniter.php(927): App\Controllers\Home->index()
 7 SYSTEMPATH\CodeIgniter.php(482): CodeIgniter\CodeIgniter->runController(Object(App\Controllers\Home))
 8 SYSTEMPATH\CodeIgniter.php(351): CodeIgniter\CodeIgniter->handleRequest(null, Object(Config\Cache), false)
 9 FCPATH\index.php(67): CodeIgniter\CodeIgniter->run()
10 SYSTEMPATH\Commands\Server\rewrite.php(46): require_once('FCPATH\\index.php')
ERROR - 2022-12-26 17:01:01 --> mysqli_sql_exception: You have an error in your SQL syntax; check the manual that corresponds to your MariaDB server version for the right syntax to use near ':0:' at line 3 in C:\xampp\htdocs\sias\vendor\codeigniter4\framework\system\Database\MySQLi\Connection.php:292
Stack trace:
#0 C:\xampp\htdocs\sias\vendor\codeigniter4\framework\system\Database\MySQLi\Connection.php(292): mysqli->query('SELECT *\nFROM `...', 0)
#1 C:\xampp\htdocs\sias\vendor\codeigniter4\framework\system\Database\BaseConnection.php(666): CodeIgniter\Database\MySQLi\Connection->execute('SELECT *\nFROM `...')
#2 C:\xampp\htdocs\sias\vendor\codeigniter4\framework\system\Database\BaseConnection.php(593): CodeIgniter\Database\BaseConnection->simpleQuery('SELECT *\nFROM `...')
#3 C:\xampp\htdocs\sias\vendor\codeigniter4\framework\system\Database\BaseBuilder.php(1585): CodeIgniter\Database\BaseConnection->query('SELECT *\nFROM `...', Array, false)
#4 C:\xampp\htdocs\sias\app\Views\template_front_end.php(59): CodeIgniter\Database\BaseBuilder->get()
#5 C:\xampp\htdocs\sias\vendor\codeigniter4\framework\system\View\View.php(213): include('C:\\xampp\\htdocs...')
#6 C:\xampp\htdocs\sias\vendor\codeigniter4\framework\system\View\View.php(216): CodeIgniter\View\View->CodeIgniter\View\{closure}()
#7 C:\xampp\htdocs\sias\vendor\codeigniter4\framework\system\Common.php(1134): CodeIgniter\View\View->render('template_front_...', Array, true)
#8 C:\xampp\htdocs\sias\app\Controllers\Home.php(17): view('template_front_...', Array)
#9 C:\xampp\htdocs\sias\vendor\codeigniter4\framework\system\CodeIgniter.php(927): App\Controllers\Home->index()
#10 C:\xampp\htdocs\sias\vendor\codeigniter4\framework\system\CodeIgniter.php(482): CodeIgniter\CodeIgniter->runController(Object(App\Controllers\Home))
#11 C:\xampp\htdocs\sias\vendor\codeigniter4\framework\system\CodeIgniter.php(351): CodeIgniter\CodeIgniter->handleRequest(NULL, Object(Config\Cache), false)
#12 C:\xampp\htdocs\sias\public\index.php(67): CodeIgniter\CodeIgniter->run()
#13 C:\xampp\htdocs\sias\vendor\codeigniter4\framework\system\Commands\Server\rewrite.php(46): require_once('C:\\xampp\\htdocs...')
#14 {main}
CRITICAL - 2022-12-26 17:01:01 --> You have an error in your SQL syntax; check the manual that corresponds to your MariaDB server version for the right syntax to use near ':0:' at line 3
in SYSTEMPATH\Database\MySQLi\Connection.php on line 292.
 1 SYSTEMPATH\Database\MySQLi\Connection.php(292): mysqli->query('SELECT *
FROM `tbl_jurusan`
WHERE 0 = :0:', 0)
 2 SYSTEMPATH\Database\BaseConnection.php(666): CodeIgniter\Database\MySQLi\Connection->execute('SELECT *
FROM `tbl_jurusan`
WHERE 0 = :0:')
 3 SYSTEMPATH\Database\BaseConnection.php(593): CodeIgniter\Database\BaseConnection->simpleQuery('SELECT *
FROM `tbl_jurusan`
WHERE 0 = :0:')
 4 SYSTEMPATH\Database\BaseBuilder.php(1585): CodeIgniter\Database\BaseConnection->query('SELECT *
FROM `tbl_jurusan`
WHERE 0 = :0:', [...], false)
 5 APPPATH\Views\template_front_end.php(59): CodeIgniter\Database\BaseBuilder->get()
 6 SYSTEMPATH\View\View.php(213): include('APPPATH\\Views\\template_front_end.php')
 7 SYSTEMPATH\View\View.php(216): CodeIgniter\View\View->CodeIgniter\View\{closure}()
 8 SYSTEMPATH\Common.php(1134): CodeIgniter\View\View->render('template_front_end', [], true)
 9 APPPATH\Controllers\Home.php(17): view('template_front_end', [...])
10 SYSTEMPATH\CodeIgniter.php(927): App\Controllers\Home->index()
11 SYSTEMPATH\CodeIgniter.php(482): CodeIgniter\CodeIgniter->runController(Object(App\Controllers\Home))
12 SYSTEMPATH\CodeIgniter.php(351): CodeIgniter\CodeIgniter->handleRequest(null, Object(Config\Cache), false)
13 FCPATH\index.php(67): CodeIgniter\CodeIgniter->run()
14 SYSTEMPATH\Commands\Server\rewrite.php(46): require_once('FCPATH\\index.php')
ERROR - 2022-12-26 17:02:46 --> mysqli_sql_exception: Unknown column 'id_jurusan!' in 'where clause' in C:\xampp\htdocs\sias\vendor\codeigniter4\framework\system\Database\MySQLi\Connection.php:292
Stack trace:
#0 C:\xampp\htdocs\sias\vendor\codeigniter4\framework\system\Database\MySQLi\Connection.php(292): mysqli->query('SELECT *\nFROM `...', 0)
#1 C:\xampp\htdocs\sias\vendor\codeigniter4\framework\system\Database\BaseConnection.php(666): CodeIgniter\Database\MySQLi\Connection->execute('SELECT *\nFROM `...')
#2 C:\xampp\htdocs\sias\vendor\codeigniter4\framework\system\Database\BaseConnection.php(593): CodeIgniter\Database\BaseConnection->simpleQuery('SELECT *\nFROM `...')
#3 C:\xampp\htdocs\sias\vendor\codeigniter4\framework\system\Database\BaseBuilder.php(1585): CodeIgniter\Database\BaseConnection->query('SELECT *\nFROM `...', Array, false)
#4 C:\xampp\htdocs\sias\app\Views\template_front_end.php(59): CodeIgniter\Database\BaseBuilder->get()
#5 C:\xampp\htdocs\sias\vendor\codeigniter4\framework\system\View\View.php(213): include('C:\\xampp\\htdocs...')
#6 C:\xampp\htdocs\sias\vendor\codeigniter4\framework\system\View\View.php(216): CodeIgniter\View\View->CodeIgniter\View\{closure}()
#7 C:\xampp\htdocs\sias\vendor\codeigniter4\framework\system\Common.php(1134): CodeIgniter\View\View->render('template_front_...', Array, true)
#8 C:\xampp\htdocs\sias\app\Controllers\Home.php(17): view('template_front_...', Array)
#9 C:\xampp\htdocs\sias\vendor\codeigniter4\framework\system\CodeIgniter.php(927): App\Controllers\Home->index()
#10 C:\xampp\htdocs\sias\vendor\codeigniter4\framework\system\CodeIgniter.php(482): CodeIgniter\CodeIgniter->runController(Object(App\Controllers\Home))
#11 C:\xampp\htdocs\sias\vendor\codeigniter4\framework\system\CodeIgniter.php(351): CodeIgniter\CodeIgniter->handleRequest(NULL, Object(Config\Cache), false)
#12 C:\xampp\htdocs\sias\public\index.php(67): CodeIgniter\CodeIgniter->run()
#13 C:\xampp\htdocs\sias\vendor\codeigniter4\framework\system\Commands\Server\rewrite.php(46): require_once('C:\\xampp\\htdocs...')
#14 {main}
CRITICAL - 2022-12-26 17:02:46 --> Unknown column 'id_jurusan!' in 'where clause'
in SYSTEMPATH\Database\MySQLi\Connection.php on line 292.
 1 SYSTEMPATH\Database\MySQLi\Connection.php(292): mysqli->query('SELECT *
FROM `tbl_jurusan`
WHERE `id_jurusan!` <>0', 0)
 2 SYSTEMPATH\Database\BaseConnection.php(666): CodeIgniter\Database\MySQLi\Connection->execute('SELECT *
FROM `tbl_jurusan`
WHERE `id_jurusan!` <>0')
 3 SYSTEMPATH\Database\BaseConnection.php(593): CodeIgniter\Database\BaseConnection->simpleQuery('SELECT *
FROM `tbl_jurusan`
WHERE `id_jurusan!` <>0')
 4 SYSTEMPATH\Database\BaseBuilder.php(1585): CodeIgniter\Database\BaseConnection->query('SELECT *
FROM `tbl_jurusan`
WHERE `id_jurusan!` <>0', [], false)
 5 APPPATH\Views\template_front_end.php(59): CodeIgniter\Database\BaseBuilder->get()
 6 SYSTEMPATH\View\View.php(213): include('APPPATH\\Views\\template_front_end.php')
 7 SYSTEMPATH\View\View.php(216): CodeIgniter\View\View->CodeIgniter\View\{closure}()
 8 SYSTEMPATH\Common.php(1134): CodeIgniter\View\View->render('template_front_end', [], true)
 9 APPPATH\Controllers\Home.php(17): view('template_front_end', [...])
10 SYSTEMPATH\CodeIgniter.php(927): App\Controllers\Home->index()
11 SYSTEMPATH\CodeIgniter.php(482): CodeIgniter\CodeIgniter->runController(Object(App\Controllers\Home))
12 SYSTEMPATH\CodeIgniter.php(351): CodeIgniter\CodeIgniter->handleRequest(null, Object(Config\Cache), false)
13 FCPATH\index.php(67): CodeIgniter\CodeIgniter->run()
14 SYSTEMPATH\Commands\Server\rewrite.php(46): require_once('FCPATH\\index.php')
CRITICAL - 2022-12-26 17:18:36 --> Undefined variable $ijur
in APPPATH\Views\template_front_end.php on line 159.
 1 APPPATH\Views\template_front_end.php(159): CodeIgniter\Debug\Exceptions->errorHandler(2, 'Undefined variable $ijur', 'APPPATH\\Views\\template_front_end.php', 159)
 2 SYSTEMPATH\View\View.php(213): include('APPPATH\\Views\\template_front_end.php')
 3 SYSTEMPATH\View\View.php(216): CodeIgniter\View\View->CodeIgniter\View\{closure}()
 4 SYSTEMPATH\Common.php(1134): CodeIgniter\View\View->render('template_front_end', [], true)
 5 APPPATH\Controllers\Home.php(23): view('template_front_end', [...])
 6 SYSTEMPATH\CodeIgniter.php(927): App\Controllers\Home->index()
 7 SYSTEMPATH\CodeIgniter.php(482): CodeIgniter\CodeIgniter->runController(Object(App\Controllers\Home))
 8 SYSTEMPATH\CodeIgniter.php(351): CodeIgniter\CodeIgniter->handleRequest(null, Object(Config\Cache), false)
 9 FCPATH\index.php(67): CodeIgniter\CodeIgniter->run()
10 SYSTEMPATH\Commands\Server\rewrite.php(46): require_once('FCPATH\\index.php')
CRITICAL - 2022-12-26 17:24:37 --> You must set the database table to be used with your query.
in SYSTEMPATH\Database\BaseConnection.php on line 845.
 1 SYSTEMPATH\Model.php(587): CodeIgniter\Database\BaseConnection->table(null)
 2 SYSTEMPATH\Model.php(764): CodeIgniter\Model->builder()
 3 APPPATH\Controllers\Home.php(30): CodeIgniter\Model->__call('DetailJurusan', [...])
 4 SYSTEMPATH\CodeIgniter.php(927): App\Controllers\Home->DetailJurusan('1')
 5 SYSTEMPATH\CodeIgniter.php(482): CodeIgniter\CodeIgniter->runController(Object(App\Controllers\Home))
 6 SYSTEMPATH\CodeIgniter.php(351): CodeIgniter\CodeIgniter->handleRequest(null, Object(Config\Cache), false)
 7 FCPATH\index.php(67): CodeIgniter\CodeIgniter->run()
 8 SYSTEMPATH\Commands\Server\rewrite.php(46): require_once('FCPATH\\index.php')
CRITICAL - 2022-12-26 17:25:25 --> Invalid file: front-end/v_detail_jurusan.php
in SYSTEMPATH\Exceptions\FrameworkException.php on line 33.
 1 SYSTEMPATH\View\View.php(201): CodeIgniter\Exceptions\FrameworkException::forInvalidFile('front-end/v_detail_jurusan.php')
 2 SYSTEMPATH\Common.php(1134): CodeIgniter\View\View->render('front-end/v_detail_jurusan', [], true)
 3 APPPATH\Views\template_front_end.php(220): view('front-end/v_detail_jurusan')
 4 SYSTEMPATH\View\View.php(213): include('APPPATH\\Views\\template_front_end.php')
 5 SYSTEMPATH\View\View.php(216): CodeIgniter\View\View->CodeIgniter\View\{closure}()
 6 SYSTEMPATH\Common.php(1134): CodeIgniter\View\View->render('template_front_end', [], true)
 7 APPPATH\Controllers\Home.php(33): view('template_front_end', [...])
 8 SYSTEMPATH\CodeIgniter.php(927): App\Controllers\Home->DetailJurusan('1')
 9 SYSTEMPATH\CodeIgniter.php(482): CodeIgniter\CodeIgniter->runController(Object(App\Controllers\Home))
10 SYSTEMPATH\CodeIgniter.php(351): CodeIgniter\CodeIgniter->handleRequest(null, Object(Config\Cache), false)
11 FCPATH\index.php(67): CodeIgniter\CodeIgniter->run()
12 SYSTEMPATH\Commands\Server\rewrite.php(46): require_once('FCPATH\\index.php')
CRITICAL - 2022-12-26 18:02:08 --> Undefined property: App\Controllers\Kelas::$ModelKelas
in APPPATH\Controllers\Kelas.php on line 23.
 1 APPPATH\Controllers\Kelas.php(23): CodeIgniter\Debug\Exceptions->errorHandler(2, 'Undefined property: App\\Controllers\\Kelas::$ModelKelas', 'APPPATH\\Controllers\\Kelas.php', 23)
 2 SYSTEMPATH\CodeIgniter.php(927): App\Controllers\Kelas->index()
 3 SYSTEMPATH\CodeIgniter.php(482): CodeIgniter\CodeIgniter->runController(Object(App\Controllers\Kelas))
 4 SYSTEMPATH\CodeIgniter.php(351): CodeIgniter\CodeIgniter->handleRequest(null, Object(Config\Cache), false)
 5 FCPATH\index.php(67): CodeIgniter\CodeIgniter->run()
 6 SYSTEMPATH\Commands\Server\rewrite.php(46): require_once('FCPATH\\index.php')
CRITICAL - 2022-12-26 18:02:48 --> Undefined property: App\Controllers\Kelas::$ModelKelas
in APPPATH\Controllers\Kelas.php on line 23.
 1 APPPATH\Controllers\Kelas.php(23): CodeIgniter\Debug\Exceptions->errorHandler(2, 'Undefined property: App\\Controllers\\Kelas::$ModelKelas', 'APPPATH\\Controllers\\Kelas.php', 23)
 2 SYSTEMPATH\CodeIgniter.php(927): App\Controllers\Kelas->index()
 3 SYSTEMPATH\CodeIgniter.php(482): CodeIgniter\CodeIgniter->runController(Object(App\Controllers\Kelas))
 4 SYSTEMPATH\CodeIgniter.php(351): CodeIgniter\CodeIgniter->handleRequest(null, Object(Config\Cache), false)
 5 FCPATH\index.php(67): CodeIgniter\CodeIgniter->run()
 6 SYSTEMPATH\Commands\Server\rewrite.php(46): require_once('FCPATH\\index.php')
CRITICAL - 2022-12-26 18:24:53 --> Undefined property: App\Controllers\Kelas::$ModelJurusan
in APPPATH\Controllers\Kelas.php on line 32.
 1 APPPATH\Controllers\Kelas.php(32): CodeIgniter\Debug\Exceptions->errorHandler(2, 'Undefined property: App\\Controllers\\Kelas::$ModelJurusan', 'APPPATH\\Controllers\\Kelas.php', 32)
 2 SYSTEMPATH\CodeIgniter.php(927): App\Controllers\Kelas->InsertData()
 3 SYSTEMPATH\CodeIgniter.php(482): CodeIgniter\CodeIgniter->runController(Object(App\Controllers\Kelas))
 4 SYSTEMPATH\CodeIgniter.php(351): CodeIgniter\CodeIgniter->handleRequest(null, Object(Config\Cache), false)
 5 FCPATH\index.php(67): CodeIgniter\CodeIgniter->run()
 6 SYSTEMPATH\Commands\Server\rewrite.php(46): require_once('FCPATH\\index.php')
CRITICAL - 2022-12-26 19:07:04 --> Undefined variable $kelas
in APPPATH\Views\v_mapel.php on line 38.
 1 APPPATH\Views\v_mapel.php(38): CodeIgniter\Debug\Exceptions->errorHandler(2, 'Undefined variable $kelas', 'APPPATH\\Views\\v_mapel.php', 38)
 2 SYSTEMPATH\View\View.php(213): include('APPPATH\\Views\\v_mapel.php')
 3 SYSTEMPATH\View\View.php(216): CodeIgniter\View\View->CodeIgniter\View\{closure}()
 4 SYSTEMPATH\Common.php(1134): CodeIgniter\View\View->render('v_mapel', [], true)
 5 APPPATH\Views\template_admin.php(216): view('v_mapel')
 6 SYSTEMPATH\View\View.php(213): include('APPPATH\\Views\\template_admin.php')
 7 SYSTEMPATH\View\View.php(216): CodeIgniter\View\View->CodeIgniter\View\{closure}()
 8 SYSTEMPATH\Common.php(1134): CodeIgniter\View\View->render('template_admin', [], true)
 9 APPPATH\Controllers\Mapel.php(25): view('template_admin', [...])
10 SYSTEMPATH\CodeIgniter.php(927): App\Controllers\Mapel->index()
11 SYSTEMPATH\CodeIgniter.php(482): CodeIgniter\CodeIgniter->runController(Object(App\Controllers\Mapel))
12 SYSTEMPATH\CodeIgniter.php(351): CodeIgniter\CodeIgniter->handleRequest(null, Object(Config\Cache), false)
13 FCPATH\index.php(67): CodeIgniter\CodeIgniter->run()
14 SYSTEMPATH\Commands\Server\rewrite.php(46): require_once('FCPATH\\index.php')
CRITICAL - 2022-12-26 19:07:10 --> Undefined variable $kelas
in APPPATH\Views\v_mapel.php on line 38.
 1 APPPATH\Views\v_mapel.php(38): CodeIgniter\Debug\Exceptions->errorHandler(2, 'Undefined variable $kelas', 'APPPATH\\Views\\v_mapel.php', 38)
 2 SYSTEMPATH\View\View.php(213): include('APPPATH\\Views\\v_mapel.php')
 3 SYSTEMPATH\View\View.php(216): CodeIgniter\View\View->CodeIgniter\View\{closure}()
 4 SYSTEMPATH\Common.php(1134): CodeIgniter\View\View->render('v_mapel', [], true)
 5 APPPATH\Views\template_admin.php(216): view('v_mapel')
 6 SYSTEMPATH\View\View.php(213): include('APPPATH\\Views\\template_admin.php')
 7 SYSTEMPATH\View\View.php(216): CodeIgniter\View\View->CodeIgniter\View\{closure}()
 8 SYSTEMPATH\Common.php(1134): CodeIgniter\View\View->render('template_admin', [], true)
 9 APPPATH\Controllers\Mapel.php(25): view('template_admin', [...])
10 SYSTEMPATH\CodeIgniter.php(927): App\Controllers\Mapel->index()
11 SYSTEMPATH\CodeIgniter.php(482): CodeIgniter\CodeIgniter->runController(Object(App\Controllers\Mapel))
12 SYSTEMPATH\CodeIgniter.php(351): CodeIgniter\CodeIgniter->handleRequest(null, Object(Config\Cache), false)
13 FCPATH\index.php(67): CodeIgniter\CodeIgniter->run()
14 SYSTEMPATH\Commands\Server\rewrite.php(46): require_once('FCPATH\\index.php')
CRITICAL - 2022-12-26 19:07:27 --> Undefined array key "id_kelas"
in APPPATH\Views\v_mapel.php on line 45.
 1 APPPATH\Views\v_mapel.php(45): CodeIgniter\Debug\Exceptions->errorHandler(2, 'Undefined array key "id_kelas"', 'APPPATH\\Views\\v_mapel.php', 45)
 2 SYSTEMPATH\View\View.php(213): include('APPPATH\\Views\\v_mapel.php')
 3 SYSTEMPATH\View\View.php(216): CodeIgniter\View\View->CodeIgniter\View\{closure}()
 4 SYSTEMPATH\Common.php(1134): CodeIgniter\View\View->render('v_mapel', [], true)
 5 APPPATH\Views\template_admin.php(216): view('v_mapel')
 6 SYSTEMPATH\View\View.php(213): include('APPPATH\\Views\\template_admin.php')
 7 SYSTEMPATH\View\View.php(216): CodeIgniter\View\View->CodeIgniter\View\{closure}()
 8 SYSTEMPATH\Common.php(1134): CodeIgniter\View\View->render('template_admin', [], true)
 9 APPPATH\Controllers\Mapel.php(25): view('template_admin', [...])
10 SYSTEMPATH\CodeIgniter.php(927): App\Controllers\Mapel->index()
11 SYSTEMPATH\CodeIgniter.php(482): CodeIgniter\CodeIgniter->runController(Object(App\Controllers\Mapel))
12 SYSTEMPATH\CodeIgniter.php(351): CodeIgniter\CodeIgniter->handleRequest(null, Object(Config\Cache), false)
13 FCPATH\index.php(67): CodeIgniter\CodeIgniter->run()
14 SYSTEMPATH\Commands\Server\rewrite.php(46): require_once('FCPATH\\index.php')
CRITICAL - 2022-12-26 19:08:12 --> Undefined variable $kelas
in APPPATH\Views\v_mapel.php on line 85.
 1 APPPATH\Views\v_mapel.php(85): CodeIgniter\Debug\Exceptions->errorHandler(2, 'Undefined variable $kelas', 'APPPATH\\Views\\v_mapel.php', 85)
 2 SYSTEMPATH\View\View.php(213): include('APPPATH\\Views\\v_mapel.php')
 3 SYSTEMPATH\View\View.php(216): CodeIgniter\View\View->CodeIgniter\View\{closure}()
 4 SYSTEMPATH\Common.php(1134): CodeIgniter\View\View->render('v_mapel', [], true)
 5 APPPATH\Views\template_admin.php(216): view('v_mapel')
 6 SYSTEMPATH\View\View.php(213): include('APPPATH\\Views\\template_admin.php')
 7 SYSTEMPATH\View\View.php(216): CodeIgniter\View\View->CodeIgniter\View\{closure}()
 8 SYSTEMPATH\Common.php(1134): CodeIgniter\View\View->render('template_admin', [], true)
 9 APPPATH\Controllers\Mapel.php(25): view('template_admin', [...])
10 SYSTEMPATH\CodeIgniter.php(927): App\Controllers\Mapel->index()
11 SYSTEMPATH\CodeIgniter.php(482): CodeIgniter\CodeIgniter->runController(Object(App\Controllers\Mapel))
12 SYSTEMPATH\CodeIgniter.php(351): CodeIgniter\CodeIgniter->handleRequest(null, Object(Config\Cache), false)
13 FCPATH\index.php(67): CodeIgniter\CodeIgniter->run()
14 SYSTEMPATH\Commands\Server\rewrite.php(46): require_once('FCPATH\\index.php')
ERROR - 2022-12-26 19:13:47 --> mysqli_sql_exception: Unknown column 'kode' in 'field list' in C:\xampp\htdocs\sias\vendor\codeigniter4\framework\system\Database\MySQLi\Connection.php:292
Stack trace:
#0 C:\xampp\htdocs\sias\vendor\codeigniter4\framework\system\Database\MySQLi\Connection.php(292): mysqli->query('INSERT INTO `tb...', 0)
#1 C:\xampp\htdocs\sias\vendor\codeigniter4\framework\system\Database\BaseConnection.php(666): CodeIgniter\Database\MySQLi\Connection->execute('INSERT INTO `tb...')
#2 C:\xampp\htdocs\sias\vendor\codeigniter4\framework\system\Database\BaseConnection.php(593): CodeIgniter\Database\BaseConnection->simpleQuery('INSERT INTO `tb...')
#3 C:\xampp\htdocs\sias\vendor\codeigniter4\framework\system\Database\BaseBuilder.php(1916): CodeIgniter\Database\BaseConnection->query('INSERT INTO `tb...', Array, false)
#4 C:\xampp\htdocs\sias\app\Models\ModelMapel.php(16): CodeIgniter\Database\BaseBuilder->insert(Array)
#5 C:\xampp\htdocs\sias\app\Controllers\Mapel.php(33): App\Models\ModelMapel->InsertData(Array)
#6 C:\xampp\htdocs\sias\vendor\codeigniter4\framework\system\CodeIgniter.php(927): App\Controllers\Mapel->InsertData()
#7 C:\xampp\htdocs\sias\vendor\codeigniter4\framework\system\CodeIgniter.php(482): CodeIgniter\CodeIgniter->runController(Object(App\Controllers\Mapel))
#8 C:\xampp\htdocs\sias\vendor\codeigniter4\framework\system\CodeIgniter.php(351): CodeIgniter\CodeIgniter->handleRequest(NULL, Object(Config\Cache), false)
#9 C:\xampp\htdocs\sias\public\index.php(67): CodeIgniter\CodeIgniter->run()
#10 C:\xampp\htdocs\sias\vendor\codeigniter4\framework\system\Commands\Server\rewrite.php(46): require_once('C:\\xampp\\htdocs...')
#11 {main}
CRITICAL - 2022-12-26 19:13:47 --> Unknown column 'kode' in 'field list'
in SYSTEMPATH\Database\MySQLi\Connection.php on line 292.
 1 SYSTEMPATH\Database\MySQLi\Connection.php(292): mysqli->query('INSERT INTO `tbl_mapel` (`kode`, `mapel`) VALUES (\'MP10\', \'Kimia\')', 0)
 2 SYSTEMPATH\Database\BaseConnection.php(666): CodeIgniter\Database\MySQLi\Connection->execute('INSERT INTO `tbl_mapel` (`kode`, `mapel`) VALUES (\'MP10\', \'Kimia\')')
 3 SYSTEMPATH\Database\BaseConnection.php(593): CodeIgniter\Database\BaseConnection->simpleQuery('INSERT INTO `tbl_mapel` (`kode`, `mapel`) VALUES (\'MP10\', \'Kimia\')')
 4 SYSTEMPATH\Database\BaseBuilder.php(1916): CodeIgniter\Database\BaseConnection->query('INSERT INTO `tbl_mapel` (`kode`, `mapel`) VALUES (:kode:, :mapel:)', [...], false)
 5 APPPATH\Models\ModelMapel.php(16): CodeIgniter\Database\BaseBuilder->insert([...])
 6 APPPATH\Controllers\Mapel.php(33): App\Models\ModelMapel->InsertData([...])
 7 SYSTEMPATH\CodeIgniter.php(927): App\Controllers\Mapel->InsertData()
 8 SYSTEMPATH\CodeIgniter.php(482): CodeIgniter\CodeIgniter->runController(Object(App\Controllers\Mapel))
 9 SYSTEMPATH\CodeIgniter.php(351): CodeIgniter\CodeIgniter->handleRequest(null, Object(Config\Cache), false)
10 FCPATH\index.php(67): CodeIgniter\CodeIgniter->run()
11 SYSTEMPATH\Commands\Server\rewrite.php(46): require_once('FCPATH\\index.php')
